#
# There is insufficient memory for the Java Runtime Environment to continue.
# Native memory allocation (malloc) failed to allocate 355008 bytes. Error detail: Chunk::new
# Possible reasons:
#   The system is out of physical RAM or swap space
#   This process is running with CompressedOops enabled, and the Java Heap may be blocking the growth of the native heap
# Possible solutions:
#   Reduce memory load on the system
#   Increase physical memory or swap space
#   Check if swap backing store is full
#   Decrease Java heap size (-Xmx/-Xms)
#   Decrease number of Java threads
#   Decrease Java thread stack sizes (-Xss)
#   Set larger code cache with -XX:ReservedCodeCacheSize=
#   JVM is running with Zero Based Compressed Oops mode in which the Java heap is
#     placed in the first 32GB address space. The Java Heap base address is the
#     maximum limit for the native heap growth. Please use -XX:HeapBaseMinAddress
#     to set the Java Heap base and to place the Java Heap above 32GB virtual address.
# This output file may be truncated or incomplete.
#
#  Out of Memory Error (arena.cpp:168), pid=27256, tid=32124
#
# JRE version: OpenJDK Runtime Environment (21.0.8) (build 21.0.8+-14196175-b1038.72)
# Java VM: OpenJDK 64-Bit Server VM (21.0.8+-14196175-b1038.72, mixed mode, tiered, compressed oops, compressed class ptrs, g1 gc, windows-amd64)
# No core dump will be written. Minidumps are not enabled by default on client versions of Windows
#

---------------  S U M M A R Y ------------

Command Line: -ea -XX:+ShowCodeDetailsInExceptionMessages -Dfile.encoding=UTF-8 org.eclipse.jdt.internal.junit.runner.RemoteTestRunner -version 3 -port 59527 -testLoaderClass org.eclipse.jdt.internal.junit6.runner.JUnit6TestLoader -loaderpluginname org.eclipse.jdt.junit6.runtime -testNameFile C:\Users\iratx\AppData\Local\Temp\testNames1102088385395808133.txt

Host: 12th Gen Intel(R) Core(TM) i7-1255U, 12 cores, 15G,  Windows 11 , 64 bit Build 26100 (10.0.26100.8115)
Time: Sun Apr 12 14:39:55 2026 Hora de verano romance elapsed time: 69.328620 seconds (0d 0h 1m 9s)

---------------  T H R E A D  ---------------

Current thread (0x00000221dd54d810):  JavaThread "C2 CompilerThread0" daemon [_thread_in_native, id=32124, stack(0x00000039de700000,0x00000039de800000) (1024K)]


Current CompileTask:
C2:69328 4024       4       org.openqa.selenium.json.JsonInput::readString (106 bytes)

Stack: [0x00000039de700000,0x00000039de800000]
Native frames: (J=compiled Java code, j=interpreted, Vv=VM code, C=native code)
V  [jvm.dll+0x6d68d9]
V  [jvm.dll+0x866693]
V  [jvm.dll+0x868c4e]
V  [jvm.dll+0x869333]
V  [jvm.dll+0x280566]
V  [jvm.dll+0xc07cd]
V  [jvm.dll+0xc0d03]
V  [jvm.dll+0x3b961b]
V  [jvm.dll+0x385507]
V  [jvm.dll+0x38497a]
V  [jvm.dll+0x249252]
V  [jvm.dll+0x248821]
V  [jvm.dll+0x1c73a4]
V  [jvm.dll+0x257f9e]
V  [jvm.dll+0x2564e6]
V  [jvm.dll+0x3f4696]
V  [jvm.dll+0x80eac8]
V  [jvm.dll+0x6d512d]
C  [ucrtbase.dll+0x37b0]
C  [KERNEL32.DLL+0x2e8d7]
C  [ntdll.dll+0x8c3fc]


---------------  P R O C E S S  ---------------

Threads class SMR info:
_java_thread_list=0x00000221e2d97de0, length=21, elements={
0x00000221c0cf2a40, 0x00000221dd5354d0, 0x00000221dd538140, 0x00000221dd5393b0,
0x00000221dd5559f0, 0x00000221dd568c70, 0x00000221dd56a240, 0x00000221dd56b810,
0x00000221dd54d810, 0x00000221dd54ee20, 0x00000221dd8070b0, 0x00000221e27d6ba0,
0x00000221e32e8f80, 0x00000221e45c3dd0, 0x00000221e32e95f0, 0x00000221e32e9c60,
0x00000221e394f200, 0x00000221e394eb70, 0x00000221e3b5a920, 0x00000221e3b5afb0,
0x00000221e3b58850
}

Java Threads: ( => current thread )
  0x00000221c0cf2a40 JavaThread "main"                              [_thread_blocked, id=22580, stack(0x00000039dd800000,0x00000039dd900000) (1024K)]
  0x00000221dd5354d0 JavaThread "Common-Cleaner"             daemon [_thread_blocked, id=32152, stack(0x00000039de000000,0x00000039de100000) (1024K)]
  0x00000221dd538140 JavaThread "Reference Handler"          daemon [_thread_blocked, id=32140, stack(0x00000039de100000,0x00000039de200000) (1024K)]
  0x00000221dd5393b0 JavaThread "Finalizer"                  daemon [_thread_blocked, id=32136, stack(0x00000039de200000,0x00000039de300000) (1024K)]
  0x00000221dd5559f0 JavaThread "Signal Dispatcher"          daemon [_thread_blocked, id=32132, stack(0x00000039de300000,0x00000039de400000) (1024K)]
  0x00000221dd568c70 JavaThread "Attach Listener"            daemon [_thread_blocked, id=32148, stack(0x00000039de400000,0x00000039de500000) (1024K)]
  0x00000221dd56a240 JavaThread "Service Thread"             daemon [_thread_blocked, id=32144, stack(0x00000039de500000,0x00000039de600000) (1024K)]
  0x00000221dd56b810 JavaThread "Monitor Deflation Thread"   daemon [_thread_blocked, id=32100, stack(0x00000039de600000,0x00000039de700000) (1024K)]
=>0x00000221dd54d810 JavaThread "C2 CompilerThread0"         daemon [_thread_in_native, id=32124, stack(0x00000039de700000,0x00000039de800000) (1024K)]
  0x00000221dd54ee20 JavaThread "C1 CompilerThread0"         daemon [_thread_blocked, id=32096, stack(0x00000039de800000,0x00000039de900000) (1024K)]
  0x00000221dd8070b0 JavaThread "Notification Thread"        daemon [_thread_blocked, id=32128, stack(0x00000039de900000,0x00000039dea00000) (1024K)]
  0x00000221e27d6ba0 JavaThread "ReaderThread"                      [_thread_in_native, id=21080, stack(0x00000039deb00000,0x00000039dec00000) (1024K)]
  0x00000221e32e8f80 JavaThread "HttpClient-1-SelectorManager" daemon [_thread_in_native, id=32748, stack(0x00000039df900000,0x00000039dfa00000) (1024K)]
  0x00000221e45c3dd0 JavaThread "External Process Output Forwarder - C:\Users\iratx\.cache\selenium\chromedriver\win64\147.0.7727.56\chromedriver.exe" daemon [_thread_in_native, id=32732, stack(0x00000039dfa00000,0x00000039dfb00000) (1024K)]
  0x00000221e32e95f0 JavaThread "Driver Service Executor"    daemon [_thread_blocked, id=32728, stack(0x00000039dfb00000,0x00000039dfc00000) (1024K)]
  0x00000221e32e9c60 JavaThread "Driver Service Executor"    daemon [_thread_blocked, id=32744, stack(0x00000039dfc00000,0x00000039dfd00000) (1024K)]
  0x00000221e394f200 JavaThread "JdkHttpClient-0-0"          daemon [_thread_blocked, id=10404, stack(0x00000039dfe00000,0x00000039dff00000) (1024K)]
  0x00000221e394eb70 JavaThread "CompletableFutureDelayScheduler" daemon [_thread_blocked, id=21140, stack(0x00000039dff00000,0x00000039e0000000) (1024K)]
  0x00000221e3b5a920 JavaThread "JdkHttpClient-0-1"          daemon [_thread_blocked, id=31896, stack(0x00000039e0000000,0x00000039e0100000) (1024K)]
  0x00000221e3b5afb0 JavaThread "JdkHttpClient-0-3"          daemon [_thread_blocked, id=32268, stack(0x00000039e0200000,0x00000039e0300000) (1024K)]
  0x00000221e3b58850 JavaThread "HttpClient-2-SelectorManager" daemon [_thread_in_native, id=33032, stack(0x00000039e0300000,0x00000039e0400000) (1024K)]
Total: 21

Other Threads:
  0x00000221dd4a1400 VMThread "VM Thread"                           [id=32156, stack(0x00000039ddf00000,0x00000039de000000) (1024K)]
  0x00000221dcec9b70 WatcherThread "VM Periodic Task Thread"        [id=32108, stack(0x00000039dde00000,0x00000039ddf00000) (1024K)]
  0x00000221c31fd150 WorkerThread "GC Thread#0"                     [id=29268, stack(0x00000039dd900000,0x00000039dda00000) (1024K)]
  0x00000221e229cc00 WorkerThread "GC Thread#1"                     [id=29364, stack(0x00000039ded00000,0x00000039dee00000) (1024K)]
  0x00000221e30485a0 WorkerThread "GC Thread#2"                     [id=24408, stack(0x00000039dee00000,0x00000039def00000) (1024K)]
  0x00000221e3048940 WorkerThread "GC Thread#3"                     [id=32064, stack(0x00000039def00000,0x00000039df000000) (1024K)]
  0x00000221e3049300 WorkerThread "GC Thread#4"                     [id=7096, stack(0x00000039df000000,0x00000039df100000) (1024K)]
  0x00000221e30496a0 WorkerThread "GC Thread#5"                     [id=32056, stack(0x00000039df100000,0x00000039df200000) (1024K)]
  0x00000221e3dcda80 WorkerThread "GC Thread#6"                     [id=14252, stack(0x00000039df200000,0x00000039df300000) (1024K)]
  0x00000221e3def1d0 WorkerThread "GC Thread#7"                     [id=32364, stack(0x00000039df300000,0x00000039df400000) (1024K)]
  0x00000221e3def570 WorkerThread "GC Thread#8"                     [id=24976, stack(0x00000039df400000,0x00000039df500000) (1024K)]
  0x00000221e3cd5010 WorkerThread "GC Thread#9"                     [id=32672, stack(0x00000039df600000,0x00000039df700000) (1024K)]
  0x00000221c320ead0 ConcurrentGCThread "G1 Main Marker"            [id=30004, stack(0x00000039dda00000,0x00000039ddb00000) (1024K)]
  0x00000221c3210c90 WorkerThread "G1 Conc#0"                       [id=31728, stack(0x00000039ddb00000,0x00000039ddc00000) (1024K)]
  0x00000221e3cd4530 WorkerThread "G1 Conc#1"                       [id=32656, stack(0x00000039df700000,0x00000039df800000) (1024K)]
  0x00000221e3cd48d0 WorkerThread "G1 Conc#2"                       [id=32668, stack(0x00000039df800000,0x00000039df900000) (1024K)]
  0x00000221dcd98440 ConcurrentGCThread "G1 Refine#0"               [id=32116, stack(0x00000039ddc00000,0x00000039ddd00000) (1024K)]
  0x00000221dcd98c60 ConcurrentGCThread "G1 Service"                [id=32112, stack(0x00000039ddd00000,0x00000039dde00000) (1024K)]
Total: 18

Threads with active compile tasks:
C2 CompilerThread0  69389 4024       4       org.openqa.selenium.json.JsonInput::readString (106 bytes)
Total: 1

VM state: not at safepoint (normal execution)

VM Mutex/Monitor currently owned by a thread: None

Heap address: 0x0000000704800000, size: 4024 MB, Compressed Oops mode: Zero based, Oop shift amount: 3

CDS archive(s) not mapped
Compressed class space mapped at: 0x0000000800000000-0x0000000840000000, reserved size: 1073741824
Narrow klass base: 0x0000000800000000, Narrow klass shift: 0, Narrow klass range: 0x40000000

GC Precious Log:
 CardTable entry size: 512
 Card Set container configuration: InlinePtr #cards 4 size 8 Array Of Cards #cards 16 size 48 Howl #buckets 8 coarsen threshold 3686 Howl Bitmap #cards 512 size 80 coarsen threshold 460 Card regions per heap region 1 cards per card region 4096
 CPUs: 12 total, 12 available
 Memory: 16095M
 Large Page Support: Disabled
 NUMA Support: Disabled
 Compressed Oops: Enabled (Zero based)
 Heap Region Size: 2M
 Heap Min Capacity: 8M
 Heap Initial Capacity: 252M
 Heap Max Capacity: 4024M
 Pre-touch: Disabled
 Parallel Workers: 10
 Concurrent Workers: 3
 Concurrent Refinement Workers: 10
 Periodic GC: Disabled

Heap:
 garbage-first heap   total 67584K, used 27064K [0x0000000704800000, 0x0000000800000000)
  region size 2048K, 8 young (16384K), 2 survivors (4096K)
 Metaspace       used 29198K, committed 29504K, reserved 1114112K
  class space    used 3580K, committed 3712K, reserved 1048576K

Heap Regions: E=young(eden), S=young(survivor), O=old, HS=humongous(starts), HC=humongous(continues), CS=collection set, F=free, TAMS=top-at-mark-start, PB=parsable bottom
|   0|0x0000000704800000, 0x0000000704800000, 0x0000000704a00000|  0%| F|  |TAMS 0x0000000704800000| PB 0x0000000704800000| Untracked 
|   1|0x0000000704a00000, 0x0000000704c00000, 0x0000000704c00000|100%| O|  |TAMS 0x0000000704a00000| PB 0x0000000704a00000| Untracked 
|   2|0x0000000704c00000, 0x0000000704e00000, 0x0000000704e00000|100%| O|  |TAMS 0x0000000704c00000| PB 0x0000000704c00000| Untracked 
|   3|0x0000000704e00000, 0x0000000705000000, 0x0000000705000000|100%| O|  |TAMS 0x0000000704e00000| PB 0x0000000704e00000| Untracked 
|   4|0x0000000705000000, 0x0000000705200000, 0x0000000705200000|100%| O|  |TAMS 0x0000000705000000| PB 0x0000000705000000| Untracked 
|   5|0x0000000705200000, 0x0000000705386760, 0x0000000705400000| 76%| O|  |TAMS 0x0000000705200000| PB 0x0000000705200000| Untracked 
|   6|0x0000000705400000, 0x0000000705600000, 0x0000000705600000|100%| O|  |TAMS 0x0000000705400000| PB 0x0000000705400000| Untracked 
|   7|0x0000000705600000, 0x0000000705800000, 0x0000000705800000|100%| O|  |TAMS 0x0000000705600000| PB 0x0000000705600000| Untracked 
|   8|0x0000000705800000, 0x0000000705874400, 0x0000000705a00000| 22%| O|  |TAMS 0x0000000705800000| PB 0x0000000705800000| Untracked 
|   9|0x0000000705a00000, 0x0000000705a00000, 0x0000000705c00000|  0%| F|  |TAMS 0x0000000705a00000| PB 0x0000000705a00000| Untracked 
|  10|0x0000000705c00000, 0x0000000705c00000, 0x0000000705e00000|  0%| F|  |TAMS 0x0000000705c00000| PB 0x0000000705c00000| Untracked 
|  11|0x0000000705e00000, 0x0000000705e00000, 0x0000000706000000|  0%| F|  |TAMS 0x0000000705e00000| PB 0x0000000705e00000| Untracked 
|  12|0x0000000706000000, 0x0000000706000000, 0x0000000706200000|  0%| F|  |TAMS 0x0000000706000000| PB 0x0000000706000000| Untracked 
|  13|0x0000000706200000, 0x0000000706200000, 0x0000000706400000|  0%| F|  |TAMS 0x0000000706200000| PB 0x0000000706200000| Untracked 
|  14|0x0000000706400000, 0x0000000706473550, 0x0000000706600000| 22%| S|CS|TAMS 0x0000000706400000| PB 0x0000000706400000| Complete 
|  15|0x0000000706600000, 0x0000000706800000, 0x0000000706800000|100%| S|CS|TAMS 0x0000000706600000| PB 0x0000000706600000| Complete 
|  16|0x0000000706800000, 0x0000000706800000, 0x0000000706a00000|  0%| F|  |TAMS 0x0000000706800000| PB 0x0000000706800000| Untracked 
|  17|0x0000000706a00000, 0x0000000706a00000, 0x0000000706c00000|  0%| F|  |TAMS 0x0000000706a00000| PB 0x0000000706a00000| Untracked 
|  18|0x0000000706c00000, 0x0000000706c00000, 0x0000000706e00000|  0%| F|  |TAMS 0x0000000706c00000| PB 0x0000000706c00000| Untracked 
|  19|0x0000000706e00000, 0x0000000706e00000, 0x0000000707000000|  0%| F|  |TAMS 0x0000000706e00000| PB 0x0000000706e00000| Untracked 
|  20|0x0000000707000000, 0x0000000707000000, 0x0000000707200000|  0%| F|  |TAMS 0x0000000707000000| PB 0x0000000707000000| Untracked 
|  21|0x0000000707200000, 0x0000000707200000, 0x0000000707400000|  0%| F|  |TAMS 0x0000000707200000| PB 0x0000000707200000| Untracked 
|  22|0x0000000707400000, 0x0000000707400000, 0x0000000707600000|  0%| F|  |TAMS 0x0000000707400000| PB 0x0000000707400000| Untracked 
|  23|0x0000000707600000, 0x0000000707600000, 0x0000000707800000|  0%| F|  |TAMS 0x0000000707600000| PB 0x0000000707600000| Untracked 
|  24|0x0000000707800000, 0x0000000707800000, 0x0000000707a00000|  0%| F|  |TAMS 0x0000000707800000| PB 0x0000000707800000| Untracked 
|  25|0x0000000707a00000, 0x0000000707a00000, 0x0000000707c00000|  0%| F|  |TAMS 0x0000000707a00000| PB 0x0000000707a00000| Untracked 
|  26|0x0000000707c00000, 0x0000000707c00000, 0x0000000707e00000|  0%| F|  |TAMS 0x0000000707c00000| PB 0x0000000707c00000| Untracked 
|  27|0x0000000707e00000, 0x0000000707f7d598, 0x0000000708000000| 74%| E|  |TAMS 0x0000000707e00000| PB 0x0000000707e00000| Complete 
|  28|0x0000000708000000, 0x0000000708200000, 0x0000000708200000|100%| E|CS|TAMS 0x0000000708000000| PB 0x0000000708000000| Complete 
| 117|0x0000000713200000, 0x0000000713400000, 0x0000000713400000|100%| E|CS|TAMS 0x0000000713200000| PB 0x0000000713200000| Complete 
| 118|0x0000000713400000, 0x0000000713600000, 0x0000000713600000|100%| E|CS|TAMS 0x0000000713400000| PB 0x0000000713400000| Complete 
| 119|0x0000000713600000, 0x0000000713800000, 0x0000000713800000|100%| E|CS|TAMS 0x0000000713600000| PB 0x0000000713600000| Complete 
| 125|0x0000000714200000, 0x0000000714400000, 0x0000000714400000|100%| E|CS|TAMS 0x0000000714200000| PB 0x0000000714200000| Complete 

Card table byte_map: [0x00000221d5ff0000,0x00000221d67d0000] _byte_map_base: 0x00000221d27cc000

Marking Bits: (CMBitMap*) 0x00000221c31fd760
 Bits: [0x00000221d67d0000, 0x00000221da6b0000)

Polling page: 0x00000221c0f00000

Metaspace:

Usage:
  Non-class:     25.02 MB used.
      Class:      3.50 MB used.
       Both:     28.51 MB used.

Virtual space:
  Non-class space:       64.00 MB reserved,      25.19 MB ( 39%) committed,  1 nodes.
      Class space:        1.00 GB reserved,       3.62 MB ( <1%) committed,  1 nodes.
             Both:        1.06 GB reserved,      28.81 MB (  3%) committed. 

Chunk freelists:
   Non-Class:  6.38 MB
       Class:  12.19 MB
        Both:  18.56 MB

MaxMetaspaceSize: unlimited
CompressedClassSpaceSize: 1.00 GB
Initial GC threshold: 21.00 MB
Current GC threshold: 35.12 MB
CDS: off
 - commit_granule_bytes: 65536.
 - commit_granule_words: 8192.
 - virtual_space_node_default_size: 8388608.
 - enlarge_chunks_in_place: 1.
 - use_allocation_guard: 0.


Internal statistics:

num_allocs_failed_limit: 3.
num_arena_births: 418.
num_arena_deaths: 0.
num_vsnodes_births: 2.
num_vsnodes_deaths: 0.
num_space_committed: 461.
num_space_uncommitted: 0.
num_chunks_returned_to_freelist: 3.
num_chunks_taken_from_freelist: 1013.
num_chunk_merges: 0.
num_chunk_splits: 590.
num_chunks_enlarged: 361.
num_inconsistent_stats: 0.

CodeHeap 'non-profiled nmethods': size=120000Kb used=1581Kb max_used=1581Kb free=118418Kb
 bounds [0x00000221cdd90000, 0x00000221ce000000, 0x00000221d52c0000]
CodeHeap 'profiled nmethods': size=120000Kb used=8183Kb max_used=8183Kb free=111816Kb
 bounds [0x00000221c62c0000, 0x00000221c6ac0000, 0x00000221cd7f0000]
CodeHeap 'non-nmethods': size=5760Kb used=1463Kb max_used=1491Kb free=4296Kb
 bounds [0x00000221cd7f0000, 0x00000221cda60000, 0x00000221cdd90000]
CodeCache: size=245760Kb, used=11227Kb, max_used=11255Kb, free=234530Kb
 total_blobs=4581, nmethods=4024, adapters=460, full_count=0
Compilation: enabled, stopped_count=0, restarted_count=0

Compilation events (20 events):
Event: 66.159 Thread 0x00000221dd54d810 nmethod 4015 0x00000221cdf18990 code [0x00000221cdf18b80, 0x00000221cdf18fb8]
Event: 66.165 Thread 0x00000221dd54d810 4016       4       java.time.Instant::create (49 bytes)
Event: 66.166 Thread 0x00000221dd54d810 nmethod 4016 0x00000221cdf19310 code [0x00000221cdf194a0, 0x00000221cdf19620]
Event: 66.798 Thread 0x00000221dd54d810 4017       4       java.util.HashMap::containsKey (14 bytes)
Event: 66.803 Thread 0x00000221dd54d810 nmethod 4017 0x00000221cdf19710 code [0x00000221cdf198c0, 0x00000221cdf19ba0]
Event: 66.803 Thread 0x00000221dd54d810 4018       4       java.util.TreeMap$PrivateEntryIterator::nextEntry (54 bytes)
Event: 66.809 Thread 0x00000221dd54d810 nmethod 4018 0x00000221cdf19e10 code [0x00000221cdf19fa0, 0x00000221cdf1a308]
Event: 66.825 Thread 0x00000221dd54d810 4019       4       java.util.ArrayList::grow (60 bytes)
Event: 66.826 Thread 0x00000221dd54ee20 4020       3       java.lang.invoke.LambdaForm$MH/0x00000008002dcc00::linkToTargetMethod (11 bytes)
Event: 66.827 Thread 0x00000221dd54ee20 nmethod 4020 0x00000221c6ab4b10 code [0x00000221c6ab4ce0, 0x00000221c6ab5028]
Event: 66.827 Thread 0x00000221dd54ee20 4021       3       java.lang.invoke.LambdaForm$DMH/0x00000008002dc400::newInvokeSpecial (28 bytes)
Event: 66.827 Thread 0x00000221dd54ee20 nmethod 4021 0x00000221c6ab5110 code [0x00000221c6ab5300, 0x00000221c6ab5920]
Event: 66.834 Thread 0x00000221dd54d810 nmethod 4019 0x00000221cdf1a490 code [0x00000221cdf1a640, 0x00000221cdf1acf0]
Event: 69.197 Thread 0x00000221dd54ee20 4022       3       java.util.concurrent.ConcurrentSkipListMap::addIndices (211 bytes)
Event: 69.197 Thread 0x00000221dd54d810 4023       4       java.util.concurrent.CompletableFuture::complete (12 bytes)
Event: 69.201 Thread 0x00000221dd54ee20 nmethod 4022 0x00000221c6ab5b10 code [0x00000221c6ab5f60, 0x00000221c6ab8108]
Event: 69.206 Thread 0x00000221dd54d810 nmethod 4023 0x00000221cdf1ae90 code [0x00000221cdf1b020, 0x00000221cdf1b3a0]
Event: 69.295 Thread 0x00000221dd54d810 4024       4       org.openqa.selenium.json.JsonInput::readString (106 bytes)
Event: 69.296 Thread 0x00000221dd54ee20 4025       3       org.openqa.selenium.SharedCapabilitiesMethods::abbreviate (274 bytes)
Event: 69.299 Thread 0x00000221dd54ee20 nmethod 4025 0x00000221c6ab8c90 code [0x00000221c6ab9340, 0x00000221c6abcbd8]

GC Heap History (10 events):
Event: 1.492 GC heap before
{Heap before GC invocations=0 (full 0):
 garbage-first heap   total 258048K, used 20480K [0x0000000704800000, 0x0000000800000000)
  region size 2048K, 11 young (22528K), 0 survivors (0K)
 Metaspace       used 11101K, committed 11264K, reserved 1114112K
  class space    used 1092K, committed 1216K, reserved 1048576K
}
Event: 1.502 GC heap after
{Heap after GC invocations=1 (full 0):
 garbage-first heap   total 258048K, used 11804K [0x0000000704800000, 0x0000000800000000)
  region size 2048K, 2 young (4096K), 2 survivors (4096K)
 Metaspace       used 11101K, committed 11264K, reserved 1114112K
  class space    used 1092K, committed 1216K, reserved 1048576K
}
Event: 2.789 GC heap before
{Heap before GC invocations=1 (full 0):
 garbage-first heap   total 258048K, used 30236K [0x0000000704800000, 0x0000000800000000)
  region size 2048K, 11 young (22528K), 2 survivors (4096K)
 Metaspace       used 16261K, committed 16576K, reserved 1114112K
  class space    used 1904K, committed 2048K, reserved 1048576K
}
Event: 2.797 GC heap after
{Heap after GC invocations=2 (full 0):
 garbage-first heap   total 258048K, used 13640K [0x0000000704800000, 0x0000000800000000)
  region size 2048K, 1 young (2048K), 1 survivors (2048K)
 Metaspace       used 16261K, committed 16576K, reserved 1114112K
  class space    used 1904K, committed 2048K, reserved 1048576K
}
Event: 4.008 GC heap before
{Heap before GC invocations=2 (full 0):
 garbage-first heap   total 258048K, used 21832K [0x0000000704800000, 0x0000000800000000)
  region size 2048K, 7 young (14336K), 1 survivors (2048K)
 Metaspace       used 21154K, committed 21504K, reserved 1114112K
  class space    used 2501K, committed 2688K, reserved 1048576K
}
Event: 4.014 GC heap after
{Heap after GC invocations=3 (full 0):
 garbage-first heap   total 258048K, used 16547K [0x0000000704800000, 0x0000000800000000)
  region size 2048K, 3 young (6144K), 3 survivors (6144K)
 Metaspace       used 21154K, committed 21504K, reserved 1114112K
  class space    used 2501K, committed 2688K, reserved 1048576K
}
Event: 31.920 GC heap before
{Heap before GC invocations=4 (full 0):
 garbage-first heap   total 61440K, used 59555K [0x0000000704800000, 0x0000000800000000)
  region size 2048K, 24 young (49152K), 3 survivors (6144K)
 Metaspace       used 28623K, committed 28992K, reserved 1114112K
  class space    used 3555K, committed 3712K, reserved 1048576K
}
Event: 31.928 GC heap after
{Heap after GC invocations=5 (full 0):
 garbage-first heap   total 67584K, used 17515K [0x0000000704800000, 0x0000000800000000)
  region size 2048K, 3 young (6144K), 3 survivors (6144K)
 Metaspace       used 28623K, committed 28992K, reserved 1114112K
  class space    used 3555K, committed 3712K, reserved 1048576K
}
Event: 57.362 GC heap before
{Heap before GC invocations=5 (full 0):
 garbage-first heap   total 67584K, used 46187K [0x0000000704800000, 0x0000000800000000)
  region size 2048K, 17 young (34816K), 3 survivors (6144K)
 Metaspace       used 29159K, committed 29504K, reserved 1114112K
  class space    used 3578K, committed 3712K, reserved 1048576K
}
Event: 57.369 GC heap after
{Heap after GC invocations=6 (full 0):
 garbage-first heap   total 67584K, used 16824K [0x0000000704800000, 0x0000000800000000)
  region size 2048K, 2 young (4096K), 2 survivors (4096K)
 Metaspace       used 29159K, committed 29504K, reserved 1114112K
  class space    used 3578K, committed 3712K, reserved 1048576K
}

Dll operation events (2 events):
Event: 0.019 Loaded shared library C:\Program Files\Android\Android Studio\jbr\bin\java.dll
Event: 0.031 Loaded shared library C:\Program Files\Android\Android Studio\jbr\bin\zip.dll

Deoptimization events (20 events):
Event: 7.380 Thread 0x00000221c0cf2a40 Uncommon trap: trap_request=0xffffffde fr.pc=0x00000221cdde4afc relative=0x00000000000002bc
Event: 7.380 Thread 0x00000221c0cf2a40 Uncommon trap: reason=class_check action=maybe_recompile pc=0x00000221cdde4afc method=java.io.DataInputStream.readFully([BII)V @ 30 c2
Event: 7.380 Thread 0x00000221c0cf2a40 DEOPT PACKING pc=0x00000221cdde4afc sp=0x00000039dd8fb4a0
Event: 7.380 Thread 0x00000221c0cf2a40 DEOPT UNPACKING pc=0x00000221cd8446a2 sp=0x00000039dd8fb478 mode 2
Event: 7.410 Thread 0x00000221c0cf2a40 Uncommon trap: trap_request=0xffffff45 fr.pc=0x00000221cdea8fe8 relative=0x0000000000000308
Event: 7.410 Thread 0x00000221c0cf2a40 Uncommon trap: reason=unstable_if action=reinterpret pc=0x00000221cdea8fe8 method=jdk.internal.jimage.ImageStringsReader.stringFromByteBufferMatches(Ljava/nio/ByteBuffer;ILjava/lang/String;I)I @ 48 c2
Event: 7.410 Thread 0x00000221c0cf2a40 DEOPT PACKING pc=0x00000221cdea8fe8 sp=0x00000039dd8fac20
Event: 7.410 Thread 0x00000221c0cf2a40 DEOPT UNPACKING pc=0x00000221cd8446a2 sp=0x00000039dd8fab98 mode 2
Event: 7.466 Thread 0x00000221c0cf2a40 Uncommon trap: trap_request=0xffffff45 fr.pc=0x00000221cddd7680 relative=0x0000000000000240
Event: 7.466 Thread 0x00000221c0cf2a40 Uncommon trap: reason=unstable_if action=reinterpret pc=0x00000221cddd7680 method=jdk.internal.util.ArraysSupport.mismatch([BI[BII)I @ 55 c2
Event: 7.466 Thread 0x00000221c0cf2a40 DEOPT PACKING pc=0x00000221cddd7680 sp=0x00000039dd8f6e70
Event: 7.466 Thread 0x00000221c0cf2a40 DEOPT UNPACKING pc=0x00000221cd8446a2 sp=0x00000039dd8f6d10 mode 2
Event: 7.648 Thread 0x00000221c0cf2a40 DEOPT PACKING pc=0x00000221c631ac1b sp=0x00000039dd8fbb00
Event: 7.648 Thread 0x00000221c0cf2a40 DEOPT UNPACKING pc=0x00000221cd844e42 sp=0x00000039dd8fafc0 mode 0
Event: 19.861 Thread 0x00000221c0cf2a40 Uncommon trap: trap_request=0xffffffc6 fr.pc=0x00000221cde95bc4 relative=0x0000000000000464
Event: 19.861 Thread 0x00000221c0cf2a40 Uncommon trap: reason=bimorphic_or_optimized_type_check action=maybe_recompile pc=0x00000221cde95bc4 method=java.util.regex.Matcher.search(I)Z @ 121 c2
Event: 19.861 Thread 0x00000221c0cf2a40 DEOPT PACKING pc=0x00000221cde95bc4 sp=0x00000039dd8fc7b0
Event: 19.861 Thread 0x00000221c0cf2a40 DEOPT UNPACKING pc=0x00000221cd8446a2 sp=0x00000039dd8fc740 mode 2
Event: 23.442 Thread 0x00000221c0cf2a40 DEOPT PACKING pc=0x00000221c6813e0b sp=0x00000039dd8fba70
Event: 23.442 Thread 0x00000221c0cf2a40 DEOPT UNPACKING pc=0x00000221cd844e42 sp=0x00000039dd8faf20 mode 0

Classes loaded (20 events):
Event: 7.511 Loading class java/text/DateFormatSymbols
Event: 7.512 Loading class java/text/DateFormatSymbols done
Event: 7.512 Loading class java/text/spi/DateFormatSymbolsProvider
Event: 7.512 Loading class java/text/spi/DateFormatSymbolsProvider done
Event: 7.513 Loading class sun/util/locale/provider/DateFormatSymbolsProviderImpl
Event: 7.513 Loading class sun/util/locale/provider/DateFormatSymbolsProviderImpl done
Event: 7.514 Loading class java/time/LocalTime$1
Event: 7.514 Loading class java/time/LocalTime$1 done
Event: 7.654 Loading class java/util/TreeMap$EntrySpliterator
Event: 7.654 Loading class java/util/TreeMap$EntrySpliterator done
Event: 7.657 Loading class java/util/stream/SortedOps$SizedRefSortingSink
Event: 7.657 Loading class java/util/stream/SortedOps$SizedRefSortingSink done
Event: 12.920 Loading class java/time/Clock$SystemClock
Event: 12.920 Loading class java/time/Clock$SystemClock done
Event: 29.290 Loading class java/time/OffsetDateTime
Event: 29.291 Loading class java/time/OffsetDateTime done
Event: 64.603 Loading class java/util/IdentityHashMap$KeyIterator
Event: 64.603 Loading class java/util/IdentityHashMap$IdentityHashMapIterator
Event: 64.604 Loading class java/util/IdentityHashMap$IdentityHashMapIterator done
Event: 64.604 Loading class java/util/IdentityHashMap$KeyIterator done

Classes unloaded (0 events):
No events

Classes redefined (0 events):
No events

Internal exceptions (20 events):
Event: 3.514 Thread 0x00000221c0cf2a40 Exception <a 'java/lang/NoSuchMethodError'{0x0000000713ec3bc8}: 'java.lang.Object java.lang.invoke.DelegatingMethodHandle$Holder.delegate(java.lang.Object, int, java.lang.Object, java.lang.Object)'> (0x0000000713ec3bc8) 
thrown [s\src\hotspot\share\interpreter\linkResolver.cpp, line 784]
Event: 3.520 Thread 0x00000221c0cf2a40 Exception <a 'java/lang/NoSuchMethodError'{0x0000000713ed3858}: 'int java.lang.invoke.Invokers$Holder.linkToTargetMethod(java.lang.Object, java.lang.Object, java.lang.Object)'> (0x0000000713ed3858) 
thrown [s\src\hotspot\share\interpreter\linkResolver.cpp, line 784]
Event: 3.528 Thread 0x00000221c0cf2a40 Exception <a 'java/lang/NoSuchMethodError'{0x0000000713f02940}: 'long java.lang.invoke.DirectMethodHandle$Holder.invokeSpecial(java.lang.Object, java.lang.Object)'> (0x0000000713f02940) 
thrown [s\src\hotspot\share\interpreter\linkResolver.cpp, line 784]
Event: 3.744 Thread 0x00000221c0cf2a40 Exception <a 'sun/nio/fs/WindowsException'{0x0000000713c9dde0}> (0x0000000713c9dde0) 
thrown [s\src\hotspot\share\prims\jni.cpp, line 537]
Event: 4.149 Thread 0x00000221c0cf2a40 Exception <a 'java/lang/NoSuchMethodError'{0x0000000707a934e0}: 'java.lang.Object java.lang.invoke.DirectMethodHandle$Holder.invokeStaticInit(java.lang.Object, java.lang.Object, int, int, int, int)'> (0x0000000707a934e0) 
thrown [s\src\hotspot\share\interpreter\linkResolver.cpp, line 784]
Event: 4.359 Thread 0x00000221c0cf2a40 Exception <a 'java/lang/IncompatibleClassChangeError'{0x0000000707853868}: Found class java.lang.Object, but interface was expected> (0x0000000707853868) 
thrown [s\src\hotspot\share\interpreter\linkResolver.cpp, line 851]
Event: 4.378 Thread 0x00000221c0cf2a40 Exception <a 'java/lang/NoSuchMethodError'{0x0000000707875470}: 'java.lang.Object java.lang.invoke.DirectMethodHandle$Holder.invokeVirtual(java.lang.Object, java.lang.Object, java.lang.Object, java.lang.Object)'> (0x0000000707875470) 
thrown [s\src\hotspot\share\interpreter\linkResolver.cpp, line 784]
Event: 4.464 Thread 0x00000221e32ea2d0 Exception <a 'java/net/ConnectException'{0x000000070760a1d8}: Connection refused: getsockopt> (0x000000070760a1d8) 
thrown [s\src\hotspot\share\prims\jni.cpp, line 572]
Event: 4.483 Thread 0x00000221e32ea2d0 Exception <a 'java/net/ConnectException'{0x000000070760b328}: Connection refused: getsockopt> (0x000000070760b328) 
thrown [s\src\hotspot\share\prims\jni.cpp, line 572]
Event: 4.525 Thread 0x00000221e32ea2d0 Exception <a 'java/net/ConnectException'{0x000000070760c270}: Connection refused: getsockopt> (0x000000070760c270) 
thrown [s\src\hotspot\share\prims\jni.cpp, line 572]
Event: 4.715 Thread 0x00000221c0cf2a40 Exception <a 'java/lang/NoSuchMethodError'{0x0000000707706988}: 'java.lang.Object java.lang.invoke.DirectMethodHandle$Holder.newInvokeSpecial(java.lang.Object, java.lang.Object, int, int)'> (0x0000000707706988) 
thrown [s\src\hotspot\share\interpreter\linkResolver.cpp, line 784]
Event: 4.718 Thread 0x00000221c0cf2a40 Exception <a 'java/lang/NoSuchMethodError'{0x0000000707711228}: 'void java.lang.invoke.DirectMethodHandle$Holder.invokeStatic(java.lang.Object, java.lang.Object, int)'> (0x0000000707711228) 
thrown [s\src\hotspot\share\interpreter\linkResolver.cpp, line 784]
Event: 4.981 Thread 0x00000221e394f200 Exception <a 'java/lang/NoSuchMethodError'{0x000000070720ea80}: 'java.lang.Object java.lang.invoke.DirectMethodHandle$Holder.invokeSpecial(java.lang.Object, java.lang.Object, java.lang.Object, java.lang.Object, int)'> (0x000000070720ea80) 
thrown [s\src\hotspot\share\interpreter\linkResolver.cpp, line 784]
Event: 4.991 Thread 0x00000221e394f200 Exception <a 'java/lang/NoSuchMethodError'{0x00000007072123d8}: 'java.lang.Object java.lang.invoke.Invokers$Holder.linkToTargetMethod(java.lang.Object, java.lang.Object, int, java.lang.Object)'> (0x00000007072123d8) 
thrown [s\src\hotspot\share\interpreter\linkResolver.cpp, line 784]
Event: 5.124 Thread 0x00000221e32e8f80 Exception <a 'java/lang/NoSuchMethodError'{0x0000000707bed560}: 'int java.lang.invoke.DirectMethodHandle$Holder.invokeStatic(java.lang.Object, int, java.lang.Object)'> (0x0000000707bed560) 
thrown [s\src\hotspot\share\interpreter\linkResolver.cpp, line 784]
Event: 6.925 Thread 0x00000221e3b5a920 Exception <a 'java/lang/NoSuchMethodError'{0x00000007071ceb88}: 'void java.lang.invoke.DirectMethodHandle$Holder.invokeSpecial(java.lang.Object, java.lang.Object, java.lang.Object, java.lang.Object, java.lang.Object, java.lang.Object, java.lang.Object)'> (0x00000007071ceb88) 
thrown [s\src\hotspot\share\interpreter\linkResolver.cpp, line 784]
Event: 6.958 Thread 0x00000221c0cf2a40 Exception <a 'java/lang/NoSuchMethodError'{0x00000007077f7540}: 'java.lang.Object java.lang.invoke.DirectMethodHandle$Holder.invokeSpecialIFC(java.lang.Object, java.lang.Object, java.lang.Object)'> (0x00000007077f7540) 
thrown [s\src\hotspot\share\interpreter\linkResolver.cpp, line 784]
Event: 7.499 Thread 0x00000221c0cf2a40 Exception <a 'java/lang/ClassNotFoundException'{0x00000007069213f8}: sun/util/logging/resources/spi/loggingProvider> (0x00000007069213f8) 
thrown [s\src\hotspot\share\classfile\systemDictionary.cpp, line 312]
Event: 7.607 Thread 0x00000221c0cf2a40 Exception <a 'java/lang/IncompatibleClassChangeError'{0x00000007069a0d40}: Found class java.lang.Object, but interface was expected> (0x00000007069a0d40) 
thrown [s\src\hotspot\share\interpreter\linkResolver.cpp, line 851]
Event: 29.285 Thread 0x00000221c0cf2a40 Exception <a 'java/lang/IncompatibleClassChangeError'{0x000000070579d4a8}: Found class java.lang.Object, but interface was expected> (0x000000070579d4a8) 
thrown [s\src\hotspot\share\interpreter\linkResolver.cpp, line 851]

ZGC Phase Switch (0 events):
No events

VM Operations (20 events):
Event: 60.200 Executing VM operation: HandshakeAllThreads (HandshakeForDeflation)
Event: 60.200 Executing VM operation: HandshakeAllThreads (HandshakeForDeflation) done
Event: 60.201 Executing VM operation: RendezvousGCThreads
Event: 60.201 Executing VM operation: RendezvousGCThreads done
Event: 61.206 Executing VM operation: Cleanup
Event: 61.206 Executing VM operation: Cleanup done
Event: 62.217 Executing VM operation: Cleanup
Event: 62.217 Executing VM operation: Cleanup done
Event: 63.219 Executing VM operation: Cleanup
Event: 63.219 Executing VM operation: Cleanup done
Event: 64.231 Executing VM operation: Cleanup
Event: 64.231 Executing VM operation: Cleanup done
Event: 65.231 Executing VM operation: Cleanup
Event: 65.231 Executing VM operation: Cleanup done
Event: 66.231 Executing VM operation: Cleanup
Event: 66.231 Executing VM operation: Cleanup done
Event: 67.236 Executing VM operation: Cleanup
Event: 67.236 Executing VM operation: Cleanup done
Event: 69.266 Executing VM operation: Cleanup
Event: 69.266 Executing VM operation: Cleanup done

Memory protections (0 events):
No events

Nmethod flushes (0 events):
No events

Events (20 events):
Event: 4.799 Thread 0x00000221c0cf2a40 Thread added: 0x00000221e394f200
Event: 4.822 Thread 0x00000221c0cf2a40 Thread added: 0x00000221e394eb70
Event: 5.135 Thread 0x00000221e32e8f80 Thread added: 0x00000221e3b5a920
Event: 5.143 Thread 0x00000221e32e8f80 Thread added: 0x00000221e3b5a290
Event: 5.144 Thread 0x00000221e32e8f80 Thread added: 0x00000221e3b5afb0
Event: 7.109 Thread 0x00000221c0cf2a40 Thread added: 0x00000221e3b58850
Event: 7.110 Thread 0x00000221c0cf2a40 Thread added: 0x00000221e3b58ee0
Event: 7.115 Thread 0x00000221e3b58850 Thread added: 0x00000221e3b59570
Event: 7.117 Thread 0x00000221e3b58850 Thread added: 0x00000221e3b57b30
Event: 7.117 Thread 0x00000221e3b58850 Thread added: 0x00000221e3b59c00
Event: 7.410 Thread 0x00000221dd54ee20 Thread added: 0x00000221e4263200
Event: 7.536 Thread 0x00000221e4263200 Thread exited: 0x00000221e4263200
Event: 12.701 Thread 0x00000221e4c077b0 Thread exited: 0x00000221e4c077b0
Event: 14.595 Thread 0x00000221e394f890 Thread exited: 0x00000221e394f890
Event: 64.605 Thread 0x00000221e32ea2d0 Thread exited: 0x00000221e32ea2d0
Event: 65.152 Thread 0x00000221e3b5a290 Thread exited: 0x00000221e3b5a290
Event: 67.127 Thread 0x00000221e3b59570 Thread exited: 0x00000221e3b59570
Event: 67.183 Thread 0x00000221e3b57b30 Thread exited: 0x00000221e3b57b30
Event: 67.185 Thread 0x00000221e3b59c00 Thread exited: 0x00000221e3b59c00
Event: 67.209 Thread 0x00000221e3b58ee0 Thread exited: 0x00000221e3b58ee0


Dynamic libraries:
0x00007ff7e9cc0000 - 0x00007ff7e9cca000 	C:\Program Files\Android\Android Studio\jbr\bin\java.exe
0x00007ffae70c0000 - 0x00007ffae7327000 	C:\WINDOWS\SYSTEM32\ntdll.dll
0x00007ffac1ab0000 - 0x00007ffac1ad0000 	C:\Program Files\Avast Software\Avast\aswhook.dll
0x00007ffae5020000 - 0x00007ffae50e9000 	C:\WINDOWS\System32\KERNEL32.DLL
0x00007ffae4130000 - 0x00007ffae4524000 	C:\WINDOWS\System32\KERNELBASE.dll
0x00007ffae3b50000 - 0x00007ffae3c9b000 	C:\WINDOWS\System32\ucrtbase.dll
0x00007ffa7ed50000 - 0x00007ffa7ed6b000 	C:\Program Files\Android\Android Studio\jbr\bin\VCRUNTIME140.dll
0x00007ffa7f520000 - 0x00007ffa7f538000 	C:\Program Files\Android\Android Studio\jbr\bin\jli.dll
0x00007ffae6170000 - 0x00007ffae6335000 	C:\WINDOWS\System32\USER32.dll
0x00007ffae3f80000 - 0x00007ffae3fa7000 	C:\WINDOWS\System32\win32u.dll
0x00007ffac1e40000 - 0x00007ffac20d3000 	C:\WINDOWS\WinSxS\amd64_microsoft.windows.common-controls_6595b64144ccf1df_6.0.26100.8115_none_3e075c82e3354f9c\COMCTL32.dll
0x00007ffae50f0000 - 0x00007ffae511b000 	C:\WINDOWS\System32\GDI32.dll
0x00007ffae55b0000 - 0x00007ffae5659000 	C:\WINDOWS\System32\msvcrt.dll
0x00007ffae3a20000 - 0x00007ffae3b4a000 	C:\WINDOWS\System32\gdi32full.dll
0x00007ffae4530000 - 0x00007ffae45d3000 	C:\WINDOWS\System32\msvcp_win.dll
0x00007ffae63d0000 - 0x00007ffae6402000 	C:\WINDOWS\System32\IMM32.DLL
0x00007ffabf440000 - 0x00007ffabf44c000 	C:\Program Files\Android\Android Studio\jbr\bin\vcruntime140_1.dll
0x00007ffa43ee0000 - 0x00007ffa43f6d000 	C:\Program Files\Android\Android Studio\jbr\bin\msvcp140.dll
0x00007ff9c0c00000 - 0x00007ff9c1896000 	C:\Program Files\Android\Android Studio\jbr\bin\server\jvm.dll
0x00007ffae64f0000 - 0x00007ffae65a6000 	C:\WINDOWS\System32\ADVAPI32.dll
0x00007ffae6440000 - 0x00007ffae64e7000 	C:\WINDOWS\System32\sechost.dll
0x00007ffae5ae0000 - 0x00007ffae5bf8000 	C:\WINDOWS\System32\RPCRT4.dll
0x00007ffae6340000 - 0x00007ffae63c0000 	C:\WINDOWS\System32\WS2_32.dll
0x00007ffae37f0000 - 0x00007ffae384e000 	C:\WINDOWS\SYSTEM32\POWRPROF.dll
0x00007ffad8850000 - 0x00007ffad8886000 	C:\WINDOWS\SYSTEM32\WINMM.dll
0x00007ffacf690000 - 0x00007ffacf69b000 	C:\WINDOWS\SYSTEM32\VERSION.dll
0x00007ffae37d0000 - 0x00007ffae37e4000 	C:\WINDOWS\SYSTEM32\UMPDC.dll
0x00007ffae26f0000 - 0x00007ffae270b000 	C:\WINDOWS\SYSTEM32\kernel.appcore.dll
0x00007ffabae10000 - 0x00007ffabae1a000 	C:\Program Files\Android\Android Studio\jbr\bin\jimage.dll
0x00007ffae18d0000 - 0x00007ffae1b12000 	C:\WINDOWS\SYSTEM32\DBGHELP.DLL
0x00007ffae56d0000 - 0x00007ffae5a52000 	C:\WINDOWS\System32\combase.dll
0x00007ffae6000000 - 0x00007ffae60d7000 	C:\WINDOWS\System32\OLEAUT32.dll
0x00007ffacf280000 - 0x00007ffacf2bb000 	C:\WINDOWS\SYSTEM32\dbgcore.DLL
0x00007ffae3ed0000 - 0x00007ffae3f75000 	C:\WINDOWS\System32\bcryptPrimitives.dll
0x00007ffa74ed0000 - 0x00007ffa74ef0000 	C:\Program Files\Android\Android Studio\jbr\bin\java.dll
0x00007ffa724d0000 - 0x00007ffa724e8000 	C:\Program Files\Android\Android Studio\jbr\bin\zip.dll
0x00007ffae66b0000 - 0x00007ffae6e16000 	C:\WINDOWS\System32\SHELL32.dll
0x00007ffae3ca0000 - 0x00007ffae3e0a000 	C:\WINDOWS\System32\wintypes.dll
0x00007ffae45e0000 - 0x00007ffae4e45000 	C:\WINDOWS\System32\windows.storage.dll
0x00007ffae65b0000 - 0x00007ffae66a7000 	C:\WINDOWS\System32\SHCORE.dll
0x00007ffae5c10000 - 0x00007ffae5c76000 	C:\WINDOWS\System32\shlwapi.dll
0x00007ffae38b0000 - 0x00007ffae38d9000 	C:\WINDOWS\SYSTEM32\profapi.dll
0x00007ffab06f0000 - 0x00007ffab0700000 	C:\Program Files\Android\Android Studio\jbr\bin\net.dll
0x00007ffad8690000 - 0x00007ffad87bd000 	C:\WINDOWS\SYSTEM32\WINHTTP.dll
0x00007ffae2c40000 - 0x00007ffae2cac000 	C:\WINDOWS\system32\mswsock.dll
0x00007ffa724b0000 - 0x00007ffa724c6000 	C:\Program Files\Android\Android Studio\jbr\bin\nio.dll
0x00007ffae2170000 - 0x00007ffae21a2000 	C:\WINDOWS\SYSTEM32\IPHLPAPI.DLL
0x00007ffae5c00000 - 0x00007ffae5c0a000 	C:\WINDOWS\System32\NSI.dll
0x00007ffaaf6e0000 - 0x00007ffaaf6e9000 	C:\Program Files\Android\Android Studio\jbr\bin\extnet.dll
0x00007ffae21b0000 - 0x00007ffae22e2000 	C:\WINDOWS\SYSTEM32\DNSAPI.dll
0x00007ffad2280000 - 0x00007ffad228b000 	C:\Windows\System32\rasadhlp.dll
0x00007ffadaa60000 - 0x00007ffadaae6000 	C:\WINDOWS\System32\fwpuclnt.dll
0x00007ffaae770000 - 0x00007ffaae779000 	C:\Program Files\Android\Android Studio\jbr\bin\management.dll
0x00007ffaae6a0000 - 0x00007ffaae6ab000 	C:\Program Files\Android\Android Studio\jbr\bin\management_ext.dll
0x00007ffae5a60000 - 0x00007ffae5a68000 	C:\WINDOWS\System32\PSAPI.DLL
0x00007ffae2f60000 - 0x00007ffae2f7b000 	C:\WINDOWS\SYSTEM32\CRYPTSP.dll
0x00007ffae2650000 - 0x00007ffae2689000 	C:\WINDOWS\system32\rsaenh.dll
0x00007ffae2d00000 - 0x00007ffae2d33000 	C:\WINDOWS\SYSTEM32\USERENV.dll
0x00007ffae3880000 - 0x00007ffae38aa000 	C:\WINDOWS\SYSTEM32\bcrypt.dll
0x00007ffae2f50000 - 0x00007ffae2f5c000 	C:\WINDOWS\SYSTEM32\CRYPTBASE.dll
0x00007ffaa4c70000 - 0x00007ffaa4c78000 	C:\WINDOWS\system32\wshunix.dll

JVMTI agents: none

dbghelp: loaded successfully - version: 4.0.5 - missing functions: none
symbol engine: initialized successfully - sym options: 0x614 - pdb path: .;C:\Program Files\Android\Android Studio\jbr\bin;C:\WINDOWS\SYSTEM32;C:\Program Files\Avast Software\Avast;C:\WINDOWS\WinSxS\amd64_microsoft.windows.common-controls_6595b64144ccf1df_6.0.26100.8115_none_3e075c82e3354f9c;C:\Program Files\Android\Android Studio\jbr\bin\server

VM Arguments:
jvm_args: -ea -XX:+ShowCodeDetailsInExceptionMessages -Dfile.encoding=UTF-8 
java_command: org.eclipse.jdt.internal.junit.runner.RemoteTestRunner -version 3 -port 59527 -testLoaderClass org.eclipse.jdt.internal.junit6.runner.JUnit6TestLoader -loaderpluginname org.eclipse.jdt.junit6.runtime -testNameFile C:\Users\iratx\AppData\Local\Temp\testNames1102088385395808133.txt
java_class_path (initial): c:\Users\iratx\Desktop\ISPP-PRPYECT\Cerebrus\backend\target\test-classes;c:\Users\iratx\Desktop\ISPP-PRPYECT\Cerebrus\backend\target\classes;c:\Users\iratx\.m2\repository\org\springframework\boot\spring-boot-starter-web\4.0.2\spring-boot-starter-web-4.0.2.jar;c:\Users\iratx\.m2\repository\org\springframework\boot\spring-boot-starter-jackson\4.0.2\spring-boot-starter-jackson-4.0.2.jar;c:\Users\iratx\.m2\repository\org\springframework\boot\spring-boot-jackson\4.0.2\spring-boot-jackson-4.0.2.jar;c:\Users\iratx\.m2\repository\tools\jackson\core\jackson-databind\3.0.4\jackson-databind-3.0.4.jar;c:\Users\iratx\.m2\repository\tools\jackson\core\jackson-core\3.0.4\jackson-core-3.0.4.jar;c:\Users\iratx\.m2\repository\org\springframework\boot\spring-boot-starter-tomcat\4.0.2\spring-boot-starter-tomcat-4.0.2.jar;c:\Users\iratx\.m2\repository\org\springframework\boot\spring-boot-starter-tomcat-runtime\4.0.2\spring-boot-starter-tomcat-runtime-4.0.2.jar;c:\Users\iratx\.m2\repository\org\springframework\boot\spring-boot-web-server\4.0.2\spring-boot-web-server-4.0.2.jar;c:\Users\iratx\.m2\repository\org\apache\tomcat\embed\tomcat-embed-core\11.0.15\tomcat-embed-core-11.0.15.jar;c:\Users\iratx\.m2\repository\org\apache\tomcat\embed\tomcat-embed-websocket\11.0.15\tomcat-embed-websocket-11.0.15.jar;c:\Users\iratx\.m2\repository\org\springframework\boot\spring-boot-tomcat\4.0.2\spring-boot-tomcat-4.0.2.jar;c:\Users\iratx\.m2\repository\org\springframework\boot\spring-boot-http-converter\4.0.2\spring-boot-http-converter-4.0.2.jar;c:\Users\iratx\.m2\repository\org\springframework\spring-web\7.0.3\spring-web-7.0.3.jar;c:\Users\iratx\.m2\repository\org\springframework\boot\spring-boot-webmvc\4.0.2\spring-boot-webmvc-4.0.2.jar;c:\Users\iratx\.m2\repository\org\springframework\boot\spring-boot-servlet\4.0.2\spring-boot-servlet-4.0.2.jar;c:\Users\iratx\.m2\repository\org\springframework\spring-webmvc\7.0.3\spring-webmvc-7.0.3.jar;c:\Users\iratx\.m2\repository\org\springframework\boot\spring-boot-starter-data-jpa\4.0.2\spring-boot-starter-data-jpa-4.0.2.jar;c:\Users\iratx\.m2\repository\org\springframework\boot\spring-boot-starter\4.0.2\spring-boot-starter-4.0.2.jar;c:\Users\iratx\.m2\repository\org\springframework\boot\spring-boot-starter-logging\4.0.2\spring-boot-starter-logging-4.0.2.jar;c:\Users\iratx\.m2\repository\ch\qos\logback\logback-classic\1.5.25\logback-classic-1.5.25.jar;c:\Users\iratx\.m2\repository\ch\qos\logback\logback-core\1.5.25\logback-core-1.5.25.jar;c:\Users\iratx\.m2\repository\org\apache\logging\log4j\log4j-to-slf4j\2.25.3\log4j-to-slf4j-2.25.3.jar;c:\Users\iratx\.m2\repository\org\slf4j\jul-to-slf4j\2.0.17\jul-to-slf4j-2.0.17.jar;c:\Users\iratx\.m2\repository\jakarta\annotation\jakarta.annotation-api\3.0.0\jakarta.annotation-api-3.0.0.jar;c:\Users\iratx\.m2\repository\org\yaml\snakeyaml\2.5\snakeyaml-2.5.jar;c:\Users\iratx\.m2\repository\org\springframework\boot\spring-boot-starter-jdbc\4.0.2\spring-boot-starter-jdbc-4.0.2.jar;c:\Users\iratx\.m2\repository\com\zaxxer\HikariCP\7.0.2\HikariCP-7.0.2.jar;c:\Users\iratx\.m2\repository\org\springframework\boot\spring-boot-data-jpa\4.0.2\spring-boot-data-jpa-4.0.2.jar;c:\Users\iratx\.m2\repository\org\springframework\boot\spring-boot-data-commons\4.0.2\spring-boot-data-commons-4.0.2.jar;c:\Users\iratx\.m2\repository\org\springframework\boot\spring-boot-persistence\4.0.2\spring-boot-persistence-4.0.2.jar;c:\Users\iratx\.m2\repository\org\springframework\data\spring-data-commons\4.0.2\spring-data-commons-4.0.2.jar;c:\Users\iratx\.m2\repository\org\springframework\boot\spring-boot-hibernate\4.0.2\spring-boot-hibernate-4.0.2.jar;c:\Users\iratx\.m2\repository\org\springframework\boot\spring-boot-jpa\4.0.2\spring-boot-jpa-4.0.2.jar;c:\Users\iratx\.m2\repository\jakarta\persistence\jakarta.persistence-api\3.2.0\jakarta.persistence-api-3.2.0.jar;c:\Users\iratx\.m2\repository\org\hibernate\orm\hibernate-core\7.2.1.Final\hibernate-core-7.2.1.Final.jar;c:\Users\iratx\.m2\repository\jakarta\transaction\jakarta.transaction-api\2.0.1\jakarta.transaction-api-2.0.1.jar;c:\Users\iratx\.m2\repository\org\hibernate\models\hibernate-models\1.0.1\hibernate-models-1.0.1.jar;c:\Users\iratx\.m2\repository\org\glassfish\jaxb\jaxb-runtime\4.0.6\jaxb-runtime-4.0.6.jar;c:\Users\iratx\.m2\repository\org\glassfish\jaxb\jaxb-core\4.0.6\jaxb-core-4.0.6.jar;c:\Users\iratx\.m2\repository\org\eclipse\angus\angus-activation\2.0.3\angus-activation-2.0.3.jar;c:\Users\iratx\.m2\repository\org\glassfish\jaxb\txw2\4.0.6\txw2-4.0.6.jar;c:\Users\iratx\.m2\repository\com\sun\istack\istack-commons-runtime\4.1.2\istack-commons-runtime-4.1.2.jar;c:\Users\iratx\.m2\repository\jakarta\inject\jakarta.inject-api\2.0.1\jakarta.inject-api-2.0.1.jar;c:\Users\iratx\.m2\repository\org\springframework\spring-orm\7.0.3\spring-orm-7.0.3.jar;c:\Users\iratx\.m2\repository\org\springframework\data\spring-data-jpa\4.0.2\spring-data-jpa-4.0.2.jar;c:\Users\iratx\.m2\repository\org\springframework\spring-tx\7.0.3\spring-tx-7.0.3.jar;c:\Users\iratx\.m2\repository\org\antlr\antlr4-runtime\4.13.2\antlr4-runtime-4.13.2.jar;c:\Users\iratx\.m2\repository\org\springframework\spring-aspects\7.0.3\spring-aspects-7.0.3.jar;c:\Users\iratx\.m2\repository\org\aspectj\aspectjweaver\1.9.25.1\aspectjweaver-1.9.25.1.jar;c:\Users\iratx\.m2\repository\org\springframework\boot\spring-boot-jdbc\4.0.2\spring-boot-jdbc-4.0.2.jar;c:\Users\iratx\.m2\repository\org\springframework\boot\spring-boot-sql\4.0.2\spring-boot-sql-4.0.2.jar;c:\Users\iratx\.m2\repository\org\springframework\boot\spring-boot-transaction\4.0.2\spring-boot-transaction-4.0.2.jar;c:\Users\iratx\.m2\repository\org\springframework\spring-jdbc\7.0.3\spring-jdbc-7.0.3.jar;c:\Users\iratx\.m2\repository\org\springframework\boot\spring-boot-starter-security\4.0.2\spring-boot-starter-security-4.0.2.jar;c:\Users\iratx\.m2\repository\org\springframework\boot\spring-boot-security\4.0.2\spring-boot-security-4.0.2.jar;c:\Users\iratx\.m2\repository\org\springframework\security\spring-security-config\7.0.2\spring-security-config-7.0.2.jar;c:\Users\iratx\.m2\repository\org\springframework\spring-aop\7.0.3\spring-aop-7.0.3.jar;c:\Users\iratx\.m2\repository\org\springframework\spring-beans\7.0.3\spring-beans-7.0.3.jar;c:\Users\iratx\.m2\repository\org\springframework\boot\spring-boot-starter-validation\4.0.2\spring-boot-starter-validation-4.0.2.jar;c:\Users\iratx\.m2\repository\org\springframework\boot\spring-boot-validation\4.0.2\spring-boot-validation-4.0.2.jar;c:\Users\iratx\.m2\repository\org\apache\tomcat\embed\tomcat-embed-el\11.0.15\tomcat-embed-el-11.0.15.jar;c:\Users\iratx\.m2\repository\org\hibernate\validator\hibernate-validator\9.0.1.Final\hibernate-validator-9.0.1.Final.jar;c:\Users\iratx\.m2\repository\jakarta\validation\jakarta.validation-api\3.1.1\jakarta.validation-api-3.1.1.jar;c:\Users\iratx\.m2\repository\org\jboss\logging\jboss-logging\3.6.1.Final\jboss-logging-3.6.1.Final.jar;c:\Users\iratx\.m2\repository\com\fasterxml\classmate\1.7.3\classmate-1.7.3.jar;c:\Users\iratx\.m2\repository\org\springframework\boot\spring-boot-starter-actuator\4.0.2\spring-boot-starter-actuator-4.0.2.jar;c:\Users\iratx\.m2\repository\org\springframework\boot\spring-boot-starter-micrometer-metrics\4.0.2\spring-boot-starter-micrometer-metrics-4.0.2.jar;c:\Users\iratx\.m2\repository\org\springframework\boot\spring-boot-micrometer-metrics\4.0.2\spring-boot-micrometer-metrics-4.0.2.jar;c:\Users\iratx\.m2\repository\org\springframework\boot\spring-boot-micrometer-observation\4.0.2\spring-boot-micrometer-observation-4.0.2.jar;c:\Users\iratx\.m2\repository\org\springframework\boot\spring-boot-actuator-autoconfigure\4.0.2\spring-boot-actuator-autoconfigure-4.0.2.jar;c:\Users\iratx\.m2\repository\org\springframework\boot\spring-boot-actuator\4.0.2\spring-boot-actuator-4.0.2.jar;c:\Users\iratx\.m2\repository\org\springframework\boot\spring-boot-health\4.0.2\spring-boot-health-4.0.2.jar;c:\Users\iratx\.m2\repository\io\micrometer\micrometer-observation\1.16.2\micrometer-observation-1.16.2.jar;c:\Users\iratx\.m2\repository\org\jspecify\jspecify\1.0.0\jspecify-1.0.0.jar;c:\Users\iratx\.m2\repository\io\micrometer\micrometer-commons\1.16.2\micrometer-commons-1.16.2.jar;c:\Users\iratx\.m2\repository\io\micrometer\micrometer-jakarta9\1.16.2\micrometer-jakarta9-1.16.2.jar;c:\Users\iratx\.m2\repository\io\micrometer\micrometer-core\1.16.2\micrometer-core-1.16.2.jar;c:\Users\iratx\.m2\repository\org\hdrhistogram\HdrHistogram\2.2.2\HdrHistogram-2.2.2.jar;c:\Users\iratx\.m2\repository\org\latencyutils\LatencyUtils\2.0.3\LatencyUtils-2.0.3.jar;c:\Users\iratx\.m2\repository\org\springframework\boot\spring-boot-starter-flyway\4.0.2\spring-boot-starter-flyway-4.0.2.jar;c:\Users\iratx\.m2\repository\org\springframework\boot\spring-boot-flyway\4.0.2\spring-boot-flyway-4.0.2.jar;c:\Users\iratx\.m2\repository\org\flywaydb\flyway-mysql\11.14.1\flyway-mysql-11.14.1.jar;c:\Users\iratx\.m2\repository\org\flywaydb\flyway-core\11.14.1\flyway-core-11.14.1.jar;c:\Users\iratx\.m2\repository\org\mariadb\jdbc\mariadb-java-client\3.5.7\mariadb-java-client-3.5.7.jar;c:\Users\iratx\.m2\repository\org\springframework\boot\spring-boot-starter-test\4.0.2\spring-boot-starter-test-4.0.2.jar;c:\Users\iratx\.m2\repository\org\springframework\boot\spring-boot-test\4.0.2\spring-boot-test-4.0.2.jar;c:\Users\iratx\.m2\repository\com\jayway\jsonpath\json-path\2.10.0\json-path-2.10.0.jar;c:\Users\iratx\.m2\repository\org\slf4j\slf4j-api\2.0.17\slf4j-api-2.0.17.jar;c:\Users\iratx\.m2\repository\jakarta\xml\bind\jakarta.xml.bind-api\4.0.4\jakarta.xml.bind-api-4.0.4.jar;c:\Users\iratx\.m2\repository\jakarta\activation\jakarta.activation-api\2.1.4\jakarta.activation-api-2.1.4.jar;c:\Users\iratx\.m2\repository\net\minidev\json-smart\2.6.0\json-smart-2.6.0.jar;c:\Users\iratx\.m2\repository\net\minidev\accessors-smart\2.6.0\accessors-smart-2.6.0.jar;c:\Users\iratx\.m2\repository\org\ow2\asm\asm\9.7.1\asm-9.7.1.jar;c:\Users\iratx\.m2\repository\org\assertj\assertj-core\3.27.6\assertj-core-3.27.6.jar;c:\Users\iratx\.m2\repository\net\bytebuddy\byte-buddy\1.17.8\byte-buddy-1.17.8.jar;c:\Users\iratx\.m2\repository\org\awaitility\awaitility\4.3.0\awaitility-4.3.0.jar;c:\Users\iratx\.m2\repository\org\hamcrest\hamcrest\3.0\hamcrest-3.0.jar;c:\Users\iratx\.m2\repository\org\junit\jupiter\junit-jupiter\6.0.2\junit-jupiter-6.0.2.jar;c:\Users\iratx\.m2\repository\org\junit\jupiter\junit-jupiter-api\6.0.2\junit-jupiter-api-6.0.2.jar;c:\Users\iratx\.m2\repository\org\opentest4j\opentest4j\1.3.0\opentest4j-1.3.0.jar;c:\Users\iratx\.m2\repository\org\junit\platform\junit-platform-commons\6.0.2\junit-platform-commons-6.0.2.jar;c:\Users\iratx\.m2\repository\org\apiguardian\apiguardian-api\1.1.2\apiguardian-api-1.1.2.jar;c:\Users\iratx\.m2\repository\org\junit\jupiter\junit-jupiter-params\6.0.2\junit-jupiter-params-6.0.2.jar;c:\Users\iratx\.m2\repository\org\junit\jupiter\junit-jupiter-engine\6.0.2\junit-jupiter-engine-6.0.2.jar;c:\Users\iratx\.m2\repository\org\junit\platform\junit-platform-engine\6.0.2\junit-platform-engine-6.0.2.jar;c:\Users\iratx\.m2\repository\org\mockito\mockito-core\5.20.0\mockito-core-5.20.0.jar;c:\Users\iratx\.m2\repository\net\bytebuddy\byte-buddy-agent\1.17.8\byte-buddy-agent-1.17.8.jar;c:\Users\iratx\.m2\repository\org\objenesis\objenesis\3.3\objenesis-3.3.jar;c:\Users\iratx\.m2\repository\org\mockito\mockito-junit-jupiter\5.20.0\mockito-junit-jupiter-5.20.0.jar;c:\Users\iratx\.m2\repository\org\skyscreamer\jsonassert\1.5.3\jsonassert-1.5.3.jar;c:\Users\iratx\.m2\repository\com\vaadin\external\google\android-json\0.0.20131108.vaadin1\android-json-0.0.20131108.vaadin1.jar;c:\Users\iratx\.m2\repository\org\springframework\spring-core\7.0.3\spring-core-7.0.3.jar;c:\Users\iratx\.m2\repository\commons-logging\commons-logging\1.3.5\commons-logging-1.3.5.jar;c:\Users\iratx\.m2\repository\org\springframework\spring-test\7.0.3\spring-test-7.0.3.jar;c:\Users\iratx\.m2\repository\org\xmlunit\xmlunit-core\2.10.4\xmlunit-core-2.10.4.jar;c:\Users\iratx\.m2\repository\org\springframework\boot\spring-boot-test-autoconfigure\4.0.2\spring-boot-test-autoconfigure-4.0.2.jar;c:\Users\iratx\.m2\repository\org\springframework\security\spring-security-test\7.0.2\spring-security-test-7.0.2.jar;c:\Users\iratx\.m2\repository\org\springframework\security\spring-security-core\7.0.2\spring-security-core-7.0.2.jar;c:\Users\iratx\.m2\repository\org\springframework\security\spring-security-crypto\7.0.2\spring-security-crypto-7.0.2.jar;c:\Users\iratx\.m2\repository\org\springframework\spring-context\7.0.3\spring-context-7.0.3.jar;c:\Users\iratx\.m2\repository\org\springframework\spring-expression\7.0.3\spring-expression-7.0.3.jar;c:\Users\iratx\.m2\repository\org\springframework\security\spring-security-web\7.0.2\spring-security-web-7.0.2.jar;c:\Users\iratx\.m2\repository\org\springframework\boot\spring-boot-devtools\4.0.2\spring-boot-devtools-4.0.2.jar;c:\Users\iratx\.m2\repository\org\springframework\boot\spring-boot\4.0.2\spring-boot-4.0.2.jar;c:\Users\iratx\.m2\repository\org\springframework\boot\spring-boot-autoconfigure\4.0.2\spring-boot-autoconfigure-4.0.2.jar;c:\Users\iratx\.m2\repository\io\jsonwebtoken\jjwt-api\0.11.5\jjwt-api-0.11.5.jar;c:\Users\iratx\.m2\repository\io\jsonwebtoken\jjwt-impl\0.11.5\jjwt-impl-0.11.5.jar;c:\Users\iratx\.m2\repository\io\jsonwebtoken\jjwt-jackson\0.11.5\jjwt-jackson-0.11.5.jar;c:\Users\iratx\.m2\repository\com\fasterxml\jackson\core\jackson-databind\2.20.2\jackson-databind-2.20.2.jar;c:\Users\iratx\.m2\repository\com\fasterxml\jackson\core\jackson-annotations\2.20\jackson-annotations-2.20.jar;c:\Users\iratx\.m2\repository\com\fasterxml\jackson\core\jackson-core\2.20.2\jackson-core-2.20.2.jar;c:\Users\iratx\.m2\repository\org\projectlombok\lombok\1.18.34\lombok-1.18.34.jar;c:\Users\iratx\.m2\repository\org\seleniumhq\selenium\selenium-java\4.27.0\selenium-java-4.27.0.jar;c:\Users\iratx\.m2\repository\org\seleniumhq\selenium\selenium-api\4.37.0\selenium-api-4.37.0.jar;c:\Users\iratx\.m2\repository\org\seleniumhq\selenium\selenium-chrome-driver\4.37.0\selenium-chrome-driver-4.37.0.jar;c:\Users\iratx\.m2\repository\com\google\auto\service\auto-service-annotations\1.1.1\auto-service-annotations-1.1.1.jar;c:\Users\iratx\.m2\repository\org\seleniumhq\selenium\selenium-chromium-driver\4.37.0\selenium-chromium-driver-4.37.0.jar;c:\Users\iratx\.m2\repository\org\seleniumhq\selenium\selenium-json\4.37.0\selenium-json-4.37.0.jar;c:\Users\iratx\.m2\repository\org\seleniumhq\selenium\selenium-manager\4.37.0\selenium-manager-4.37.0.jar;c:\Users\iratx\.m2\repository\org\seleniumhq\selenium\selenium-devtools-v129\4.27.0\selenium-devtools-v129-4.27.0.jar;c:\Users\iratx\.m2\repository\org\seleniumhq\selenium\selenium-devtools-v130\4.27.0\selenium-devtools-v130-4.27.0.jar;c:\Users\iratx\.m2\repository\org\seleniumhq\selenium\selenium-devtools-v131\4.27.0\selenium-devtools-v131-4.27.0.jar;c:\Users\iratx\.m2\repository\org\seleniumhq\selenium\selenium-devtools-v85\4.27.0\selenium-devtools-v85-4.27.0.jar;c:\Users\iratx\.m2\repository\org\seleniumhq\selenium\selenium-edge-driver\4.37.0\selenium-edge-driver-4.37.0.jar;c:\Users\iratx\.m2\repository\org\seleniumhq\selenium\selenium-firefox-driver\4.37.0\selenium-firefox-driver-4.37.0.jar;c:\Users\iratx\.m2\repository\org\seleniumhq\selenium\selenium-http\4.37.0\selenium-http-4.37.0.jar;c:\Users\iratx\.m2\repository\org\seleniumhq\selenium\selenium-ie-driver\4.37.0\selenium-ie-driver-4.37.0.jar;c:\Users\iratx\.m2\repository\org\seleniumhq\selenium\selenium-remote-driver\4.37.0\selenium-remote-driver-4.37.0.jar;c:\Users\iratx\.m2\repository\com\google\guava\guava\33.5.0-jre\guava-33.5.0-jre.jar;c:\Users\iratx\.m2\repository\com\google\guava\failureaccess\1.0.3\failureaccess-1.0.3.jar;c:\Users\iratx\.m2\repository\com\google\guava\listenablefuture\9999.0-empty-to-avoid-conflict-with-guava\listenablefuture-9999.0-empty-to-avoid-conflict-with-guava.jar;c:\Users\iratx\.m2\repository\com\google\j2objc\j2objc-annotations\3.1\j2objc-annotations-3.1.jar;c:\Users\iratx\.m2\repository\io\opentelemetry\opentelemetry-api\1.55.0\opentelemetry-api-1.55.0.jar;c:\Users\iratx\.m2\repository\io\opentelemetry\opentelemetry-context\1.55.0\opentelemetry-context-1.55.0.jar;c:\Users\iratx\.m2\repository\io\opentelemetry\opentelemetry-common\1.55.0\opentelemetry-common-1.55.0.jar;c:\Users\iratx\.m2\repository\io\opentelemetry\opentelemetry-exporter-logging\1.55.0\opentelemetry-exporter-logging-1.55.0.jar;c:\Users\iratx\.m2\repository\io\opentelemetry\opentelemetry-sdk-common\1.55.0\opentelemetry-sdk-common-1.55.0.jar;c:\Users\iratx\.m2\repository\io\opentelemetry\opentelemetry-sdk-extension-autoconfigure-spi\1.55.0\opentelemetry-sdk-extension-autoconfigure-spi-1.55.0.jar;c:\Users\iratx\.m2\repository\io\opentelemetry\opentelemetry-sdk-extension-autoconfigure\1.55.0\opentelemetry-sdk-extension-autoconfigure-1.55.0.jar;c:\Users\iratx\.m2\repository\io\opentelemetry\opentelemetry-sdk-trace\1.55.0\opentelemetry-sdk-trace-1.55.0.jar;c:\Users\iratx\.m2\repository\io\opentelemetry\opentelemetry-sdk\1.55.0\opentelemetry-sdk-1.55.0.jar;c:\Users\iratx\.m2\repository\io\opentelemetry\opentelemetry-sdk-metrics\1.55.0\opentelemetry-sdk-metrics-1.55.0.jar;c:\Users\iratx\.m2\repository\io\opentelemetry\opentelemetry-sdk-logs\1.55.0\opentelemetry-sdk-logs-1.55.0.jar;c:\Users\iratx\.m2\repository\org\seleniumhq\selenium\selenium-os\4.37.0\selenium-os-4.37.0.jar;c:\Users\iratx\.m2\repository\org\apache\commons\commons-exec\1.5.0\commons-exec-1.5.0.jar;c:\Users\iratx\.m2\repository\org\seleniumhq\selenium\selenium-safari-driver\4.37.0\selenium-safari-driver-4.37.0.jar;c:\Users\iratx\.m2\repository\org\seleniumhq\selenium\selenium-support\4.37.0\selenium-support-4.37.0.jar;c:\Users\iratx\.m2\repository\com\sendinblue\sib-api-v3-sdk\7.0.0\sib-api-v3-sdk-7.0.0.jar;c:\Users\iratx\.m2\repository\io\swagger\swagger-annotations\1.5.18\swagger-annotations-1.5.18.jar;c:\Users\iratx\.m2\repository\com\squareup\okhttp3\okhttp\4.10.0\okhttp-4.10.0.jar;c:\Users\iratx\.m2\repository\com\squareup\okio\okio-jvm\3.0.0\okio-jvm-3.0.0.jar;c:\Users\iratx\.m2\repository\org\jetbrains\kotlin\kotlin-stdlib-common\1.5.31\kotlin-stdlib-common-1.5.31.jar;c:\Users\iratx\.m2\repository\org\jetbrains\kotlin\kotlin-stdlib\2.2.21\kotlin-stdlib-2.2.21.jar;c:\Users\iratx\.m2\repository\org\jetbrains\annotations\13.0\annotations-13.0.jar;c:\Users\iratx\.m2\repository\com\squareup\okio\okio\1.14.0\okio-1.14.0.jar;c:\Users\iratx\.m2\repository\com\squareup\okhttp3\logging-interceptor\4.10.0\logging-interceptor-4.10.0.jar;c:\Users\iratx\.m2\repository\org\jetbrains\kotlin\kotlin-stdlib-jdk8\2.2.21\kotlin-stdlib-jdk8-2.2.21.jar;c:\Users\iratx\.m2\repository\org\jetbrains\kotlin\kotlin-stdlib-jdk7\2.2.21\kotlin-stdlib-jdk7-2.2.21.jar;c:\Users\iratx\.m2\repository\com\google\code\gson\gson\2.13.2\gson-2.13.2.jar;c:\Users\iratx\.m2\repository\com\google\errorprone\error_prone_annotations\2.41.0\error_prone_annotations-2.41.0.jar;c:\Users\iratx\.m2\repository\io\gsonfire\gson-fire\1.8.2\gson-fire-1.8.2.jar;c:\Users\iratx\.m2\repository\org\threeten\threetenbp\1.3.5\threetenbp-1.3.5.jar;c:\Users\iratx\.m2\repository\org\apache\commons\commons-lang3\3.19.0\commons-lang3-3.19.0.jar;c:\Users\iratx\.m2\repository\org\apache\maven\plugins\maven-gpg-plugin\1.5\maven-gpg-plugin-1.5.jar;c:\Users\iratx\.m2\repository\org\apache\maven\maven-plugin-api\2.0.6\maven-plugin-api-2.0.6.jar;c:\Users\iratx\.m2\repository\org\apache\maven\maven-project\2.0.6\maven-project-2.0.6.jar;c:\Users\iratx\.m2\repository\org\apache\maven\maven-settings\2.0.6\maven-settings-2.0.6.jar;c:\Users\iratx\.m2\repository\org\apache\maven\maven-profile\2.0.6\maven-profile-2.0.6.jar;c:\Users\iratx\.m2\repository\org\apache\maven\maven-artifact-manager\2.0.6\maven-artifact-manager-2.0.6.jar;c:\Users\iratx\.m2\repository\org\apache\maven\maven-repository-metadata\2.0.6\maven-repository-metadata-2.0.6.jar;c:\Users\iratx\.m2\repository\org\apache\maven\wagon\wagon-provider-api\1.0-beta-2\wagon-provider-api-1.0-beta-2.jar;c:\Users\iratx\.m2\repository\org\apache\maven\maven-plugin-registry\2.0.6\maven-plugin-registry-2.0.6.jar;c:\Users\iratx\.m2\repository\org\apache\maven\maven-artifact\2.0.6\maven-artifact-2.0.6.jar;c:\Users\iratx\.m2\repository\org\apache\maven\maven-model\2.0.6\maven-model-2.0.6.jar;c:\Users\iratx\.m2\repository\org\codehaus\plexus\plexus-utils\3.0.15\plexus-utils-3.0.15.jar;c:\Users\iratx\.m2\repository\org\apache\poi\poi\5.2.3\poi-5.2.3.jar;c:\Users\iratx\.m2\repository\commons-codec\commons-codec\1.19.0\commons-codec-1.19.0.jar;c:\Users\iratx\.m2\repository\org\apache\commons\commons-collections4\4.4\commons-collections4-4.4.jar;c:\Users\iratx\.m2\repository\org\apache\commons\commons-math3\3.6.1\commons-math3-3.6.1.jar;c:\Users\iratx\.m2\repository\commons-io\commons-io\2.11.0\commons-io-2.11.0.jar;c:\Users\iratx\.m2\repository\com\zaxxer\SparseBitSet\1.2\SparseBitSet-1.2.jar;c:\Users\iratx\.m2\repository\org\apache\logging\log4j\log4j-api\2.25.3\log4j-api-2.25.3.jar;c:\Users\iratx\.m2\repository\org\apache\poi\poi-ooxml\5.2.3\poi-ooxml-5.2.3.jar;c:\Users\iratx\.m2\repository\org\apache\poi\poi-ooxml-lite\5.2.3\poi-ooxml-lite-5.2.3.jar;c:\Users\iratx\.m2\repository\org\apache\xmlbeans\xmlbeans\5.1.1\xmlbeans-5.1.1.jar;c:\Users\iratx\.m2\repository\org\apache\commons\commons-compress\1.21\commons-compress-1.21.jar;c:\Users\iratx\.m2\repository\com\github\virtuald\curvesapi\1.07\curvesapi-1.07.jar;c:\Users\iratx\AppData\Roaming\Code\User\globalStorage\redhat.java\1.53.0\config_win\org.eclipse.osgi\148\0\.cp;c:\Users\iratx\AppData\Roaming\Code\User\globalStorage\redhat.java\1.53.0\config_win\org.eclipse.osgi\56\0\.cp;c:\Users\iratx\AppData\Roaming\Code\User\globalStorage\redhat.java\1.53.0\config_win\org.eclipse.osgi\137\0\.cp
Launcher Type: SUN_STANDARD

[Global flags]
     intx CICompilerCount                          = 4                                         {product} {ergonomic}
     uint ConcGCThreads                            = 3                                         {product} {ergonomic}
     uint G1ConcRefinementThreads                  = 10                                        {product} {ergonomic}
   size_t G1HeapRegionSize                         = 2097152                                   {product} {ergonomic}
    uintx GCDrainStackTargetSize                   = 64                                        {product} {ergonomic}
   size_t InitialHeapSize                          = 264241152                                 {product} {ergonomic}
   size_t MarkStackSize                            = 4194304                                   {product} {ergonomic}
   size_t MaxHeapSize                              = 4219469824                                {product} {ergonomic}
   size_t MaxNewSize                               = 2531262464                                {product} {ergonomic}
   size_t MinHeapDeltaBytes                        = 2097152                                   {product} {ergonomic}
   size_t MinHeapSize                              = 8388608                                   {product} {ergonomic}
    uintx NonNMethodCodeHeapSize                   = 5839372                                {pd product} {ergonomic}
    uintx NonProfiledCodeHeapSize                  = 122909434                              {pd product} {ergonomic}
    uintx ProfiledCodeHeapSize                     = 122909434                              {pd product} {ergonomic}
    uintx ReservedCodeCacheSize                    = 251658240                              {pd product} {ergonomic}
     bool SegmentedCodeCache                       = true                                      {product} {ergonomic}
     bool ShowCodeDetailsInExceptionMessages       = true                                   {manageable} {command line}
   size_t SoftMaxHeapSize                          = 4219469824                             {manageable} {ergonomic}
     bool UseCompressedOops                        = true                           {product lp64_product} {ergonomic}
     bool UseG1GC                                  = true                                      {product} {ergonomic}
     bool UseLargePagesIndividualAllocation        = false                                  {pd product} {ergonomic}

Logging:
Log output configuration:
 #0: stdout all=warning uptime,level,tags foldmultilines=false
 #1: stderr all=off uptime,level,tags foldmultilines=false

Environment Variables:
JAVA_HOME=C:\Program Files\Android\Android Studio\jbr
PATH=C:\Users\iratx\AppData\Local\Programs\Microsoft VS Code;C:\Program Files\Firefox Developer Edition;C:\Users\iratx\Downloads\Workspace-25\Tools\Infrastructure\geckodriver-0.35.0;C:\Program Files\Python312\Scripts\;C:\Program Files\Python312\;C:\Program Files\Common Files\Oracle\Java\javapath;C:\windows\system32;C:\windows;C:\windows\System32\Wbem;C:\windows\System32\WindowsPowerShell\v1.0\;C:\windows\System32\OpenSSH\;C:\Program Files\HP\HP One Agent;C:\Program Files\nodejs\;C:\Users\iratx\Desktop\apache-maven-3.9.9-bin;C:\Users\iratx\Desktop\apache-maven-3.9.9\bin;C:\WINDOWS\system32;C:\WINDOWS;C:\WINDOWS\System32\Wbem;C:\WINDOWS\System32\WindowsPowerShell\v1.0\;C:\WINDOWS\System32\OpenSSH\;C:\ProgramData\anaconda3\Scripts\conda.exe;C:\ProgramData\anaconda3\condabin\conda.bat;C:\Program Files\Git\cmd;C:\Program Files\Docker\Docker\resources\bin;C:\Program Files\Android\Android Studio\jbr\bin;C:\Users\iratx\AppData\Local\Programs\Python\Python311\Scripts\;C:\Users\iratx\AppData\Local\Programs\Python\Python311\;C:\Users\iratx\AppData\Local\Microsoft\WindowsApps;"C:\Program Files;C:\Winnt;C:\Winnt\System32";C:\Program Files\Microsoft MPI\bin;C:\Users\iratx\AppData\Roaming\npm;C:\Users\iratx\AppData\Local\Programs\Microsoft VS Code\bin;C:\ProgramData\anaconda3\Scripts\conda.exe;C:\ProgramData\anaconda3\condabin\conda.bat;C:\ProgramData\anaconda3\Library\bin\conda.bat;
USERNAME=iratx
OS=Windows_NT
PROCESSOR_IDENTIFIER=Intel64 Family 6 Model 154 Stepping 4, GenuineIntel
TMP=C:\Users\iratx\AppData\Local\Temp
TEMP=C:\Users\iratx\AppData\Local\Temp




Periodic native trim disabled

JNI global refs:
JNI global refs: 33, weak refs: 0

JNI global refs memory usage: 835, weak refs: 833

Process memory usage:
Resident Set Size: 163644K (0% of 16481336K total physical memory with 595704K free physical memory)

OOME stack traces (most recent first):
Classloader memory used:
Loader bootstrap                                                                       : 20005K
Loader jdk.internal.loader.ClassLoaders$AppClassLoader                                 : 7102K
Loader jdk.internal.loader.ClassLoaders$PlatformClassLoader                            : 2090K

---------------  S Y S T E M  ---------------

OS:
 Windows 11 , 64 bit Build 26100 (10.0.26100.8115)
OS uptime: 0 days 3:31 hours
Hyper-V role detected

CPU: total 12 (initial active 12) (6 cores per cpu, 2 threads per core) family 6 model 154 stepping 4 microcode 0x432, cx8, cmov, fxsr, ht, mmx, 3dnowpref, sse, sse2, sse3, ssse3, sse4.1, sse4.2, popcnt, lzcnt, tsc, tscinvbit, avx, avx2, aes, erms, clmul, bmi1, bmi2, adx, sha, fma, vzeroupper, clflush, clflushopt, clwb, hv, serialize, rdtscp, rdpid, fsrm, f16c, cet_ibt, cet_ss
Processor Information for processor 0
  Max Mhz: 1700, Current Mhz: 1700, Mhz Limit: 1700
Processor Information for processor 1
  Max Mhz: 1700, Current Mhz: 1700, Mhz Limit: 1700
Processor Information for processor 2
  Max Mhz: 1700, Current Mhz: 1700, Mhz Limit: 1700
Processor Information for processor 3
  Max Mhz: 1700, Current Mhz: 1700, Mhz Limit: 1700
Processor Information for processor 4
  Max Mhz: 1700, Current Mhz: 1200, Mhz Limit: 1190
Processor Information for processor 5
  Max Mhz: 1700, Current Mhz: 1200, Mhz Limit: 1190
Processor Information for processor 6
  Max Mhz: 1700, Current Mhz: 1200, Mhz Limit: 1190
Processor Information for processor 7
  Max Mhz: 1700, Current Mhz: 1200, Mhz Limit: 1190
Processor Information for processor 8
  Max Mhz: 1700, Current Mhz: 1200, Mhz Limit: 1190
Processor Information for processor 9
  Max Mhz: 1700, Current Mhz: 1200, Mhz Limit: 1190
Processor Information for processor 10
  Max Mhz: 1700, Current Mhz: 1200, Mhz Limit: 1190
Processor Information for processor 11
  Max Mhz: 1700, Current Mhz: 1200, Mhz Limit: 1190

Memory: 4k page, system-wide physical 16095M (581M free)
TotalPageFile size 46416M (AvailPageFile size 2M)
current process WorkingSet (physical memory assigned to process): 160M, peak: 167M
current process commit charge ("private bytes"): 198M, peak: 408M

vm_info: OpenJDK 64-Bit Server VM (21.0.8+-14196175-b1038.72) for windows-amd64 JRE (21.0.8+-14196175-b1038.72), built on 2025-10-01T10:24:33Z by "builder" with MS VC++ 16.10 / 16.11 (VS2019)

END.
