#
# There is insufficient memory for the Java Runtime Environment to continue.
# Native memory allocation (malloc) failed to allocate 101040 bytes. Error detail: Chunk::new
# Possible reasons:
#   The system is out of physical RAM or swap space
#   This process is running with CompressedOops enabled, and the Java Heap may be blocking the growth of the native heap
# Possible solutions:
#   Reduce memory load on the system
#   Increase physical memory or swap space
#   Check if swap backing store is full
#   Decrease Java heap size (-Xmx/-Xms)
#   Decrease number of Java threads
#   Decrease Java thread stack sizes (-Xss)
#   Set larger code cache with -XX:ReservedCodeCacheSize=
#   JVM is running with Zero Based Compressed Oops mode in which the Java heap is
#     placed in the first 32GB address space. The Java Heap base address is the
#     maximum limit for the native heap growth. Please use -XX:HeapBaseMinAddress
#     to set the Java Heap base and to place the Java Heap above 32GB virtual address.
# This output file may be truncated or incomplete.
#
#  Out of Memory Error (arena.cpp:168), pid=46936, tid=45680
#
# JRE version: OpenJDK Runtime Environment (21.0.8) (build 21.0.8+-14196175-b1038.72)
# Java VM: OpenJDK 64-Bit Server VM (21.0.8+-14196175-b1038.72, mixed mode, tiered, compressed oops, compressed class ptrs, g1 gc, windows-amd64)
# No core dump will be written. Minidumps are not enabled by default on client versions of Windows
#

---------------  S U M M A R Y ------------

Command Line: -ea -XX:+ShowCodeDetailsInExceptionMessages -Dfile.encoding=UTF-8 org.eclipse.jdt.internal.junit.runner.RemoteTestRunner -version 3 -port 56990 -testLoaderClass org.eclipse.jdt.internal.junit6.runner.JUnit6TestLoader -loaderpluginname org.eclipse.jdt.junit6.runtime -testNameFile C:\Users\iratx\AppData\Local\Temp\testNames5690989729228303165.txt

Host: 12th Gen Intel(R) Core(TM) i7-1255U, 12 cores, 15G,  Windows 11 , 64 bit Build 26100 (10.0.26100.8115)
Time: Sun Apr 12 17:52:28 2026 Hora de verano romance elapsed time: 52.795747 seconds (0d 0h 0m 52s)

---------------  T H R E A D  ---------------

Current thread (0x000001b4bf770e70):  JavaThread "C2 CompilerThread0" daemon [_thread_in_native, id=45680, stack(0x00000024ec100000,0x00000024ec200000) (1024K)]


Current CompileTask:
C2:52796 4056       4       java.util.ArrayList::grow (60 bytes)

Stack: [0x00000024ec100000,0x00000024ec200000]
Native frames: (J=compiled Java code, j=interpreted, Vv=VM code, C=native code)
V  [jvm.dll+0x6d68d9]
V  [jvm.dll+0x866693]
V  [jvm.dll+0x868c4e]
V  [jvm.dll+0x869333]
V  [jvm.dll+0x280566]
V  [jvm.dll+0xc07cd]
V  [jvm.dll+0xc0d03]
V  [jvm.dll+0x3b961b]
V  [jvm.dll+0x385507]
V  [jvm.dll+0x38497a]
V  [jvm.dll+0x249252]
V  [jvm.dll+0x248821]
V  [jvm.dll+0x1c73a4]
V  [jvm.dll+0x257f9e]
V  [jvm.dll+0x2564e6]
V  [jvm.dll+0x3f4696]
V  [jvm.dll+0x80eac8]
V  [jvm.dll+0x6d512d]
C  [ucrtbase.dll+0x37b0]
C  [KERNEL32.DLL+0x2e8d7]
C  [ntdll.dll+0x8c3fc]


---------------  P R O C E S S  ---------------

Threads class SMR info:
_java_thread_list=0x000001b4c509fed0, length=26, elements={
0x000001b4a53a6490, 0x000001b4bf73fa30, 0x000001b4bf764b60, 0x000001b4bf7675d0,
0x000001b4bf74af80, 0x000001b4bf74b9e0, 0x000001b4bf74d6d0, 0x000001b4bf74e8b0,
0x000001b4bf770e70, 0x000001b4bf780510, 0x000001b4bfa17bf0, 0x000001b4c4a3ed90,
0x000001b4c631de30, 0x000001b4c631bd60, 0x000001b4c631d7a0, 0x000001b4c631c3f0,
0x000001b4c631ca80, 0x000001b4c631d110, 0x000001b4c6a72520, 0x000001b4c6a72bb0,
0x000001b4c6a71800, 0x000001b4c6a73240, 0x000001b4c6a6fdc0, 0x000001b4c6a70ae0,
0x000001b4c6a738d0, 0x000001b4c6a71170
}

Java Threads: ( => current thread )
  0x000001b4a53a6490 JavaThread "main"                              [_thread_blocked, id=21336, stack(0x00000024eb200000,0x00000024eb300000) (1024K)]
  0x000001b4bf73fa30 JavaThread "Common-Cleaner"             daemon [_thread_blocked, id=46236, stack(0x00000024eba00000,0x00000024ebb00000) (1024K)]
  0x000001b4bf764b60 JavaThread "Reference Handler"          daemon [_thread_blocked, id=22780, stack(0x00000024ebb00000,0x00000024ebc00000) (1024K)]
  0x000001b4bf7675d0 JavaThread "Finalizer"                  daemon [_thread_blocked, id=30744, stack(0x00000024ebc00000,0x00000024ebd00000) (1024K)]
  0x000001b4bf74af80 JavaThread "Signal Dispatcher"          daemon [_thread_blocked, id=43364, stack(0x00000024ebd00000,0x00000024ebe00000) (1024K)]
  0x000001b4bf74b9e0 JavaThread "Attach Listener"            daemon [_thread_blocked, id=41352, stack(0x00000024ebe00000,0x00000024ebf00000) (1024K)]
  0x000001b4bf74d6d0 JavaThread "Service Thread"             daemon [_thread_blocked, id=30940, stack(0x00000024ebf00000,0x00000024ec000000) (1024K)]
  0x000001b4bf74e8b0 JavaThread "Monitor Deflation Thread"   daemon [_thread_blocked, id=40592, stack(0x00000024ec000000,0x00000024ec100000) (1024K)]
=>0x000001b4bf770e70 JavaThread "C2 CompilerThread0"         daemon [_thread_in_native, id=45680, stack(0x00000024ec100000,0x00000024ec200000) (1024K)]
  0x000001b4bf780510 JavaThread "C1 CompilerThread0"         daemon [_thread_blocked, id=21672, stack(0x00000024ec200000,0x00000024ec300000) (1024K)]
  0x000001b4bfa17bf0 JavaThread "Notification Thread"        daemon [_thread_blocked, id=39360, stack(0x00000024ec300000,0x00000024ec400000) (1024K)]
  0x000001b4c4a3ed90 JavaThread "ReaderThread"                      [_thread_in_native, id=20516, stack(0x00000024ec500000,0x00000024ec600000) (1024K)]
  0x000001b4c631de30 JavaThread "HttpClient-1-SelectorManager" daemon [_thread_in_native, id=38560, stack(0x00000024ed300000,0x00000024ed400000) (1024K)]
  0x000001b4c631bd60 JavaThread "External Process Output Forwarder - C:\Users\iratx\.cache\selenium\chromedriver\win64\147.0.7727.56\chromedriver.exe" daemon [_thread_in_native, id=46464, stack(0x00000024ed400000,0x00000024ed500000) (1024K)]
  0x000001b4c631d7a0 JavaThread "Driver Service Executor"    daemon [_thread_blocked, id=31120, stack(0x00000024ed500000,0x00000024ed600000) (1024K)]
  0x000001b4c631c3f0 JavaThread "Driver Service Executor"    daemon [_thread_blocked, id=41884, stack(0x00000024ed600000,0x00000024ed700000) (1024K)]
  0x000001b4c631ca80 JavaThread "UrlChecker-2"               daemon [_thread_blocked, id=28556, stack(0x00000024ed700000,0x00000024ed800000) (1024K)]
  0x000001b4c631d110 JavaThread "JdkHttpClient-0-0"          daemon [_thread_blocked, id=20604, stack(0x00000024ed900000,0x00000024eda00000) (1024K)]
  0x000001b4c6a72520 JavaThread "CompletableFutureDelayScheduler" daemon [_thread_blocked, id=22236, stack(0x00000024eda00000,0x00000024edb00000) (1024K)]
  0x000001b4c6a72bb0 JavaThread "JdkHttpClient-0-1"          daemon [_thread_blocked, id=20088, stack(0x00000024edb00000,0x00000024edc00000) (1024K)]
  0x000001b4c6a71800 JavaThread "JdkHttpClient-0-2"          daemon [_thread_blocked, id=38916, stack(0x00000024edc00000,0x00000024edd00000) (1024K)]
  0x000001b4c6a73240 JavaThread "JdkHttpClient-0-3"          daemon [_thread_blocked, id=42324, stack(0x00000024edd00000,0x00000024ede00000) (1024K)]
  0x000001b4c6a6fdc0 JavaThread "HttpClient-2-SelectorManager" daemon [_thread_in_native, id=47468, stack(0x00000024ec400000,0x00000024ec500000) (1024K)]
  0x000001b4c6a70ae0 JavaThread "JdkHttpClient-1-0"          daemon [_thread_blocked, id=47472, stack(0x00000024ede00000,0x00000024edf00000) (1024K)]
  0x000001b4c6a738d0 JavaThread "JdkHttpClient-1-1"          daemon [_thread_blocked, id=47476, stack(0x00000024edf00000,0x00000024ee000000) (1024K)]
  0x000001b4c6a71170 JavaThread "JdkHttpClient-1-2"          daemon [_thread_blocked, id=47480, stack(0x00000024ee000000,0x00000024ee100000) (1024K)]
Total: 26

Other Threads:
  0x000001b4bf6b3a60 VMThread "VM Thread"                           [id=21196, stack(0x00000024eb900000,0x00000024eba00000) (1024K)]
  0x000001b4bf1f7400 WatcherThread "VM Periodic Task Thread"        [id=45648, stack(0x00000024eb800000,0x00000024eb900000) (1024K)]
  0x000001b4a540d870 WorkerThread "GC Thread#0"                     [id=43792, stack(0x00000024eb300000,0x00000024eb400000) (1024K)]
  0x000001b4c4fcdfc0 WorkerThread "GC Thread#1"                     [id=44044, stack(0x00000024ec700000,0x00000024ec800000) (1024K)]
  0x000001b4c4fce360 WorkerThread "GC Thread#2"                     [id=6888, stack(0x00000024ec800000,0x00000024ec900000) (1024K)]
  0x000001b4c4fce700 WorkerThread "GC Thread#3"                     [id=44620, stack(0x00000024ec900000,0x00000024eca00000) (1024K)]
  0x000001b4c4fceaa0 WorkerThread "GC Thread#4"                     [id=27304, stack(0x00000024eca00000,0x00000024ecb00000) (1024K)]
  0x000001b4c4fcee40 WorkerThread "GC Thread#5"                     [id=22936, stack(0x00000024ecb00000,0x00000024ecc00000) (1024K)]
  0x000001b4c6369600 WorkerThread "GC Thread#6"                     [id=38968, stack(0x00000024ecd00000,0x00000024ece00000) (1024K)]
  0x000001b4c63699a0 WorkerThread "GC Thread#7"                     [id=40656, stack(0x00000024ece00000,0x00000024ecf00000) (1024K)]
  0x000001b4c6d40940 WorkerThread "GC Thread#8"                     [id=45308, stack(0x00000024ecf00000,0x00000024ed000000) (1024K)]
  0x000001b4c726e200 WorkerThread "GC Thread#9"                     [id=46792, stack(0x00000024ed000000,0x00000024ed100000) (1024K)]
  0x000001b4a541e2e0 ConcurrentGCThread "G1 Main Marker"            [id=35144, stack(0x00000024eb400000,0x00000024eb500000) (1024K)]
  0x000001b4a5420100 WorkerThread "G1 Conc#0"                       [id=27720, stack(0x00000024eb500000,0x00000024eb600000) (1024K)]
  0x000001b4c726dac0 WorkerThread "G1 Conc#1"                       [id=30092, stack(0x00000024ed100000,0x00000024ed200000) (1024K)]
  0x000001b4c726de60 WorkerThread "G1 Conc#2"                       [id=44836, stack(0x00000024ed200000,0x00000024ed300000) (1024K)]
  0x000001b4bf0c62b0 ConcurrentGCThread "G1 Refine#0"               [id=39052, stack(0x00000024eb600000,0x00000024eb700000) (1024K)]
  0x000001b4bf0c6d30 ConcurrentGCThread "G1 Service"                [id=38796, stack(0x00000024eb700000,0x00000024eb800000) (1024K)]
Total: 18

Threads with active compile tasks:
C2 CompilerThread0  52880 4056       4       java.util.ArrayList::grow (60 bytes)
Total: 1

VM state: not at safepoint (normal execution)

VM Mutex/Monitor currently owned by a thread: None

Heap address: 0x0000000704800000, size: 4024 MB, Compressed Oops mode: Zero based, Oop shift amount: 3

CDS archive(s) not mapped
Compressed class space mapped at: 0x0000000800000000-0x0000000840000000, reserved size: 1073741824
Narrow klass base: 0x0000000800000000, Narrow klass shift: 0, Narrow klass range: 0x40000000

GC Precious Log:
 CardTable entry size: 512
 Card Set container configuration: InlinePtr #cards 4 size 8 Array Of Cards #cards 16 size 48 Howl #buckets 8 coarsen threshold 3686 Howl Bitmap #cards 512 size 80 coarsen threshold 460 Card regions per heap region 1 cards per card region 4096
 CPUs: 12 total, 12 available
 Memory: 16095M
 Large Page Support: Disabled
 NUMA Support: Disabled
 Compressed Oops: Enabled (Zero based)
 Heap Region Size: 2M
 Heap Min Capacity: 8M
 Heap Initial Capacity: 252M
 Heap Max Capacity: 4024M
 Pre-touch: Disabled
 Parallel Workers: 10
 Concurrent Workers: 3
 Concurrent Refinement Workers: 10
 Periodic GC: Disabled

Heap:
 garbage-first heap   total 55296K, used 20824K [0x0000000704800000, 0x0000000800000000)
  region size 2048K, 4 young (8192K), 1 survivors (2048K)
 Metaspace       used 29268K, committed 29632K, reserved 1114112K
  class space    used 3577K, committed 3776K, reserved 1048576K

Heap Regions: E=young(eden), S=young(survivor), O=old, HS=humongous(starts), HC=humongous(continues), CS=collection set, F=free, TAMS=top-at-mark-start, PB=parsable bottom
|   0|0x0000000704800000, 0x0000000704a00000, 0x0000000704a00000|100%| O|  |TAMS 0x0000000704800000| PB 0x0000000704800000| Untracked 
|   1|0x0000000704a00000, 0x0000000704c00000, 0x0000000704c00000|100%| O|  |TAMS 0x0000000704a00000| PB 0x0000000704a00000| Untracked 
|   2|0x0000000704c00000, 0x0000000704e00000, 0x0000000704e00000|100%| O|  |TAMS 0x0000000704c00000| PB 0x0000000704c00000| Untracked 
|   3|0x0000000704e00000, 0x0000000705000000, 0x0000000705000000|100%| O|  |TAMS 0x0000000704e00000| PB 0x0000000704e00000| Untracked 
|   4|0x0000000705000000, 0x0000000705200000, 0x0000000705200000|100%| O|  |TAMS 0x0000000705000000| PB 0x0000000705000000| Untracked 
|   5|0x0000000705200000, 0x0000000705200000, 0x0000000705400000|  0%| F|  |TAMS 0x0000000705200000| PB 0x0000000705200000| Untracked 
|   6|0x0000000705400000, 0x0000000705600000, 0x0000000705600000|100%| O|  |TAMS 0x0000000705400000| PB 0x0000000705400000| Untracked 
|   7|0x0000000705600000, 0x0000000705800000, 0x0000000705800000|100%| O|  |TAMS 0x0000000705600000| PB 0x0000000705600000| Untracked 
|   8|0x0000000705800000, 0x0000000705865720, 0x0000000705a00000| 19%| O|  |TAMS 0x0000000705800000| PB 0x0000000705800000| Untracked 
|   9|0x0000000705a00000, 0x0000000705a00000, 0x0000000705c00000|  0%| F|  |TAMS 0x0000000705a00000| PB 0x0000000705a00000| Untracked 
|  10|0x0000000705c00000, 0x0000000705c00000, 0x0000000705e00000|  0%| F|  |TAMS 0x0000000705c00000| PB 0x0000000705c00000| Untracked 
|  11|0x0000000705e00000, 0x0000000705e00000, 0x0000000706000000|  0%| F|  |TAMS 0x0000000705e00000| PB 0x0000000705e00000| Untracked 
|  12|0x0000000706000000, 0x0000000706000000, 0x0000000706200000|  0%| F|  |TAMS 0x0000000706000000| PB 0x0000000706000000| Untracked 
|  13|0x0000000706200000, 0x0000000706200000, 0x0000000706400000|  0%| F|  |TAMS 0x0000000706200000| PB 0x0000000706200000| Untracked 
|  14|0x0000000706400000, 0x00000007065f0b60, 0x0000000706600000| 97%| S|CS|TAMS 0x0000000706400000| PB 0x0000000706400000| Complete 
|  15|0x0000000706600000, 0x0000000706600000, 0x0000000706800000|  0%| F|  |TAMS 0x0000000706600000| PB 0x0000000706600000| Untracked 
|  16|0x0000000706800000, 0x0000000706800000, 0x0000000706a00000|  0%| F|  |TAMS 0x0000000706800000| PB 0x0000000706800000| Untracked 
|  17|0x0000000706a00000, 0x0000000706a00000, 0x0000000706c00000|  0%| F|  |TAMS 0x0000000706a00000| PB 0x0000000706a00000| Untracked 
|  18|0x0000000706c00000, 0x0000000706c00000, 0x0000000706e00000|  0%| F|  |TAMS 0x0000000706c00000| PB 0x0000000706c00000| Untracked 
|  19|0x0000000706e00000, 0x0000000706e00000, 0x0000000707000000|  0%| F|  |TAMS 0x0000000706e00000| PB 0x0000000706e00000| Untracked 
|  20|0x0000000707000000, 0x0000000707000000, 0x0000000707200000|  0%| F|  |TAMS 0x0000000707000000| PB 0x0000000707000000| Untracked 
|  21|0x0000000707200000, 0x0000000707200000, 0x0000000707400000|  0%| F|  |TAMS 0x0000000707200000| PB 0x0000000707200000| Untracked 
|  22|0x0000000707400000, 0x0000000707400000, 0x0000000707600000|  0%| F|  |TAMS 0x0000000707400000| PB 0x0000000707400000| Untracked 
|  23|0x0000000707600000, 0x0000000707600000, 0x0000000707800000|  0%| F|  |TAMS 0x0000000707600000| PB 0x0000000707600000| Untracked 
| 117|0x0000000713200000, 0x00000007133a7490, 0x0000000713400000| 82%| E|  |TAMS 0x0000000713200000| PB 0x0000000713200000| Complete 
| 118|0x0000000713400000, 0x0000000713600000, 0x0000000713600000|100%| E|CS|TAMS 0x0000000713400000| PB 0x0000000713400000| Complete 
| 125|0x0000000714200000, 0x0000000714400000, 0x0000000714400000|100%| E|CS|TAMS 0x0000000714200000| PB 0x0000000714200000| Complete 

Card table byte_map: [0x000001b4b8200000,0x000001b4b89e0000] _byte_map_base: 0x000001b4b49dc000

Marking Bits: (CMBitMap*) 0x000001b4a540de80
 Bits: [0x000001b4b89e0000, 0x000001b4bc8c0000)

Polling page: 0x000001b4a3120000

Metaspace:

Usage:
  Non-class:     25.09 MB used.
      Class:      3.49 MB used.
       Both:     28.58 MB used.

Virtual space:
  Non-class space:       64.00 MB reserved,      25.25 MB ( 39%) committed,  1 nodes.
      Class space:        1.00 GB reserved,       3.69 MB ( <1%) committed,  1 nodes.
             Both:        1.06 GB reserved,      28.94 MB (  3%) committed. 

Chunk freelists:
   Non-Class:  6.31 MB
       Class:  12.23 MB
        Both:  18.54 MB

MaxMetaspaceSize: unlimited
CompressedClassSpaceSize: 1.00 GB
Initial GC threshold: 21.00 MB
Current GC threshold: 35.12 MB
CDS: off
 - commit_granule_bytes: 65536.
 - commit_granule_words: 8192.
 - virtual_space_node_default_size: 8388608.
 - enlarge_chunks_in_place: 1.
 - use_allocation_guard: 0.


Internal statistics:

num_allocs_failed_limit: 3.
num_arena_births: 418.
num_arena_deaths: 0.
num_vsnodes_births: 2.
num_vsnodes_deaths: 0.
num_space_committed: 463.
num_space_uncommitted: 0.
num_chunks_returned_to_freelist: 3.
num_chunks_taken_from_freelist: 1027.
num_chunk_merges: 0.
num_chunk_splits: 592.
num_chunks_enlarged: 349.
num_inconsistent_stats: 0.

CodeHeap 'non-profiled nmethods': size=120000Kb used=1657Kb max_used=1657Kb free=118342Kb
 bounds [0x000001b4affa0000, 0x000001b4b0210000, 0x000001b4b74d0000]
CodeHeap 'profiled nmethods': size=120000Kb used=8464Kb max_used=8464Kb free=111535Kb
 bounds [0x000001b4a84d0000, 0x000001b4a8d20000, 0x000001b4afa00000]
CodeHeap 'non-nmethods': size=5760Kb used=1457Kb max_used=1486Kb free=4302Kb
 bounds [0x000001b4afa00000, 0x000001b4afc70000, 0x000001b4affa0000]
CodeCache: size=245760Kb, used=11578Kb, max_used=11607Kb, free=234179Kb
 total_blobs=4612, nmethods=4056, adapters=460, full_count=0
Compilation: enabled, stopped_count=0, restarted_count=0

Compilation events (20 events):
Event: 50.693 Thread 0x000001b4bf780510 nmethod 4046 0x000001b4a8cfb990 code [0x000001b4a8cfc920, 0x000001b4a8d06c40]
Event: 51.067 Thread 0x000001b4bf780510 4047   !   3       org.openqa.selenium.remote.http.HttpMessage::getContentEncoding (87 bytes)
Event: 51.069 Thread 0x000001b4bf780510 nmethod 4047 0x000001b4a8d09490 code [0x000001b4a8d097c0, 0x000001b4a8d0aa60]
Event: 51.069 Thread 0x000001b4bf780510 4049   !   3       org.openqa.selenium.json.Json::toType (68 bytes)
Event: 51.070 Thread 0x000001b4bf780510 nmethod 4049 0x000001b4a8d0b290 code [0x000001b4a8d0b500, 0x000001b4a8d0bfb8]
Event: 51.070 Thread 0x000001b4bf780510 4048   !   3       org.openqa.selenium.remote.http.Contents::bytes (98 bytes)
Event: 51.071 Thread 0x000001b4bf780510 nmethod 4048 0x000001b4a8d0c590 code [0x000001b4a8d0c840, 0x000001b4a8d0d538]
Event: 51.081 Thread 0x000001b4bf770e70 4050       4       java.lang.Math::floorDiv (30 bytes)
Event: 51.082 Thread 0x000001b4bf770e70 nmethod 4050 0x000001b4b013be90 code [0x000001b4b013c020, 0x000001b4b013c108]
Event: 51.634 Thread 0x000001b4bf780510 4051       1       org.openqa.selenium.By$BaseW3CLocator::getRemoteParameters (5 bytes)
Event: 51.634 Thread 0x000001b4bf780510 nmethod 4051 0x000001b4b013c210 code [0x000001b4b013c3a0, 0x000001b4b013c470]
Event: 51.656 Thread 0x000001b4bf770e70 4052       4       jdk.internal.net.http.common.SequentialScheduler$TryEndDeferredCompleter::complete (170 bytes)
Event: 51.682 Thread 0x000001b4bf770e70 nmethod 4052 0x000001b4b013c510 code [0x000001b4b013c840, 0x000001b4b013d890]
Event: 51.727 Thread 0x000001b4bf780510 4053   !   3       java.util.concurrent.locks.LockSupport::parkNanos (56 bytes)
Event: 51.728 Thread 0x000001b4bf780510 nmethod 4053 0x000001b4a8d0db90 code [0x000001b4a8d0dda0, 0x000001b4a8d0e1e0]
Event: 51.744 Thread 0x000001b4bf780510 4054       3       org.openqa.selenium.SharedCapabilitiesMethods::abbreviate (274 bytes)
Event: 51.747 Thread 0x000001b4bf780510 nmethod 4054 0x000001b4a8d0e390 code [0x000001b4a8d0ea40, 0x000001b4a8d122d8]
Event: 52.277 Thread 0x000001b4bf780510 4055       3       java.util.stream.Collectors$$Lambda/0x0000000800131578::accept (12 bytes)
Event: 52.278 Thread 0x000001b4bf780510 nmethod 4055 0x000001b4a8d13390 code [0x000001b4a8d13560, 0x000001b4a8d138a8]
Event: 52.780 Thread 0x000001b4bf770e70 4056       4       java.util.ArrayList::grow (60 bytes)

GC Heap History (12 events):
Event: 1.018 GC heap before
{Heap before GC invocations=0 (full 0):
 garbage-first heap   total 258048K, used 20480K [0x0000000704800000, 0x0000000800000000)
  region size 2048K, 11 young (22528K), 0 survivors (0K)
 Metaspace       used 11083K, committed 11264K, reserved 1114112K
  class space    used 1092K, committed 1216K, reserved 1048576K
}
Event: 1.026 GC heap after
{Heap after GC invocations=1 (full 0):
 garbage-first heap   total 258048K, used 10741K [0x0000000704800000, 0x0000000800000000)
  region size 2048K, 2 young (4096K), 2 survivors (4096K)
 Metaspace       used 11083K, committed 11264K, reserved 1114112K
  class space    used 1092K, committed 1216K, reserved 1048576K
}
Event: 1.576 GC heap before
{Heap before GC invocations=1 (full 0):
 garbage-first heap   total 258048K, used 29173K [0x0000000704800000, 0x0000000800000000)
  region size 2048K, 11 young (22528K), 2 survivors (4096K)
 Metaspace       used 16074K, committed 16384K, reserved 1114112K
  class space    used 1886K, committed 2048K, reserved 1048576K
}
Event: 1.581 GC heap after
{Heap after GC invocations=2 (full 0):
 garbage-first heap   total 258048K, used 12979K [0x0000000704800000, 0x0000000800000000)
  region size 2048K, 1 young (2048K), 1 survivors (2048K)
 Metaspace       used 16074K, committed 16384K, reserved 1114112K
  class space    used 1886K, committed 2048K, reserved 1048576K
}
Event: 2.042 GC heap before
{Heap before GC invocations=2 (full 0):
 garbage-first heap   total 258048K, used 23219K [0x0000000704800000, 0x0000000800000000)
  region size 2048K, 8 young (16384K), 1 survivors (2048K)
 Metaspace       used 21226K, committed 21504K, reserved 1114112K
  class space    used 2514K, committed 2624K, reserved 1048576K
}
Event: 2.045 GC heap after
{Heap after GC invocations=3 (full 0):
 garbage-first heap   total 258048K, used 15022K [0x0000000704800000, 0x0000000800000000)
  region size 2048K, 2 young (4096K), 2 survivors (4096K)
 Metaspace       used 21226K, committed 21504K, reserved 1114112K
  class space    used 2514K, committed 2624K, reserved 1048576K
}
Event: 14.388 GC heap before
{Heap before GC invocations=4 (full 0):
 garbage-first heap   total 55296K, used 43694K [0x0000000704800000, 0x0000000800000000)
  region size 2048K, 16 young (32768K), 2 survivors (4096K)
 Metaspace       used 26866K, committed 27264K, reserved 1114112K
  class space    used 3280K, committed 3456K, reserved 1048576K
}
Event: 14.402 GC heap after
{Heap after GC invocations=5 (full 0):
 garbage-first heap   total 55296K, used 16732K [0x0000000704800000, 0x0000000800000000)
  region size 2048K, 2 young (4096K), 2 survivors (4096K)
 Metaspace       used 26866K, committed 27264K, reserved 1114112K
  class space    used 3280K, committed 3456K, reserved 1048576K
}
Event: 30.748 GC heap before
{Heap before GC invocations=5 (full 0):
 garbage-first heap   total 55296K, used 35164K [0x0000000704800000, 0x0000000800000000)
  region size 2048K, 12 young (24576K), 2 survivors (4096K)
 Metaspace       used 28933K, committed 29312K, reserved 1114112K
  class space    used 3575K, committed 3776K, reserved 1048576K
}
Event: 30.754 GC heap after
{Heap after GC invocations=6 (full 0):
 garbage-first heap   total 55296K, used 16821K [0x0000000704800000, 0x0000000800000000)
  region size 2048K, 2 young (4096K), 2 survivors (4096K)
 Metaspace       used 28933K, committed 29312K, reserved 1114112K
  class space    used 3575K, committed 3776K, reserved 1048576K
}
Event: 45.792 GC heap before
{Heap before GC invocations=6 (full 0):
 garbage-first heap   total 55296K, used 37301K [0x0000000704800000, 0x0000000800000000)
  region size 2048K, 12 young (24576K), 2 survivors (4096K)
 Metaspace       used 29164K, committed 29504K, reserved 1114112K
  class space    used 3576K, committed 3776K, reserved 1048576K
}
Event: 45.795 GC heap after
{Heap after GC invocations=7 (full 0):
 garbage-first heap   total 55296K, used 16728K [0x0000000704800000, 0x0000000800000000)
  region size 2048K, 1 young (2048K), 1 survivors (2048K)
 Metaspace       used 29164K, committed 29504K, reserved 1114112K
  class space    used 3576K, committed 3776K, reserved 1048576K
}

Dll operation events (2 events):
Event: 0.015 Loaded shared library C:\Program Files\Android\Android Studio\jbr\bin\java.dll
Event: 0.025 Loaded shared library C:\Program Files\Android\Android Studio\jbr\bin\zip.dll

Deoptimization events (20 events):
Event: 3.218 Thread 0x000001b4a53a6490 Uncommon trap: trap_request=0xffffffde fr.pc=0x000001b4afff507c relative=0x00000000000002bc
Event: 3.218 Thread 0x000001b4a53a6490 Uncommon trap: reason=class_check action=maybe_recompile pc=0x000001b4afff507c method=java.io.DataInputStream.readFully([BII)V @ 30 c2
Event: 3.218 Thread 0x000001b4a53a6490 DEOPT PACKING pc=0x000001b4afff507c sp=0x00000024eb2fb530
Event: 3.218 Thread 0x000001b4a53a6490 DEOPT UNPACKING pc=0x000001b4afa546a2 sp=0x00000024eb2fb508 mode 2
Event: 3.228 Thread 0x000001b4a53a6490 Uncommon trap: trap_request=0xffffff45 fr.pc=0x000001b4b00c2c68 relative=0x0000000000000308
Event: 3.228 Thread 0x000001b4a53a6490 Uncommon trap: reason=unstable_if action=reinterpret pc=0x000001b4b00c2c68 method=jdk.internal.jimage.ImageStringsReader.stringFromByteBufferMatches(Ljava/nio/ByteBuffer;ILjava/lang/String;I)I @ 48 c2
Event: 3.228 Thread 0x000001b4a53a6490 DEOPT PACKING pc=0x000001b4b00c2c68 sp=0x00000024eb2facb0
Event: 3.228 Thread 0x000001b4a53a6490 DEOPT UNPACKING pc=0x000001b4afa546a2 sp=0x00000024eb2fac28 mode 2
Event: 3.236 Thread 0x000001b4a53a6490 Uncommon trap: trap_request=0xffffff45 fr.pc=0x000001b4affe8200 relative=0x0000000000000240
Event: 3.236 Thread 0x000001b4a53a6490 Uncommon trap: reason=unstable_if action=reinterpret pc=0x000001b4affe8200 method=jdk.internal.util.ArraysSupport.mismatch([BI[BII)I @ 55 c2
Event: 3.236 Thread 0x000001b4a53a6490 DEOPT PACKING pc=0x000001b4affe8200 sp=0x00000024eb2f6f00
Event: 3.236 Thread 0x000001b4a53a6490 DEOPT UNPACKING pc=0x000001b4afa546a2 sp=0x00000024eb2f6da0 mode 2
Event: 3.335 Thread 0x000001b4c631d110 DEOPT PACKING pc=0x000001b4a852bc1b sp=0x00000024ed9fe760
Event: 3.335 Thread 0x000001b4c631d110 DEOPT UNPACKING pc=0x000001b4afa54e42 sp=0x00000024ed9fdc20 mode 0
Event: 9.290 Thread 0x000001b4a53a6490 Uncommon trap: trap_request=0xffffffc6 fr.pc=0x000001b4b00affc4 relative=0x0000000000000464
Event: 9.290 Thread 0x000001b4a53a6490 Uncommon trap: reason=bimorphic_or_optimized_type_check action=maybe_recompile pc=0x000001b4b00affc4 method=java.util.regex.Matcher.search(I)Z @ 121 c2
Event: 9.290 Thread 0x000001b4a53a6490 DEOPT PACKING pc=0x000001b4b00affc4 sp=0x00000024eb2fc840
Event: 9.290 Thread 0x000001b4a53a6490 DEOPT UNPACKING pc=0x000001b4afa546a2 sp=0x00000024eb2fc7d0 mode 2
Event: 12.147 Thread 0x000001b4a53a6490 DEOPT PACKING pc=0x000001b4a8a3cc0b sp=0x00000024eb2fbb00
Event: 12.147 Thread 0x000001b4a53a6490 DEOPT UNPACKING pc=0x000001b4afa54e42 sp=0x00000024eb2fafb0 mode 0

Classes loaded (20 events):
Event: 3.246 Loading class java/time/ZonedDateTime$1
Event: 3.246 Loading class java/time/ZonedDateTime$1 done
Event: 3.246 Loading class java/text/DateFormatSymbols
Event: 3.246 Loading class java/text/DateFormatSymbols done
Event: 3.246 Loading class java/text/spi/DateFormatSymbolsProvider
Event: 3.246 Loading class java/text/spi/DateFormatSymbolsProvider done
Event: 3.246 Loading class sun/util/locale/provider/DateFormatSymbolsProviderImpl
Event: 3.246 Loading class sun/util/locale/provider/DateFormatSymbolsProviderImpl done
Event: 3.247 Loading class java/time/LocalTime$1
Event: 3.247 Loading class java/time/LocalTime$1 done
Event: 3.320 Loading class java/util/TreeMap$EntrySpliterator
Event: 3.320 Loading class java/util/TreeMap$EntrySpliterator done
Event: 3.321 Loading class java/util/stream/SortedOps$SizedRefSortingSink
Event: 3.321 Loading class java/util/stream/SortedOps$SizedRefSortingSink done
Event: 4.890 Loading class java/time/Clock$SystemClock
Event: 4.891 Loading class java/time/Clock$SystemClock done
Event: 17.645 Loading class java/time/OffsetDateTime
Event: 17.646 Loading class java/time/OffsetDateTime done
Event: 50.655 Loading class java/lang/foreign/MemorySegment
Event: 50.656 Loading class java/lang/foreign/MemorySegment done

Classes unloaded (0 events):
No events

Classes redefined (0 events):
No events

Internal exceptions (20 events):
Event: 1.873 Thread 0x000001b4a53a6490 Exception <a 'java/lang/NoSuchMethodError'{0x0000000713ed59b0}: 'java.lang.Object java.lang.invoke.DirectMethodHandle$Holder.invokeStatic(java.lang.Object, int, java.lang.Object, java.lang.Object)'> (0x0000000713ed59b0) 
thrown [s\src\hotspot\share\interpreter\linkResolver.cpp, line 784]
Event: 1.873 Thread 0x000001b4a53a6490 Exception <a 'java/lang/NoSuchMethodError'{0x0000000713edd0d0}: 'java.lang.Object java.lang.invoke.DelegatingMethodHandle$Holder.delegate(java.lang.Object, int, java.lang.Object, java.lang.Object)'> (0x0000000713edd0d0) 
thrown [s\src\hotspot\share\interpreter\linkResolver.cpp, line 784]
Event: 1.875 Thread 0x000001b4a53a6490 Exception <a 'java/lang/NoSuchMethodError'{0x0000000713eecb08}: 'int java.lang.invoke.Invokers$Holder.linkToTargetMethod(java.lang.Object, java.lang.Object, java.lang.Object)'> (0x0000000713eecb08) 
thrown [s\src\hotspot\share\interpreter\linkResolver.cpp, line 784]
Event: 1.877 Thread 0x000001b4a53a6490 Exception <a 'java/lang/NoSuchMethodError'{0x0000000713f1bbf0}: 'long java.lang.invoke.DirectMethodHandle$Holder.invokeSpecial(java.lang.Object, java.lang.Object)'> (0x0000000713f1bbf0) 
thrown [s\src\hotspot\share\interpreter\linkResolver.cpp, line 784]
Event: 1.930 Thread 0x000001b4a53a6490 Exception <a 'sun/nio/fs/WindowsException'{0x0000000713c582b8}> (0x0000000713c582b8) 
thrown [s\src\hotspot\share\prims\jni.cpp, line 537]
Event: 2.059 Thread 0x000001b4a53a6490 Exception <a 'java/lang/NoSuchMethodError'{0x0000000714266848}: 'java.lang.Object java.lang.invoke.DirectMethodHandle$Holder.invokeStaticInit(java.lang.Object, java.lang.Object, int, int, int, int)'> (0x0000000714266848) 
thrown [s\src\hotspot\share\interpreter\linkResolver.cpp, line 784]
Event: 2.118 Thread 0x000001b4a53a6490 Exception <a 'java/lang/IncompatibleClassChangeError'{0x00000007076ba0d0}: Found class java.lang.Object, but interface was expected> (0x00000007076ba0d0) 
thrown [s\src\hotspot\share\interpreter\linkResolver.cpp, line 851]
Event: 2.122 Thread 0x000001b4a53a6490 Exception <a 'java/lang/NoSuchMethodError'{0x00000007076dbcd8}: 'java.lang.Object java.lang.invoke.DirectMethodHandle$Holder.invokeVirtual(java.lang.Object, java.lang.Object, java.lang.Object, java.lang.Object)'> (0x00000007076dbcd8) 
thrown [s\src\hotspot\share\interpreter\linkResolver.cpp, line 784]
Event: 2.173 Thread 0x000001b4c631ca80 Exception <a 'java/net/ConnectException'{0x00000007074a1378}: Connection refused: getsockopt> (0x00000007074a1378) 
thrown [s\src\hotspot\share\prims\jni.cpp, line 572]
Event: 2.189 Thread 0x000001b4c631ca80 Exception <a 'java/net/ConnectException'{0x00000007074a24c8}: Connection refused: getsockopt> (0x00000007074a24c8) 
thrown [s\src\hotspot\share\prims\jni.cpp, line 572]
Event: 2.244 Thread 0x000001b4a53a6490 Exception <a 'java/lang/NoSuchMethodError'{0x00000007075f4968}: 'java.lang.Object java.lang.invoke.DirectMethodHandle$Holder.newInvokeSpecial(java.lang.Object, java.lang.Object, int, int)'> (0x00000007075f4968) 
thrown [s\src\hotspot\share\interpreter\linkResolver.cpp, line 784]
Event: 2.245 Thread 0x000001b4a53a6490 Exception <a 'java/lang/NoSuchMethodError'{0x00000007075ff208}: 'void java.lang.invoke.DirectMethodHandle$Holder.invokeStatic(java.lang.Object, java.lang.Object, int)'> (0x00000007075ff208) 
thrown [s\src\hotspot\share\interpreter\linkResolver.cpp, line 784]
Event: 2.280 Thread 0x000001b4c631d110 Exception <a 'java/lang/NoSuchMethodError'{0x00000007070e34d8}: 'java.lang.Object java.lang.invoke.DirectMethodHandle$Holder.invokeSpecial(java.lang.Object, java.lang.Object, java.lang.Object, java.lang.Object, int)'> (0x00000007070e34d8) 
thrown [s\src\hotspot\share\interpreter\linkResolver.cpp, line 784]
Event: 2.280 Thread 0x000001b4c631d110 Exception <a 'java/lang/NoSuchMethodError'{0x00000007070e6e30}: 'java.lang.Object java.lang.invoke.Invokers$Holder.linkToTargetMethod(java.lang.Object, java.lang.Object, int, java.lang.Object)'> (0x00000007070e6e30) 
thrown [s\src\hotspot\share\interpreter\linkResolver.cpp, line 784]
Event: 2.304 Thread 0x000001b4c631de30 Exception <a 'java/lang/NoSuchMethodError'{0x0000000707715a60}: 'int java.lang.invoke.DirectMethodHandle$Holder.invokeStatic(java.lang.Object, int, java.lang.Object)'> (0x0000000707715a60) 
thrown [s\src\hotspot\share\interpreter\linkResolver.cpp, line 784]
Event: 3.113 Thread 0x000001b4c6a72bb0 Exception <a 'java/lang/NoSuchMethodError'{0x0000000706f86480}: 'void java.lang.invoke.DirectMethodHandle$Holder.invokeSpecial(java.lang.Object, java.lang.Object, java.lang.Object, java.lang.Object, java.lang.Object, java.lang.Object, java.lang.Object)'> (0x0000000706f86480) 
thrown [s\src\hotspot\share\interpreter\linkResolver.cpp, line 784]
Event: 3.124 Thread 0x000001b4a53a6490 Exception <a 'java/lang/NoSuchMethodError'{0x00000007072e45b8}: 'java.lang.Object java.lang.invoke.DirectMethodHandle$Holder.invokeSpecialIFC(java.lang.Object, java.lang.Object, java.lang.Object)'> (0x00000007072e45b8) 
thrown [s\src\hotspot\share\interpreter\linkResolver.cpp, line 784]
Event: 3.244 Thread 0x000001b4a53a6490 Exception <a 'java/lang/ClassNotFoundException'{0x0000000706889400}: sun/util/logging/resources/spi/loggingProvider> (0x0000000706889400) 
thrown [s\src\hotspot\share\classfile\systemDictionary.cpp, line 312]
Event: 3.298 Thread 0x000001b4a53a6490 Exception <a 'java/lang/IncompatibleClassChangeError'{0x000000070692cd20}: Found class java.lang.Object, but interface was expected> (0x000000070692cd20) 
thrown [s\src\hotspot\share\interpreter\linkResolver.cpp, line 851]
Event: 17.640 Thread 0x000001b4a53a6490 Exception <a 'java/lang/IncompatibleClassChangeError'{0x00000007076d1cd0}: Found class java.lang.Object, but interface was expected> (0x00000007076d1cd0) 
thrown [s\src\hotspot\share\interpreter\linkResolver.cpp, line 851]

ZGC Phase Switch (0 events):
No events

VM Operations (20 events):
Event: 39.836 Executing VM operation: Cleanup
Event: 39.837 Executing VM operation: Cleanup done
Event: 40.846 Executing VM operation: Cleanup
Event: 40.846 Executing VM operation: Cleanup done
Event: 41.856 Executing VM operation: Cleanup
Event: 41.856 Executing VM operation: Cleanup done
Event: 43.874 Executing VM operation: Cleanup
Event: 43.874 Executing VM operation: Cleanup done
Event: 45.792 Executing VM operation: G1CollectForAllocation (G1 Evacuation Pause)
Event: 45.795 Executing VM operation: G1CollectForAllocation (G1 Evacuation Pause) done
Event: 46.809 Executing VM operation: Cleanup
Event: 46.809 Executing VM operation: Cleanup done
Event: 47.817 Executing VM operation: Cleanup
Event: 47.817 Executing VM operation: Cleanup done
Event: 48.825 Executing VM operation: Cleanup
Event: 48.825 Executing VM operation: Cleanup done
Event: 50.844 Executing VM operation: Cleanup
Event: 50.844 Executing VM operation: Cleanup done
Event: 51.847 Executing VM operation: Cleanup
Event: 51.847 Executing VM operation: Cleanup done

Memory protections (0 events):
No events

Nmethod flushes (0 events):
No events

Events (20 events):
Event: 2.106 Thread 0x000001b4a53a6490 Thread added: 0x000001b4c631de30
Event: 2.139 Thread 0x000001b4a53a6490 Thread added: 0x000001b4c631bd60
Event: 2.140 Thread 0x000001b4a53a6490 Thread added: 0x000001b4c631d7a0
Event: 2.141 Thread 0x000001b4a53a6490 Thread added: 0x000001b4c631c3f0
Event: 2.145 Thread 0x000001b4c631d7a0 Thread added: 0x000001b4c631ca80
Event: 2.226 Thread 0x000001b4c631ca80 Thread added: 0x000001b4c631eb50
Event: 2.258 Thread 0x000001b4a53a6490 Thread added: 0x000001b4c631d110
Event: 2.259 Thread 0x000001b4a53a6490 Thread added: 0x000001b4c6a72520
Event: 2.305 Thread 0x000001b4c631de30 Thread added: 0x000001b4c6a72bb0
Event: 2.306 Thread 0x000001b4c631de30 Thread added: 0x000001b4c6a71800
Event: 2.306 Thread 0x000001b4c631de30 Thread added: 0x000001b4c6a73240
Event: 3.104 Thread 0x000001b4bfa562b0 Thread exited: 0x000001b4bfa562b0
Event: 3.151 Thread 0x000001b4a53a6490 Thread added: 0x000001b4c6a6fdc0
Event: 3.152 Thread 0x000001b4a53a6490 Thread added: 0x000001b4c6a70ae0
Event: 3.153 Thread 0x000001b4c6a6fdc0 Thread added: 0x000001b4c6a738d0
Event: 3.154 Thread 0x000001b4c6a6fdc0 Thread added: 0x000001b4c6a71170
Event: 3.227 Thread 0x000001b4bf780510 Thread added: 0x000001b4c5908dd0
Event: 4.179 Thread 0x000001b4c5908dd0 Thread exited: 0x000001b4c5908dd0
Event: 8.649 Thread 0x000001b4c631f1e0 Thread exited: 0x000001b4c631f1e0
Event: 12.250 Thread 0x000001b4c631eb50 Thread exited: 0x000001b4c631eb50


Dynamic libraries:
0x00007ff7e9710000 - 0x00007ff7e971a000 	C:\Program Files\Android\Android Studio\jbr\bin\java.exe
0x00007ffae70c0000 - 0x00007ffae7327000 	C:\WINDOWS\SYSTEM32\ntdll.dll
0x00007ffac1ab0000 - 0x00007ffac1ad0000 	C:\Program Files\Avast Software\Avast\aswhook.dll
0x00007ffae5020000 - 0x00007ffae50e9000 	C:\WINDOWS\System32\KERNEL32.DLL
0x00007ffae4130000 - 0x00007ffae4524000 	C:\WINDOWS\System32\KERNELBASE.dll
0x00007ffae3b50000 - 0x00007ffae3c9b000 	C:\WINDOWS\System32\ucrtbase.dll
0x00007ff9f74b0000 - 0x00007ff9f74c8000 	C:\Program Files\Android\Android Studio\jbr\bin\jli.dll
0x00007ff9f2650000 - 0x00007ff9f266b000 	C:\Program Files\Android\Android Studio\jbr\bin\VCRUNTIME140.dll
0x00007ffae6170000 - 0x00007ffae6335000 	C:\WINDOWS\System32\USER32.dll
0x00007ffae3f80000 - 0x00007ffae3fa7000 	C:\WINDOWS\System32\win32u.dll
0x00007ffac1e40000 - 0x00007ffac20d3000 	C:\WINDOWS\WinSxS\amd64_microsoft.windows.common-controls_6595b64144ccf1df_6.0.26100.8115_none_3e075c82e3354f9c\COMCTL32.dll
0x00007ffae50f0000 - 0x00007ffae511b000 	C:\WINDOWS\System32\GDI32.dll
0x00007ffae55b0000 - 0x00007ffae5659000 	C:\WINDOWS\System32\msvcrt.dll
0x00007ffae3a20000 - 0x00007ffae3b4a000 	C:\WINDOWS\System32\gdi32full.dll
0x00007ffae4530000 - 0x00007ffae45d3000 	C:\WINDOWS\System32\msvcp_win.dll
0x00007ffae63d0000 - 0x00007ffae6402000 	C:\WINDOWS\System32\IMM32.DLL
0x00007ffa975b0000 - 0x00007ffa975bc000 	C:\Program Files\Android\Android Studio\jbr\bin\vcruntime140_1.dll
0x00007ff9dee40000 - 0x00007ff9deecd000 	C:\Program Files\Android\Android Studio\jbr\bin\msvcp140.dll
0x00007ff978110000 - 0x00007ff978da6000 	C:\Program Files\Android\Android Studio\jbr\bin\server\jvm.dll
0x00007ffae64f0000 - 0x00007ffae65a6000 	C:\WINDOWS\System32\ADVAPI32.dll
0x00007ffae6440000 - 0x00007ffae64e7000 	C:\WINDOWS\System32\sechost.dll
0x00007ffae5ae0000 - 0x00007ffae5bf8000 	C:\WINDOWS\System32\RPCRT4.dll
0x00007ffae6340000 - 0x00007ffae63c0000 	C:\WINDOWS\System32\WS2_32.dll
0x00007ffad8850000 - 0x00007ffad8886000 	C:\WINDOWS\SYSTEM32\WINMM.dll
0x00007ffae37f0000 - 0x00007ffae384e000 	C:\WINDOWS\SYSTEM32\POWRPROF.dll
0x00007ffacf690000 - 0x00007ffacf69b000 	C:\WINDOWS\SYSTEM32\VERSION.dll
0x00007ffae37d0000 - 0x00007ffae37e4000 	C:\WINDOWS\SYSTEM32\UMPDC.dll
0x00007ffae26f0000 - 0x00007ffae270b000 	C:\WINDOWS\SYSTEM32\kernel.appcore.dll
0x00007ffa93f60000 - 0x00007ffa93f6a000 	C:\Program Files\Android\Android Studio\jbr\bin\jimage.dll
0x00007ffae18d0000 - 0x00007ffae1b12000 	C:\WINDOWS\SYSTEM32\DBGHELP.DLL
0x00007ffae56d0000 - 0x00007ffae5a52000 	C:\WINDOWS\System32\combase.dll
0x00007ffae6000000 - 0x00007ffae60d7000 	C:\WINDOWS\System32\OLEAUT32.dll
0x00007ffacf280000 - 0x00007ffacf2bb000 	C:\WINDOWS\SYSTEM32\dbgcore.DLL
0x00007ffae3ed0000 - 0x00007ffae3f75000 	C:\WINDOWS\System32\bcryptPrimitives.dll
0x00007ff9f21b0000 - 0x00007ff9f21d0000 	C:\Program Files\Android\Android Studio\jbr\bin\java.dll
0x00007ff9f2190000 - 0x00007ff9f21a8000 	C:\Program Files\Android\Android Studio\jbr\bin\zip.dll
0x00007ffae66b0000 - 0x00007ffae6e16000 	C:\WINDOWS\System32\SHELL32.dll
0x00007ffae3ca0000 - 0x00007ffae3e0a000 	C:\WINDOWS\System32\wintypes.dll
0x00007ffae45e0000 - 0x00007ffae4e45000 	C:\WINDOWS\System32\windows.storage.dll
0x00007ffae65b0000 - 0x00007ffae66a7000 	C:\WINDOWS\System32\SHCORE.dll
0x00007ffae5c10000 - 0x00007ffae5c76000 	C:\WINDOWS\System32\shlwapi.dll
0x00007ffae38b0000 - 0x00007ffae38d9000 	C:\WINDOWS\SYSTEM32\profapi.dll
0x00007ffa93cc0000 - 0x00007ffa93cd0000 	C:\Program Files\Android\Android Studio\jbr\bin\net.dll
0x00007ffad8690000 - 0x00007ffad87bd000 	C:\WINDOWS\SYSTEM32\WINHTTP.dll
0x00007ffae2c40000 - 0x00007ffae2cac000 	C:\WINDOWS\system32\mswsock.dll
0x00007ff9e5920000 - 0x00007ff9e5936000 	C:\Program Files\Android\Android Studio\jbr\bin\nio.dll
0x00007ffae2170000 - 0x00007ffae21a2000 	C:\WINDOWS\SYSTEM32\IPHLPAPI.DLL
0x00007ffae5c00000 - 0x00007ffae5c0a000 	C:\WINDOWS\System32\NSI.dll
0x00007ffa93c80000 - 0x00007ffa93c89000 	C:\Program Files\Android\Android Studio\jbr\bin\extnet.dll
0x00007ffae21b0000 - 0x00007ffae22e2000 	C:\WINDOWS\SYSTEM32\DNSAPI.dll
0x00007ffad2280000 - 0x00007ffad228b000 	C:\Windows\System32\rasadhlp.dll
0x00007ffadaa60000 - 0x00007ffadaae6000 	C:\WINDOWS\System32\fwpuclnt.dll
0x00007ffa934f0000 - 0x00007ffa934f9000 	C:\Program Files\Android\Android Studio\jbr\bin\management.dll
0x00007ffa8a800000 - 0x00007ffa8a80b000 	C:\Program Files\Android\Android Studio\jbr\bin\management_ext.dll
0x00007ffae5a60000 - 0x00007ffae5a68000 	C:\WINDOWS\System32\PSAPI.DLL
0x00007ffae2f60000 - 0x00007ffae2f7b000 	C:\WINDOWS\SYSTEM32\CRYPTSP.dll
0x00007ffae2650000 - 0x00007ffae2689000 	C:\WINDOWS\system32\rsaenh.dll
0x00007ffae2d00000 - 0x00007ffae2d33000 	C:\WINDOWS\SYSTEM32\USERENV.dll
0x00007ffae3880000 - 0x00007ffae38aa000 	C:\WINDOWS\SYSTEM32\bcrypt.dll
0x00007ffae2f50000 - 0x00007ffae2f5c000 	C:\WINDOWS\SYSTEM32\CRYPTBASE.dll
0x00007ffaa4c70000 - 0x00007ffaa4c78000 	C:\WINDOWS\system32\wshunix.dll

JVMTI agents: none

dbghelp: loaded successfully - version: 4.0.5 - missing functions: none
symbol engine: initialized successfully - sym options: 0x614 - pdb path: .;C:\Program Files\Android\Android Studio\jbr\bin;C:\WINDOWS\SYSTEM32;C:\Program Files\Avast Software\Avast;C:\WINDOWS\WinSxS\amd64_microsoft.windows.common-controls_6595b64144ccf1df_6.0.26100.8115_none_3e075c82e3354f9c;C:\Program Files\Android\Android Studio\jbr\bin\server

VM Arguments:
jvm_args: -ea -XX:+ShowCodeDetailsInExceptionMessages -Dfile.encoding=UTF-8 
java_command: org.eclipse.jdt.internal.junit.runner.RemoteTestRunner -version 3 -port 56990 -testLoaderClass org.eclipse.jdt.internal.junit6.runner.JUnit6TestLoader -loaderpluginname org.eclipse.jdt.junit6.runtime -testNameFile C:\Users\iratx\AppData\Local\Temp\testNames5690989729228303165.txt
java_class_path (initial): c:\Users\iratx\Desktop\ISPP-PRPYECT\Cerebrus\backend\target\test-classes;c:\Users\iratx\Desktop\ISPP-PRPYECT\Cerebrus\backend\target\classes;c:\Users\iratx\.m2\repository\org\springframework\boot\spring-boot-starter-web\4.0.2\spring-boot-starter-web-4.0.2.jar;c:\Users\iratx\.m2\repository\org\springframework\boot\spring-boot-starter-jackson\4.0.2\spring-boot-starter-jackson-4.0.2.jar;c:\Users\iratx\.m2\repository\org\springframework\boot\spring-boot-jackson\4.0.2\spring-boot-jackson-4.0.2.jar;c:\Users\iratx\.m2\repository\tools\jackson\core\jackson-databind\3.0.4\jackson-databind-3.0.4.jar;c:\Users\iratx\.m2\repository\tools\jackson\core\jackson-core\3.0.4\jackson-core-3.0.4.jar;c:\Users\iratx\.m2\repository\org\springframework\boot\spring-boot-starter-tomcat\4.0.2\spring-boot-starter-tomcat-4.0.2.jar;c:\Users\iratx\.m2\repository\org\springframework\boot\spring-boot-starter-tomcat-runtime\4.0.2\spring-boot-starter-tomcat-runtime-4.0.2.jar;c:\Users\iratx\.m2\repository\org\springframework\boot\spring-boot-web-server\4.0.2\spring-boot-web-server-4.0.2.jar;c:\Users\iratx\.m2\repository\org\apache\tomcat\embed\tomcat-embed-core\11.0.15\tomcat-embed-core-11.0.15.jar;c:\Users\iratx\.m2\repository\org\apache\tomcat\embed\tomcat-embed-websocket\11.0.15\tomcat-embed-websocket-11.0.15.jar;c:\Users\iratx\.m2\repository\org\springframework\boot\spring-boot-tomcat\4.0.2\spring-boot-tomcat-4.0.2.jar;c:\Users\iratx\.m2\repository\org\springframework\boot\spring-boot-http-converter\4.0.2\spring-boot-http-converter-4.0.2.jar;c:\Users\iratx\.m2\repository\org\springframework\spring-web\7.0.3\spring-web-7.0.3.jar;c:\Users\iratx\.m2\repository\org\springframework\boot\spring-boot-webmvc\4.0.2\spring-boot-webmvc-4.0.2.jar;c:\Users\iratx\.m2\repository\org\springframework\boot\spring-boot-servlet\4.0.2\spring-boot-servlet-4.0.2.jar;c:\Users\iratx\.m2\repository\org\springframework\spring-webmvc\7.0.3\spring-webmvc-7.0.3.jar;c:\Users\iratx\.m2\repository\org\springframework\boot\spring-boot-starter-data-jpa\4.0.2\spring-boot-starter-data-jpa-4.0.2.jar;c:\Users\iratx\.m2\repository\org\springframework\boot\spring-boot-starter\4.0.2\spring-boot-starter-4.0.2.jar;c:\Users\iratx\.m2\repository\org\springframework\boot\spring-boot-starter-logging\4.0.2\spring-boot-starter-logging-4.0.2.jar;c:\Users\iratx\.m2\repository\ch\qos\logback\logback-classic\1.5.25\logback-classic-1.5.25.jar;c:\Users\iratx\.m2\repository\ch\qos\logback\logback-core\1.5.25\logback-core-1.5.25.jar;c:\Users\iratx\.m2\repository\org\apache\logging\log4j\log4j-to-slf4j\2.25.3\log4j-to-slf4j-2.25.3.jar;c:\Users\iratx\.m2\repository\org\slf4j\jul-to-slf4j\2.0.17\jul-to-slf4j-2.0.17.jar;c:\Users\iratx\.m2\repository\jakarta\annotation\jakarta.annotation-api\3.0.0\jakarta.annotation-api-3.0.0.jar;c:\Users\iratx\.m2\repository\org\yaml\snakeyaml\2.5\snakeyaml-2.5.jar;c:\Users\iratx\.m2\repository\org\springframework\boot\spring-boot-starter-jdbc\4.0.2\spring-boot-starter-jdbc-4.0.2.jar;c:\Users\iratx\.m2\repository\com\zaxxer\HikariCP\7.0.2\HikariCP-7.0.2.jar;c:\Users\iratx\.m2\repository\org\springframework\boot\spring-boot-data-jpa\4.0.2\spring-boot-data-jpa-4.0.2.jar;c:\Users\iratx\.m2\repository\org\springframework\boot\spring-boot-data-commons\4.0.2\spring-boot-data-commons-4.0.2.jar;c:\Users\iratx\.m2\repository\org\springframework\boot\spring-boot-persistence\4.0.2\spring-boot-persistence-4.0.2.jar;c:\Users\iratx\.m2\repository\org\springframework\data\spring-data-commons\4.0.2\spring-data-commons-4.0.2.jar;c:\Users\iratx\.m2\repository\org\springframework\boot\spring-boot-hibernate\4.0.2\spring-boot-hibernate-4.0.2.jar;c:\Users\iratx\.m2\repository\org\springframework\boot\spring-boot-jpa\4.0.2\spring-boot-jpa-4.0.2.jar;c:\Users\iratx\.m2\repository\jakarta\persistence\jakarta.persistence-api\3.2.0\jakarta.persistence-api-3.2.0.jar;c:\Users\iratx\.m2\repository\org\hibernate\orm\hibernate-core\7.2.1.Final\hibernate-core-7.2.1.Final.jar;c:\Users\iratx\.m2\repository\jakarta\transaction\jakarta.transaction-api\2.0.1\jakarta.transaction-api-2.0.1.jar;c:\Users\iratx\.m2\repository\org\hibernate\models\hibernate-models\1.0.1\hibernate-models-1.0.1.jar;c:\Users\iratx\.m2\repository\org\glassfish\jaxb\jaxb-runtime\4.0.6\jaxb-runtime-4.0.6.jar;c:\Users\iratx\.m2\repository\org\glassfish\jaxb\jaxb-core\4.0.6\jaxb-core-4.0.6.jar;c:\Users\iratx\.m2\repository\org\eclipse\angus\angus-activation\2.0.3\angus-activation-2.0.3.jar;c:\Users\iratx\.m2\repository\org\glassfish\jaxb\txw2\4.0.6\txw2-4.0.6.jar;c:\Users\iratx\.m2\repository\com\sun\istack\istack-commons-runtime\4.1.2\istack-commons-runtime-4.1.2.jar;c:\Users\iratx\.m2\repository\jakarta\inject\jakarta.inject-api\2.0.1\jakarta.inject-api-2.0.1.jar;c:\Users\iratx\.m2\repository\org\springframework\spring-orm\7.0.3\spring-orm-7.0.3.jar;c:\Users\iratx\.m2\repository\org\springframework\data\spring-data-jpa\4.0.2\spring-data-jpa-4.0.2.jar;c:\Users\iratx\.m2\repository\org\springframework\spring-tx\7.0.3\spring-tx-7.0.3.jar;c:\Users\iratx\.m2\repository\org\antlr\antlr4-runtime\4.13.2\antlr4-runtime-4.13.2.jar;c:\Users\iratx\.m2\repository\org\springframework\spring-aspects\7.0.3\spring-aspects-7.0.3.jar;c:\Users\iratx\.m2\repository\org\aspectj\aspectjweaver\1.9.25.1\aspectjweaver-1.9.25.1.jar;c:\Users\iratx\.m2\repository\org\springframework\boot\spring-boot-jdbc\4.0.2\spring-boot-jdbc-4.0.2.jar;c:\Users\iratx\.m2\repository\org\springframework\boot\spring-boot-sql\4.0.2\spring-boot-sql-4.0.2.jar;c:\Users\iratx\.m2\repository\org\springframework\boot\spring-boot-transaction\4.0.2\spring-boot-transaction-4.0.2.jar;c:\Users\iratx\.m2\repository\org\springframework\spring-jdbc\7.0.3\spring-jdbc-7.0.3.jar;c:\Users\iratx\.m2\repository\org\springframework\boot\spring-boot-starter-security\4.0.2\spring-boot-starter-security-4.0.2.jar;c:\Users\iratx\.m2\repository\org\springframework\boot\spring-boot-security\4.0.2\spring-boot-security-4.0.2.jar;c:\Users\iratx\.m2\repository\org\springframework\security\spring-security-config\7.0.2\spring-security-config-7.0.2.jar;c:\Users\iratx\.m2\repository\org\springframework\spring-aop\7.0.3\spring-aop-7.0.3.jar;c:\Users\iratx\.m2\repository\org\springframework\spring-beans\7.0.3\spring-beans-7.0.3.jar;c:\Users\iratx\.m2\repository\org\springframework\boot\spring-boot-starter-validation\4.0.2\spring-boot-starter-validation-4.0.2.jar;c:\Users\iratx\.m2\repository\org\springframework\boot\spring-boot-validation\4.0.2\spring-boot-validation-4.0.2.jar;c:\Users\iratx\.m2\repository\org\apache\tomcat\embed\tomcat-embed-el\11.0.15\tomcat-embed-el-11.0.15.jar;c:\Users\iratx\.m2\repository\org\hibernate\validator\hibernate-validator\9.0.1.Final\hibernate-validator-9.0.1.Final.jar;c:\Users\iratx\.m2\repository\jakarta\validation\jakarta.validation-api\3.1.1\jakarta.validation-api-3.1.1.jar;c:\Users\iratx\.m2\repository\org\jboss\logging\jboss-logging\3.6.1.Final\jboss-logging-3.6.1.Final.jar;c:\Users\iratx\.m2\repository\com\fasterxml\classmate\1.7.3\classmate-1.7.3.jar;c:\Users\iratx\.m2\repository\org\springframework\boot\spring-boot-starter-actuator\4.0.2\spring-boot-starter-actuator-4.0.2.jar;c:\Users\iratx\.m2\repository\org\springframework\boot\spring-boot-starter-micrometer-metrics\4.0.2\spring-boot-starter-micrometer-metrics-4.0.2.jar;c:\Users\iratx\.m2\repository\org\springframework\boot\spring-boot-micrometer-metrics\4.0.2\spring-boot-micrometer-metrics-4.0.2.jar;c:\Users\iratx\.m2\repository\org\springframework\boot\spring-boot-micrometer-observation\4.0.2\spring-boot-micrometer-observation-4.0.2.jar;c:\Users\iratx\.m2\repository\org\springframework\boot\spring-boot-actuator-autoconfigure\4.0.2\spring-boot-actuator-autoconfigure-4.0.2.jar;c:\Users\iratx\.m2\repository\org\springframework\boot\spring-boot-actuator\4.0.2\spring-boot-actuator-4.0.2.jar;c:\Users\iratx\.m2\repository\org\springframework\boot\spring-boot-health\4.0.2\spring-boot-health-4.0.2.jar;c:\Users\iratx\.m2\repository\io\micrometer\micrometer-observation\1.16.2\micrometer-observation-1.16.2.jar;c:\Users\iratx\.m2\repository\org\jspecify\jspecify\1.0.0\jspecify-1.0.0.jar;c:\Users\iratx\.m2\repository\io\micrometer\micrometer-commons\1.16.2\micrometer-commons-1.16.2.jar;c:\Users\iratx\.m2\repository\io\micrometer\micrometer-jakarta9\1.16.2\micrometer-jakarta9-1.16.2.jar;c:\Users\iratx\.m2\repository\io\micrometer\micrometer-core\1.16.2\micrometer-core-1.16.2.jar;c:\Users\iratx\.m2\repository\org\hdrhistogram\HdrHistogram\2.2.2\HdrHistogram-2.2.2.jar;c:\Users\iratx\.m2\repository\org\latencyutils\LatencyUtils\2.0.3\LatencyUtils-2.0.3.jar;c:\Users\iratx\.m2\repository\org\springframework\boot\spring-boot-starter-flyway\4.0.2\spring-boot-starter-flyway-4.0.2.jar;c:\Users\iratx\.m2\repository\org\springframework\boot\spring-boot-flyway\4.0.2\spring-boot-flyway-4.0.2.jar;c:\Users\iratx\.m2\repository\org\flywaydb\flyway-mysql\11.14.1\flyway-mysql-11.14.1.jar;c:\Users\iratx\.m2\repository\org\flywaydb\flyway-core\11.14.1\flyway-core-11.14.1.jar;c:\Users\iratx\.m2\repository\org\mariadb\jdbc\mariadb-java-client\3.5.7\mariadb-java-client-3.5.7.jar;c:\Users\iratx\.m2\repository\org\springframework\boot\spring-boot-starter-test\4.0.2\spring-boot-starter-test-4.0.2.jar;c:\Users\iratx\.m2\repository\org\springframework\boot\spring-boot-test\4.0.2\spring-boot-test-4.0.2.jar;c:\Users\iratx\.m2\repository\com\jayway\jsonpath\json-path\2.10.0\json-path-2.10.0.jar;c:\Users\iratx\.m2\repository\org\slf4j\slf4j-api\2.0.17\slf4j-api-2.0.17.jar;c:\Users\iratx\.m2\repository\jakarta\xml\bind\jakarta.xml.bind-api\4.0.4\jakarta.xml.bind-api-4.0.4.jar;c:\Users\iratx\.m2\repository\jakarta\activation\jakarta.activation-api\2.1.4\jakarta.activation-api-2.1.4.jar;c:\Users\iratx\.m2\repository\net\minidev\json-smart\2.6.0\json-smart-2.6.0.jar;c:\Users\iratx\.m2\repository\net\minidev\accessors-smart\2.6.0\accessors-smart-2.6.0.jar;c:\Users\iratx\.m2\repository\org\ow2\asm\asm\9.7.1\asm-9.7.1.jar;c:\Users\iratx\.m2\repository\org\assertj\assertj-core\3.27.6\assertj-core-3.27.6.jar;c:\Users\iratx\.m2\repository\net\bytebuddy\byte-buddy\1.17.8\byte-buddy-1.17.8.jar;c:\Users\iratx\.m2\repository\org\awaitility\awaitility\4.3.0\awaitility-4.3.0.jar;c:\Users\iratx\.m2\repository\org\hamcrest\hamcrest\3.0\hamcrest-3.0.jar;c:\Users\iratx\.m2\repository\org\junit\jupiter\junit-jupiter\6.0.2\junit-jupiter-6.0.2.jar;c:\Users\iratx\.m2\repository\org\junit\jupiter\junit-jupiter-api\6.0.2\junit-jupiter-api-6.0.2.jar;c:\Users\iratx\.m2\repository\org\opentest4j\opentest4j\1.3.0\opentest4j-1.3.0.jar;c:\Users\iratx\.m2\repository\org\junit\platform\junit-platform-commons\6.0.2\junit-platform-commons-6.0.2.jar;c:\Users\iratx\.m2\repository\org\apiguardian\apiguardian-api\1.1.2\apiguardian-api-1.1.2.jar;c:\Users\iratx\.m2\repository\org\junit\jupiter\junit-jupiter-params\6.0.2\junit-jupiter-params-6.0.2.jar;c:\Users\iratx\.m2\repository\org\junit\jupiter\junit-jupiter-engine\6.0.2\junit-jupiter-engine-6.0.2.jar;c:\Users\iratx\.m2\repository\org\junit\platform\junit-platform-engine\6.0.2\junit-platform-engine-6.0.2.jar;c:\Users\iratx\.m2\repository\org\mockito\mockito-core\5.20.0\mockito-core-5.20.0.jar;c:\Users\iratx\.m2\repository\net\bytebuddy\byte-buddy-agent\1.17.8\byte-buddy-agent-1.17.8.jar;c:\Users\iratx\.m2\repository\org\objenesis\objenesis\3.3\objenesis-3.3.jar;c:\Users\iratx\.m2\repository\org\mockito\mockito-junit-jupiter\5.20.0\mockito-junit-jupiter-5.20.0.jar;c:\Users\iratx\.m2\repository\org\skyscreamer\jsonassert\1.5.3\jsonassert-1.5.3.jar;c:\Users\iratx\.m2\repository\com\vaadin\external\google\android-json\0.0.20131108.vaadin1\android-json-0.0.20131108.vaadin1.jar;c:\Users\iratx\.m2\repository\org\springframework\spring-core\7.0.3\spring-core-7.0.3.jar;c:\Users\iratx\.m2\repository\commons-logging\commons-logging\1.3.5\commons-logging-1.3.5.jar;c:\Users\iratx\.m2\repository\org\springframework\spring-test\7.0.3\spring-test-7.0.3.jar;c:\Users\iratx\.m2\repository\org\xmlunit\xmlunit-core\2.10.4\xmlunit-core-2.10.4.jar;c:\Users\iratx\.m2\repository\org\springframework\boot\spring-boot-test-autoconfigure\4.0.2\spring-boot-test-autoconfigure-4.0.2.jar;c:\Users\iratx\.m2\repository\org\springframework\security\spring-security-test\7.0.2\spring-security-test-7.0.2.jar;c:\Users\iratx\.m2\repository\org\springframework\security\spring-security-core\7.0.2\spring-security-core-7.0.2.jar;c:\Users\iratx\.m2\repository\org\springframework\security\spring-security-crypto\7.0.2\spring-security-crypto-7.0.2.jar;c:\Users\iratx\.m2\repository\org\springframework\spring-context\7.0.3\spring-context-7.0.3.jar;c:\Users\iratx\.m2\repository\org\springframework\spring-expression\7.0.3\spring-expression-7.0.3.jar;c:\Users\iratx\.m2\repository\org\springframework\security\spring-security-web\7.0.2\spring-security-web-7.0.2.jar;c:\Users\iratx\.m2\repository\org\springframework\boot\spring-boot-devtools\4.0.2\spring-boot-devtools-4.0.2.jar;c:\Users\iratx\.m2\repository\org\springframework\boot\spring-boot\4.0.2\spring-boot-4.0.2.jar;c:\Users\iratx\.m2\repository\org\springframework\boot\spring-boot-autoconfigure\4.0.2\spring-boot-autoconfigure-4.0.2.jar;c:\Users\iratx\.m2\repository\io\jsonwebtoken\jjwt-api\0.11.5\jjwt-api-0.11.5.jar;c:\Users\iratx\.m2\repository\io\jsonwebtoken\jjwt-impl\0.11.5\jjwt-impl-0.11.5.jar;c:\Users\iratx\.m2\repository\io\jsonwebtoken\jjwt-jackson\0.11.5\jjwt-jackson-0.11.5.jar;c:\Users\iratx\.m2\repository\com\fasterxml\jackson\core\jackson-databind\2.20.2\jackson-databind-2.20.2.jar;c:\Users\iratx\.m2\repository\com\fasterxml\jackson\core\jackson-annotations\2.20\jackson-annotations-2.20.jar;c:\Users\iratx\.m2\repository\com\fasterxml\jackson\core\jackson-core\2.20.2\jackson-core-2.20.2.jar;c:\Users\iratx\.m2\repository\org\projectlombok\lombok\1.18.34\lombok-1.18.34.jar;c:\Users\iratx\.m2\repository\org\seleniumhq\selenium\selenium-java\4.27.0\selenium-java-4.27.0.jar;c:\Users\iratx\.m2\repository\org\seleniumhq\selenium\selenium-api\4.37.0\selenium-api-4.37.0.jar;c:\Users\iratx\.m2\repository\org\seleniumhq\selenium\selenium-chrome-driver\4.37.0\selenium-chrome-driver-4.37.0.jar;c:\Users\iratx\.m2\repository\com\google\auto\service\auto-service-annotations\1.1.1\auto-service-annotations-1.1.1.jar;c:\Users\iratx\.m2\repository\org\seleniumhq\selenium\selenium-chromium-driver\4.37.0\selenium-chromium-driver-4.37.0.jar;c:\Users\iratx\.m2\repository\org\seleniumhq\selenium\selenium-json\4.37.0\selenium-json-4.37.0.jar;c:\Users\iratx\.m2\repository\org\seleniumhq\selenium\selenium-manager\4.37.0\selenium-manager-4.37.0.jar;c:\Users\iratx\.m2\repository\org\seleniumhq\selenium\selenium-devtools-v129\4.27.0\selenium-devtools-v129-4.27.0.jar;c:\Users\iratx\.m2\repository\org\seleniumhq\selenium\selenium-devtools-v130\4.27.0\selenium-devtools-v130-4.27.0.jar;c:\Users\iratx\.m2\repository\org\seleniumhq\selenium\selenium-devtools-v131\4.27.0\selenium-devtools-v131-4.27.0.jar;c:\Users\iratx\.m2\repository\org\seleniumhq\selenium\selenium-devtools-v85\4.27.0\selenium-devtools-v85-4.27.0.jar;c:\Users\iratx\.m2\repository\org\seleniumhq\selenium\selenium-edge-driver\4.37.0\selenium-edge-driver-4.37.0.jar;c:\Users\iratx\.m2\repository\org\seleniumhq\selenium\selenium-firefox-driver\4.37.0\selenium-firefox-driver-4.37.0.jar;c:\Users\iratx\.m2\repository\org\seleniumhq\selenium\selenium-http\4.37.0\selenium-http-4.37.0.jar;c:\Users\iratx\.m2\repository\org\seleniumhq\selenium\selenium-ie-driver\4.37.0\selenium-ie-driver-4.37.0.jar;c:\Users\iratx\.m2\repository\org\seleniumhq\selenium\selenium-remote-driver\4.37.0\selenium-remote-driver-4.37.0.jar;c:\Users\iratx\.m2\repository\com\google\guava\guava\33.5.0-jre\guava-33.5.0-jre.jar;c:\Users\iratx\.m2\repository\com\google\guava\failureaccess\1.0.3\failureaccess-1.0.3.jar;c:\Users\iratx\.m2\repository\com\google\guava\listenablefuture\9999.0-empty-to-avoid-conflict-with-guava\listenablefuture-9999.0-empty-to-avoid-conflict-with-guava.jar;c:\Users\iratx\.m2\repository\com\google\j2objc\j2objc-annotations\3.1\j2objc-annotations-3.1.jar;c:\Users\iratx\.m2\repository\io\opentelemetry\opentelemetry-api\1.55.0\opentelemetry-api-1.55.0.jar;c:\Users\iratx\.m2\repository\io\opentelemetry\opentelemetry-context\1.55.0\opentelemetry-context-1.55.0.jar;c:\Users\iratx\.m2\repository\io\opentelemetry\opentelemetry-common\1.55.0\opentelemetry-common-1.55.0.jar;c:\Users\iratx\.m2\repository\io\opentelemetry\opentelemetry-exporter-logging\1.55.0\opentelemetry-exporter-logging-1.55.0.jar;c:\Users\iratx\.m2\repository\io\opentelemetry\opentelemetry-sdk-common\1.55.0\opentelemetry-sdk-common-1.55.0.jar;c:\Users\iratx\.m2\repository\io\opentelemetry\opentelemetry-sdk-extension-autoconfigure-spi\1.55.0\opentelemetry-sdk-extension-autoconfigure-spi-1.55.0.jar;c:\Users\iratx\.m2\repository\io\opentelemetry\opentelemetry-sdk-extension-autoconfigure\1.55.0\opentelemetry-sdk-extension-autoconfigure-1.55.0.jar;c:\Users\iratx\.m2\repository\io\opentelemetry\opentelemetry-sdk-trace\1.55.0\opentelemetry-sdk-trace-1.55.0.jar;c:\Users\iratx\.m2\repository\io\opentelemetry\opentelemetry-sdk\1.55.0\opentelemetry-sdk-1.55.0.jar;c:\Users\iratx\.m2\repository\io\opentelemetry\opentelemetry-sdk-metrics\1.55.0\opentelemetry-sdk-metrics-1.55.0.jar;c:\Users\iratx\.m2\repository\io\opentelemetry\opentelemetry-sdk-logs\1.55.0\opentelemetry-sdk-logs-1.55.0.jar;c:\Users\iratx\.m2\repository\org\seleniumhq\selenium\selenium-os\4.37.0\selenium-os-4.37.0.jar;c:\Users\iratx\.m2\repository\org\apache\commons\commons-exec\1.5.0\commons-exec-1.5.0.jar;c:\Users\iratx\.m2\repository\org\seleniumhq\selenium\selenium-safari-driver\4.37.0\selenium-safari-driver-4.37.0.jar;c:\Users\iratx\.m2\repository\org\seleniumhq\selenium\selenium-support\4.37.0\selenium-support-4.37.0.jar;c:\Users\iratx\.m2\repository\com\sendinblue\sib-api-v3-sdk\7.0.0\sib-api-v3-sdk-7.0.0.jar;c:\Users\iratx\.m2\repository\io\swagger\swagger-annotations\1.5.18\swagger-annotations-1.5.18.jar;c:\Users\iratx\.m2\repository\com\squareup\okhttp3\okhttp\4.10.0\okhttp-4.10.0.jar;c:\Users\iratx\.m2\repository\com\squareup\okio\okio-jvm\3.0.0\okio-jvm-3.0.0.jar;c:\Users\iratx\.m2\repository\org\jetbrains\kotlin\kotlin-stdlib-common\1.5.31\kotlin-stdlib-common-1.5.31.jar;c:\Users\iratx\.m2\repository\org\jetbrains\kotlin\kotlin-stdlib\2.2.21\kotlin-stdlib-2.2.21.jar;c:\Users\iratx\.m2\repository\org\jetbrains\annotations\13.0\annotations-13.0.jar;c:\Users\iratx\.m2\repository\com\squareup\okio\okio\1.14.0\okio-1.14.0.jar;c:\Users\iratx\.m2\repository\com\squareup\okhttp3\logging-interceptor\4.10.0\logging-interceptor-4.10.0.jar;c:\Users\iratx\.m2\repository\org\jetbrains\kotlin\kotlin-stdlib-jdk8\2.2.21\kotlin-stdlib-jdk8-2.2.21.jar;c:\Users\iratx\.m2\repository\org\jetbrains\kotlin\kotlin-stdlib-jdk7\2.2.21\kotlin-stdlib-jdk7-2.2.21.jar;c:\Users\iratx\.m2\repository\com\google\code\gson\gson\2.13.2\gson-2.13.2.jar;c:\Users\iratx\.m2\repository\com\google\errorprone\error_prone_annotations\2.41.0\error_prone_annotations-2.41.0.jar;c:\Users\iratx\.m2\repository\io\gsonfire\gson-fire\1.8.2\gson-fire-1.8.2.jar;c:\Users\iratx\.m2\repository\org\threeten\threetenbp\1.3.5\threetenbp-1.3.5.jar;c:\Users\iratx\.m2\repository\org\apache\commons\commons-lang3\3.19.0\commons-lang3-3.19.0.jar;c:\Users\iratx\.m2\repository\org\apache\maven\plugins\maven-gpg-plugin\1.5\maven-gpg-plugin-1.5.jar;c:\Users\iratx\.m2\repository\org\apache\maven\maven-plugin-api\2.0.6\maven-plugin-api-2.0.6.jar;c:\Users\iratx\.m2\repository\org\apache\maven\maven-project\2.0.6\maven-project-2.0.6.jar;c:\Users\iratx\.m2\repository\org\apache\maven\maven-settings\2.0.6\maven-settings-2.0.6.jar;c:\Users\iratx\.m2\repository\org\apache\maven\maven-profile\2.0.6\maven-profile-2.0.6.jar;c:\Users\iratx\.m2\repository\org\apache\maven\maven-artifact-manager\2.0.6\maven-artifact-manager-2.0.6.jar;c:\Users\iratx\.m2\repository\org\apache\maven\maven-repository-metadata\2.0.6\maven-repository-metadata-2.0.6.jar;c:\Users\iratx\.m2\repository\org\apache\maven\wagon\wagon-provider-api\1.0-beta-2\wagon-provider-api-1.0-beta-2.jar;c:\Users\iratx\.m2\repository\org\apache\maven\maven-plugin-registry\2.0.6\maven-plugin-registry-2.0.6.jar;c:\Users\iratx\.m2\repository\org\apache\maven\maven-artifact\2.0.6\maven-artifact-2.0.6.jar;c:\Users\iratx\.m2\repository\org\apache\maven\maven-model\2.0.6\maven-model-2.0.6.jar;c:\Users\iratx\.m2\repository\org\codehaus\plexus\plexus-utils\3.0.15\plexus-utils-3.0.15.jar;c:\Users\iratx\.m2\repository\org\apache\poi\poi\5.2.3\poi-5.2.3.jar;c:\Users\iratx\.m2\repository\commons-codec\commons-codec\1.19.0\commons-codec-1.19.0.jar;c:\Users\iratx\.m2\repository\org\apache\commons\commons-collections4\4.4\commons-collections4-4.4.jar;c:\Users\iratx\.m2\repository\org\apache\commons\commons-math3\3.6.1\commons-math3-3.6.1.jar;c:\Users\iratx\.m2\repository\commons-io\commons-io\2.11.0\commons-io-2.11.0.jar;c:\Users\iratx\.m2\repository\com\zaxxer\SparseBitSet\1.2\SparseBitSet-1.2.jar;c:\Users\iratx\.m2\repository\org\apache\logging\log4j\log4j-api\2.25.3\log4j-api-2.25.3.jar;c:\Users\iratx\.m2\repository\org\apache\poi\poi-ooxml\5.2.3\poi-ooxml-5.2.3.jar;c:\Users\iratx\.m2\repository\org\apache\poi\poi-ooxml-lite\5.2.3\poi-ooxml-lite-5.2.3.jar;c:\Users\iratx\.m2\repository\org\apache\xmlbeans\xmlbeans\5.1.1\xmlbeans-5.1.1.jar;c:\Users\iratx\.m2\repository\org\apache\commons\commons-compress\1.21\commons-compress-1.21.jar;c:\Users\iratx\.m2\repository\com\github\virtuald\curvesapi\1.07\curvesapi-1.07.jar;c:\Users\iratx\AppData\Roaming\Code\User\globalStorage\redhat.java\1.53.0\config_win\org.eclipse.osgi\148\0\.cp;c:\Users\iratx\AppData\Roaming\Code\User\globalStorage\redhat.java\1.53.0\config_win\org.eclipse.osgi\56\0\.cp;c:\Users\iratx\AppData\Roaming\Code\User\globalStorage\redhat.java\1.53.0\config_win\org.eclipse.osgi\137\0\.cp
Launcher Type: SUN_STANDARD

[Global flags]
     intx CICompilerCount                          = 4                                         {product} {ergonomic}
     uint ConcGCThreads                            = 3                                         {product} {ergonomic}
     uint G1ConcRefinementThreads                  = 10                                        {product} {ergonomic}
   size_t G1HeapRegionSize                         = 2097152                                   {product} {ergonomic}
    uintx GCDrainStackTargetSize                   = 64                                        {product} {ergonomic}
   size_t InitialHeapSize                          = 264241152                                 {product} {ergonomic}
   size_t MarkStackSize                            = 4194304                                   {product} {ergonomic}
   size_t MaxHeapSize                              = 4219469824                                {product} {ergonomic}
   size_t MaxNewSize                               = 2531262464                                {product} {ergonomic}
   size_t MinHeapDeltaBytes                        = 2097152                                   {product} {ergonomic}
   size_t MinHeapSize                              = 8388608                                   {product} {ergonomic}
    uintx NonNMethodCodeHeapSize                   = 5839372                                {pd product} {ergonomic}
    uintx NonProfiledCodeHeapSize                  = 122909434                              {pd product} {ergonomic}
    uintx ProfiledCodeHeapSize                     = 122909434                              {pd product} {ergonomic}
    uintx ReservedCodeCacheSize                    = 251658240                              {pd product} {ergonomic}
     bool SegmentedCodeCache                       = true                                      {product} {ergonomic}
     bool ShowCodeDetailsInExceptionMessages       = true                                   {manageable} {command line}
   size_t SoftMaxHeapSize                          = 4219469824                             {manageable} {ergonomic}
     bool UseCompressedOops                        = true                           {product lp64_product} {ergonomic}
     bool UseG1GC                                  = true                                      {product} {ergonomic}
     bool UseLargePagesIndividualAllocation        = false                                  {pd product} {ergonomic}

Logging:
Log output configuration:
 #0: stdout all=warning uptime,level,tags foldmultilines=false
 #1: stderr all=off uptime,level,tags foldmultilines=false

Environment Variables:
JAVA_HOME=C:\Program Files\Android\Android Studio\jbr
PATH=C:\Users\iratx\AppData\Local\Programs\Microsoft VS Code;C:\Program Files\Firefox Developer Edition;C:\Users\iratx\Downloads\Workspace-25\Tools\Infrastructure\geckodriver-0.35.0;C:\Program Files\Python312\Scripts\;C:\Program Files\Python312\;C:\Program Files\Common Files\Oracle\Java\javapath;C:\windows\system32;C:\windows;C:\windows\System32\Wbem;C:\windows\System32\WindowsPowerShell\v1.0\;C:\windows\System32\OpenSSH\;C:\Program Files\HP\HP One Agent;C:\Program Files\nodejs\;C:\Users\iratx\Desktop\apache-maven-3.9.9-bin;C:\Users\iratx\Desktop\apache-maven-3.9.9\bin;C:\WINDOWS\system32;C:\WINDOWS;C:\WINDOWS\System32\Wbem;C:\WINDOWS\System32\WindowsPowerShell\v1.0\;C:\WINDOWS\System32\OpenSSH\;C:\ProgramData\anaconda3\Scripts\conda.exe;C:\ProgramData\anaconda3\condabin\conda.bat;C:\Program Files\Git\cmd;C:\Program Files\Docker\Docker\resources\bin;C:\Program Files\Android\Android Studio\jbr\bin;C:\Users\iratx\AppData\Local\Programs\Python\Python311\Scripts\;C:\Users\iratx\AppData\Local\Programs\Python\Python311\;C:\Users\iratx\AppData\Local\Microsoft\WindowsApps;"C:\Program Files;C:\Winnt;C:\Winnt\System32";C:\Program Files\Microsoft MPI\bin;C:\Users\iratx\AppData\Roaming\npm;C:\Users\iratx\AppData\Local\Programs\Microsoft VS Code\bin;C:\ProgramData\anaconda3\Scripts\conda.exe;C:\ProgramData\anaconda3\condabin\conda.bat;C:\ProgramData\anaconda3\Library\bin\conda.bat;
USERNAME=iratx
OS=Windows_NT
PROCESSOR_IDENTIFIER=Intel64 Family 6 Model 154 Stepping 4, GenuineIntel
TMP=C:\Users\iratx\AppData\Local\Temp
TEMP=C:\Users\iratx\AppData\Local\Temp




Periodic native trim disabled

JNI global refs:
JNI global refs: 32, weak refs: 0

JNI global refs memory usage: 835, weak refs: 201

Process memory usage:
Resident Set Size: 151428K (0% of 16481336K total physical memory with 1539848K free physical memory)

OOME stack traces (most recent first):
Classloader memory used:
Loader bootstrap                                                                       : 20011K
Loader jdk.internal.loader.ClassLoaders$AppClassLoader                                 : 7132K
Loader jdk.internal.loader.ClassLoaders$PlatformClassLoader                            : 2125K

---------------  S Y S T E M  ---------------

OS:
 Windows 11 , 64 bit Build 26100 (10.0.26100.8115)
OS uptime: 0 days 6:43 hours
Hyper-V role detected

CPU: total 12 (initial active 12) (6 cores per cpu, 2 threads per core) family 6 model 154 stepping 4 microcode 0x432, cx8, cmov, fxsr, ht, mmx, 3dnowpref, sse, sse2, sse3, ssse3, sse4.1, sse4.2, popcnt, lzcnt, tsc, tscinvbit, avx, avx2, aes, erms, clmul, bmi1, bmi2, adx, sha, fma, vzeroupper, clflush, clflushopt, clwb, hv, serialize, rdtscp, rdpid, fsrm, f16c, cet_ibt, cet_ss
Processor Information for processor 0
  Max Mhz: 1700, Current Mhz: 1700, Mhz Limit: 1700
Processor Information for processor 1
  Max Mhz: 1700, Current Mhz: 1700, Mhz Limit: 1700
Processor Information for processor 2
  Max Mhz: 1700, Current Mhz: 1700, Mhz Limit: 1700
Processor Information for processor 3
  Max Mhz: 1700, Current Mhz: 1700, Mhz Limit: 1700
Processor Information for processor 4
  Max Mhz: 1700, Current Mhz: 1200, Mhz Limit: 1190
Processor Information for processor 5
  Max Mhz: 1700, Current Mhz: 1200, Mhz Limit: 1190
Processor Information for processor 6
  Max Mhz: 1700, Current Mhz: 1200, Mhz Limit: 1190
Processor Information for processor 7
  Max Mhz: 1700, Current Mhz: 1200, Mhz Limit: 1190
Processor Information for processor 8
  Max Mhz: 1700, Current Mhz: 1200, Mhz Limit: 1190
Processor Information for processor 9
  Max Mhz: 1700, Current Mhz: 1200, Mhz Limit: 1190
Processor Information for processor 10
  Max Mhz: 1700, Current Mhz: 1200, Mhz Limit: 1190
Processor Information for processor 11
  Max Mhz: 1700, Current Mhz: 1200, Mhz Limit: 1190

Memory: 4k page, system-wide physical 16095M (1499M free)
TotalPageFile size 46369M (AvailPageFile size 12M)
current process WorkingSet (physical memory assigned to process): 147M, peak: 154M
current process commit charge ("private bytes"): 186M, peak: 414M

vm_info: OpenJDK 64-Bit Server VM (21.0.8+-14196175-b1038.72) for windows-amd64 JRE (21.0.8+-14196175-b1038.72), built on 2025-10-01T10:24:33Z by "builder" with MS VC++ 16.10 / 16.11 (VS2019)

END.
