#
# There is insufficient memory for the Java Runtime Environment to continue.
# Native memory allocation (malloc) failed to allocate 159696 bytes. Error detail: Chunk::new
# Possible reasons:
#   The system is out of physical RAM or swap space
#   This process is running with CompressedOops enabled, and the Java Heap may be blocking the growth of the native heap
# Possible solutions:
#   Reduce memory load on the system
#   Increase physical memory or swap space
#   Check if swap backing store is full
#   Decrease Java heap size (-Xmx/-Xms)
#   Decrease number of Java threads
#   Decrease Java thread stack sizes (-Xss)
#   Set larger code cache with -XX:ReservedCodeCacheSize=
#   JVM is running with Zero Based Compressed Oops mode in which the Java heap is
#     placed in the first 32GB address space. The Java Heap base address is the
#     maximum limit for the native heap growth. Please use -XX:HeapBaseMinAddress
#     to set the Java Heap base and to place the Java Heap above 32GB virtual address.
# This output file may be truncated or incomplete.
#
#  Out of Memory Error (arena.cpp:168), pid=54116, tid=44604
#
# JRE version: OpenJDK Runtime Environment (21.0.8) (build 21.0.8+-14196175-b1038.72)
# Java VM: OpenJDK 64-Bit Server VM (21.0.8+-14196175-b1038.72, mixed mode, tiered, compressed oops, compressed class ptrs, g1 gc, windows-amd64)
# No core dump will be written. Minidumps are not enabled by default on client versions of Windows
#

---------------  S U M M A R Y ------------

Command Line: -ea -XX:+ShowCodeDetailsInExceptionMessages -Dfile.encoding=UTF-8 org.eclipse.jdt.internal.junit.runner.RemoteTestRunner -version 3 -port 50337 -testLoaderClass org.eclipse.jdt.internal.junit6.runner.JUnit6TestLoader -loaderpluginname org.eclipse.jdt.junit6.runtime -testNameFile C:\Users\iratx\AppData\Local\Temp\testNames10958314184304048484.txt

Host: 12th Gen Intel(R) Core(TM) i7-1255U, 12 cores, 15G,  Windows 11 , 64 bit Build 26100 (10.0.26100.8115)
Time: Mon Apr 13 18:46:30 2026 Hora de verano romance elapsed time: 148.471975 seconds (0d 0h 2m 28s)

---------------  T H R E A D  ---------------

Current thread (0x000001768725a320):  JavaThread "C2 CompilerThread0" daemon [_thread_in_native, id=44604, stack(0x0000000b05c00000,0x0000000b05d00000) (1024K)]


Current CompileTask:
C2:148472 4448   !   4       java.util.concurrent.CompletableFuture::uniComposeStage (183 bytes)

Stack: [0x0000000b05c00000,0x0000000b05d00000]
Native frames: (J=compiled Java code, j=interpreted, Vv=VM code, C=native code)
V  [jvm.dll+0x6d68d9]
V  [jvm.dll+0x866693]
V  [jvm.dll+0x868c4e]
V  [jvm.dll+0x869333]
V  [jvm.dll+0x280566]
V  [jvm.dll+0xc07cd]
V  [jvm.dll+0xc0d03]
V  [jvm.dll+0x2f5970]
V  [jvm.dll+0x5ff719]
V  [jvm.dll+0x252362]
V  [jvm.dll+0x24a824]
V  [jvm.dll+0x24871e]
V  [jvm.dll+0x1c73a4]
V  [jvm.dll+0x257f9e]
V  [jvm.dll+0x2564e6]
V  [jvm.dll+0x3f4696]
V  [jvm.dll+0x80eac8]
V  [jvm.dll+0x6d512d]
C  [ucrtbase.dll+0x37b0]
C  [KERNEL32.DLL+0x2e8d7]
C  [ntdll.dll+0x8c3fc]


---------------  P R O C E S S  ---------------

Threads class SMR info:
_java_thread_list=0x000001768db00330, length=21, elements={
0x00000176ece06800, 0x0000017687200910, 0x0000017687212660, 0x0000017687203d40,
0x00000176872023c0, 0x000001768720f8c0, 0x0000017687210320, 0x0000017687211d90,
0x000001768725a320, 0x00000176872205b0, 0x00000176874d8880, 0x00000176876c7ac0,
0x000001768da1f8b0, 0x000001768cac6750, 0x0000017687364af0, 0x000001768ec7d820,
0x000001768c35f4d0, 0x000001768c35fb60, 0x000001768c35ee40, 0x000001768c35e120,
0x000001768c35e7b0
}

Java Threads: ( => current thread )
  0x00000176ece06800 JavaThread "main"                              [_thread_blocked, id=33216, stack(0x0000000b04d00000,0x0000000b04e00000) (1024K)]
  0x0000017687200910 JavaThread "Common-Cleaner"             daemon [_thread_blocked, id=38184, stack(0x0000000b05500000,0x0000000b05600000) (1024K)]
  0x0000017687212660 JavaThread "Reference Handler"          daemon [_thread_blocked, id=27172, stack(0x0000000b05600000,0x0000000b05700000) (1024K)]
  0x0000017687203d40 JavaThread "Finalizer"                  daemon [_thread_blocked, id=41144, stack(0x0000000b05700000,0x0000000b05800000) (1024K)]
  0x00000176872023c0 JavaThread "Signal Dispatcher"          daemon [_thread_blocked, id=30012, stack(0x0000000b05800000,0x0000000b05900000) (1024K)]
  0x000001768720f8c0 JavaThread "Attach Listener"            daemon [_thread_blocked, id=35796, stack(0x0000000b05900000,0x0000000b05a00000) (1024K)]
  0x0000017687210320 JavaThread "Service Thread"             daemon [_thread_blocked, id=51400, stack(0x0000000b05a00000,0x0000000b05b00000) (1024K)]
  0x0000017687211d90 JavaThread "Monitor Deflation Thread"   daemon [_thread_blocked, id=56956, stack(0x0000000b05b00000,0x0000000b05c00000) (1024K)]
=>0x000001768725a320 JavaThread "C2 CompilerThread0"         daemon [_thread_in_native, id=44604, stack(0x0000000b05c00000,0x0000000b05d00000) (1024K)]
  0x00000176872205b0 JavaThread "C1 CompilerThread0"         daemon [_thread_blocked, id=11440, stack(0x0000000b05d00000,0x0000000b05e00000) (1024K)]
  0x00000176874d8880 JavaThread "Notification Thread"        daemon [_thread_blocked, id=29252, stack(0x0000000b05e00000,0x0000000b05f00000) (1024K)]
  0x00000176876c7ac0 JavaThread "ReaderThread"                      [_thread_in_native, id=42460, stack(0x0000000b06000000,0x0000000b06100000) (1024K)]
  0x000001768da1f8b0 JavaThread "HttpClient-1-SelectorManager" daemon [_thread_in_native, id=24132, stack(0x0000000b06f00000,0x0000000b07000000) (1024K)]
  0x000001768cac6750 JavaThread "External Process Output Forwarder - C:\Users\iratx\.cache\selenium\chromedriver\win64\147.0.7727.56\chromedriver.exe" daemon [_thread_in_native, id=8648, stack(0x0000000b06b00000,0x0000000b06c00000) (1024K)]
  0x0000017687364af0 JavaThread "Driver Service Executor"    daemon [_thread_blocked, id=13052, stack(0x0000000b07000000,0x0000000b07100000) (1024K)]
  0x000001768ec7d820 JavaThread "Driver Service Executor"    daemon [_thread_blocked, id=57004, stack(0x0000000b07100000,0x0000000b07200000) (1024K)]
  0x000001768c35f4d0 JavaThread "JdkHttpClient-0-0"          daemon [_thread_blocked, id=34420, stack(0x0000000b07300000,0x0000000b07400000) (1024K)]
  0x000001768c35fb60 JavaThread "CompletableFutureDelayScheduler" daemon [_thread_blocked, id=15520, stack(0x0000000b07400000,0x0000000b07500000) (1024K)]
  0x000001768c35ee40 JavaThread "JdkHttpClient-0-1"          daemon [_thread_blocked, id=41892, stack(0x0000000b07500000,0x0000000b07600000) (1024K)]
  0x000001768c35e120 JavaThread "JdkHttpClient-0-3"          daemon [_thread_blocked, id=56036, stack(0x0000000b07700000,0x0000000b07800000) (1024K)]
  0x000001768c35e7b0 JavaThread "HttpClient-2-SelectorManager" daemon [_thread_in_native, id=33704, stack(0x0000000b07800000,0x0000000b07900000) (1024K)]
Total: 21

Other Threads:
  0x00000176871ae1e0 VMThread "VM Thread"                           [id=24564, stack(0x0000000b05400000,0x0000000b05500000) (1024K)]
  0x0000017686cb6710 WatcherThread "VM Periodic Task Thread"        [id=4960, stack(0x0000000b05300000,0x0000000b05400000) (1024K)]
  0x00000176ece6dd80 WorkerThread "GC Thread#0"                     [id=56156, stack(0x0000000b04e00000,0x0000000b04f00000) (1024K)]
  0x000001768c815800 WorkerThread "GC Thread#1"                     [id=58760, stack(0x0000000b06200000,0x0000000b06300000) (1024K)]
  0x000001768c46e8b0 WorkerThread "GC Thread#2"                     [id=57444, stack(0x0000000b06300000,0x0000000b06400000) (1024K)]
  0x000001768c46ec50 WorkerThread "GC Thread#3"                     [id=44492, stack(0x0000000b06400000,0x0000000b06500000) (1024K)]
  0x000001768c2eb280 WorkerThread "GC Thread#4"                     [id=31320, stack(0x0000000b06500000,0x0000000b06600000) (1024K)]
  0x000001768c2eba20 WorkerThread "GC Thread#5"                     [id=44112, stack(0x0000000b06600000,0x0000000b06700000) (1024K)]
  0x000001768d814ce0 WorkerThread "GC Thread#6"                     [id=45468, stack(0x0000000b06700000,0x0000000b06800000) (1024K)]
  0x000001768d9db930 WorkerThread "GC Thread#7"                     [id=47584, stack(0x0000000b06800000,0x0000000b06900000) (1024K)]
  0x000001768d9db120 WorkerThread "GC Thread#8"                     [id=57220, stack(0x0000000b06900000,0x0000000b06a00000) (1024K)]
  0x000001768caca2f0 WorkerThread "GC Thread#9"                     [id=32888, stack(0x0000000b06c00000,0x0000000b06d00000) (1024K)]
  0x00000176ece7f800 ConcurrentGCThread "G1 Main Marker"            [id=49612, stack(0x0000000b04f00000,0x0000000b05000000) (1024K)]
  0x00000176ece80210 WorkerThread "G1 Conc#0"                       [id=43596, stack(0x0000000b05000000,0x0000000b05100000) (1024K)]
  0x000001768caca690 WorkerThread "G1 Conc#1"                       [id=25748, stack(0x0000000b06d00000,0x0000000b06e00000) (1024K)]
  0x000001768cacbc50 WorkerThread "G1 Conc#2"                       [id=52980, stack(0x0000000b06e00000,0x0000000b06f00000) (1024K)]
  0x0000017686b8ac10 ConcurrentGCThread "G1 Refine#0"               [id=19120, stack(0x0000000b05100000,0x0000000b05200000) (1024K)]
  0x0000017686b8b530 ConcurrentGCThread "G1 Service"                [id=33412, stack(0x0000000b05200000,0x0000000b05300000) (1024K)]
Total: 18

Threads with active compile tasks:
C2 CompilerThread0  148523 4448   !   4       java.util.concurrent.CompletableFuture::uniComposeStage (183 bytes)
Total: 1

VM state: not at safepoint (normal execution)

VM Mutex/Monitor currently owned by a thread: None

Heap address: 0x0000000704800000, size: 4024 MB, Compressed Oops mode: Zero based, Oop shift amount: 3

CDS archive(s) not mapped
Compressed class space mapped at: 0x0000000800000000-0x0000000840000000, reserved size: 1073741824
Narrow klass base: 0x0000000800000000, Narrow klass shift: 0, Narrow klass range: 0x40000000

GC Precious Log:
 CardTable entry size: 512
 Card Set container configuration: InlinePtr #cards 4 size 8 Array Of Cards #cards 16 size 48 Howl #buckets 8 coarsen threshold 3686 Howl Bitmap #cards 512 size 80 coarsen threshold 460 Card regions per heap region 1 cards per card region 4096
 CPUs: 12 total, 12 available
 Memory: 16095M
 Large Page Support: Disabled
 NUMA Support: Disabled
 Compressed Oops: Enabled (Zero based)
 Heap Region Size: 2M
 Heap Min Capacity: 8M
 Heap Initial Capacity: 252M
 Heap Max Capacity: 4024M
 Pre-touch: Disabled
 Parallel Workers: 10
 Concurrent Workers: 3
 Concurrent Refinement Workers: 10
 Periodic GC: Disabled

Heap:
 garbage-first heap   total 61440K, used 26694K [0x0000000704800000, 0x0000000800000000)
  region size 2048K, 7 young (14336K), 1 survivors (2048K)
 Metaspace       used 29669K, committed 30080K, reserved 1114112K
  class space    used 3584K, committed 3776K, reserved 1048576K

Heap Regions: E=young(eden), S=young(survivor), O=old, HS=humongous(starts), HC=humongous(continues), CS=collection set, F=free, TAMS=top-at-mark-start, PB=parsable bottom
|   0|0x0000000704800000, 0x0000000704a00000, 0x0000000704a00000|100%| O|  |TAMS 0x0000000704800000| PB 0x0000000704800000| Untracked 
|   1|0x0000000704a00000, 0x0000000704c00000, 0x0000000704c00000|100%| O|  |TAMS 0x0000000704a00000| PB 0x0000000704a00000| Untracked 
|   2|0x0000000704c00000, 0x0000000704e00000, 0x0000000704e00000|100%| O|  |TAMS 0x0000000704c00000| PB 0x0000000704c00000| Untracked 
|   3|0x0000000704e00000, 0x0000000705000000, 0x0000000705000000|100%| O|  |TAMS 0x0000000704e00000| PB 0x0000000704e00000| Untracked 
|   4|0x0000000705000000, 0x0000000705200000, 0x0000000705200000|100%| O|  |TAMS 0x0000000705000000| PB 0x0000000705000000| Untracked 
|   5|0x0000000705200000, 0x0000000705200000, 0x0000000705400000|  0%| F|  |TAMS 0x0000000705200000| PB 0x0000000705200000| Untracked 
|   6|0x0000000705400000, 0x0000000705600000, 0x0000000705600000|100%| O|  |TAMS 0x0000000705400000| PB 0x0000000705400000| Untracked 
|   7|0x0000000705600000, 0x0000000705800000, 0x0000000705800000|100%| O|  |TAMS 0x0000000705600000| PB 0x0000000705600000| Untracked 
|   8|0x0000000705800000, 0x0000000705822500, 0x0000000705a00000|  6%| O|  |TAMS 0x0000000705800000| PB 0x0000000705800000| Untracked 
|   9|0x0000000705a00000, 0x0000000705a00000, 0x0000000705c00000|  0%| F|  |TAMS 0x0000000705a00000| PB 0x0000000705a00000| Untracked 
|  10|0x0000000705c00000, 0x0000000705c00000, 0x0000000705e00000|  0%| F|  |TAMS 0x0000000705c00000| PB 0x0000000705c00000| Untracked 
|  11|0x0000000705e00000, 0x0000000705e00000, 0x0000000706000000|  0%| F|  |TAMS 0x0000000705e00000| PB 0x0000000705e00000| Untracked 
|  12|0x0000000706000000, 0x0000000706000000, 0x0000000706200000|  0%| F|  |TAMS 0x0000000706000000| PB 0x0000000706000000| Untracked 
|  13|0x0000000706200000, 0x00000007063ef630, 0x0000000706400000| 96%| S|CS|TAMS 0x0000000706200000| PB 0x0000000706200000| Complete 
|  14|0x0000000706400000, 0x0000000706400000, 0x0000000706600000|  0%| F|  |TAMS 0x0000000706400000| PB 0x0000000706400000| Untracked 
|  15|0x0000000706600000, 0x0000000706600000, 0x0000000706800000|  0%| F|  |TAMS 0x0000000706600000| PB 0x0000000706600000| Untracked 
|  16|0x0000000706800000, 0x0000000706800000, 0x0000000706a00000|  0%| F|  |TAMS 0x0000000706800000| PB 0x0000000706800000| Untracked 
|  17|0x0000000706a00000, 0x0000000706a00000, 0x0000000706c00000|  0%| F|  |TAMS 0x0000000706a00000| PB 0x0000000706a00000| Untracked 
|  18|0x0000000706c00000, 0x0000000706c00000, 0x0000000706e00000|  0%| F|  |TAMS 0x0000000706c00000| PB 0x0000000706c00000| Untracked 
|  19|0x0000000706e00000, 0x0000000706e00000, 0x0000000707000000|  0%| F|  |TAMS 0x0000000706e00000| PB 0x0000000706e00000| Untracked 
|  20|0x0000000707000000, 0x0000000707000000, 0x0000000707200000|  0%| F|  |TAMS 0x0000000707000000| PB 0x0000000707000000| Untracked 
|  21|0x0000000707200000, 0x0000000707200000, 0x0000000707400000|  0%| F|  |TAMS 0x0000000707200000| PB 0x0000000707200000| Untracked 
|  22|0x0000000707400000, 0x0000000707400000, 0x0000000707600000|  0%| F|  |TAMS 0x0000000707400000| PB 0x0000000707400000| Untracked 
|  23|0x0000000707600000, 0x0000000707600000, 0x0000000707800000|  0%| F|  |TAMS 0x0000000707600000| PB 0x0000000707600000| Untracked 
|  24|0x0000000707800000, 0x00000007078b24c0, 0x0000000707a00000| 34%| E|  |TAMS 0x0000000707800000| PB 0x0000000707800000| Complete 
|  25|0x0000000707a00000, 0x0000000707c00000, 0x0000000707c00000|100%| E|CS|TAMS 0x0000000707a00000| PB 0x0000000707a00000| Complete 
|  26|0x0000000707c00000, 0x0000000707e00000, 0x0000000707e00000|100%| E|CS|TAMS 0x0000000707c00000| PB 0x0000000707c00000| Complete 
| 117|0x0000000713200000, 0x0000000713400000, 0x0000000713400000|100%| E|CS|TAMS 0x0000000713200000| PB 0x0000000713200000| Complete 
| 118|0x0000000713400000, 0x0000000713600000, 0x0000000713600000|100%| E|CS|TAMS 0x0000000713400000| PB 0x0000000713400000| Complete 
| 125|0x0000000714200000, 0x0000000714400000, 0x0000000714400000|100%| E|CS|TAMS 0x0000000714200000| PB 0x0000000714200000| Complete 

Card table byte_map: [0x0000017680000000,0x00000176807e0000] _byte_map_base: 0x000001767c7dc000

Marking Bits: (CMBitMap*) 0x00000176ece6f3a0
 Bits: [0x00000176807e0000, 0x00000176846c0000)

Polling page: 0x00000176eab50000

Metaspace:

Usage:
  Non-class:     25.47 MB used.
      Class:      3.50 MB used.
       Both:     28.97 MB used.

Virtual space:
  Non-class space:       64.00 MB reserved,      25.69 MB ( 40%) committed,  1 nodes.
      Class space:        1.00 GB reserved,       3.69 MB ( <1%) committed,  1 nodes.
             Both:        1.06 GB reserved,      29.38 MB (  3%) committed. 

Chunk freelists:
   Non-Class:  6.03 MB
       Class:  12.22 MB
        Both:  18.25 MB

MaxMetaspaceSize: unlimited
CompressedClassSpaceSize: 1.00 GB
Initial GC threshold: 21.00 MB
Current GC threshold: 35.12 MB
CDS: off
 - commit_granule_bytes: 65536.
 - commit_granule_words: 8192.
 - virtual_space_node_default_size: 8388608.
 - enlarge_chunks_in_place: 1.
 - use_allocation_guard: 0.


Internal statistics:

num_allocs_failed_limit: 3.
num_arena_births: 420.
num_arena_deaths: 0.
num_vsnodes_births: 2.
num_vsnodes_deaths: 0.
num_space_committed: 470.
num_space_uncommitted: 0.
num_chunks_returned_to_freelist: 3.
num_chunks_taken_from_freelist: 1054.
num_chunk_merges: 0.
num_chunk_splits: 614.
num_chunks_enlarged: 369.
num_inconsistent_stats: 0.

CodeHeap 'non-profiled nmethods': size=120000Kb used=1931Kb max_used=1931Kb free=118068Kb
 bounds [0x00000176f7a00000, 0x00000176f7c70000, 0x00000176fef30000]
CodeHeap 'profiled nmethods': size=120000Kb used=9492Kb max_used=9492Kb free=110507Kb
 bounds [0x00000176eff30000, 0x00000176f0880000, 0x00000176f7460000]
CodeHeap 'non-nmethods': size=5760Kb used=1460Kb max_used=1490Kb free=4299Kb
 bounds [0x00000176f7460000, 0x00000176f76d0000, 0x00000176f7a00000]
CodeCache: size=245760Kb, used=12883Kb, max_used=12913Kb, free=232874Kb
 total_blobs=5004, nmethods=4447, adapters=460, full_count=0
Compilation: enabled, stopped_count=0, restarted_count=0

Compilation events (20 events):
Event: 143.158 Thread 0x00000176872205b0 nmethod 4438 0x00000176f086d110 code [0x00000176f086d300, 0x00000176f086d658]
Event: 143.158 Thread 0x00000176872205b0 4439       3       org.openqa.selenium.remote.http.HttpMessage$$Lambda/0x00000008002e7a98::apply (8 bytes)
Event: 143.158 Thread 0x00000176872205b0 nmethod 4439 0x00000176f086d810 code [0x00000176f086d9e0, 0x00000176f086dd30]
Event: 143.158 Thread 0x00000176872205b0 4440   !   3       org.openqa.selenium.remote.ErrorHandler::throwIfResponseFailed (545 bytes)
Event: 143.162 Thread 0x00000176872205b0 nmethod 4440 0x00000176f086de90 code [0x00000176f086e580, 0x00000176f0873560]
Event: 143.683 Thread 0x000001768725a320 4441       4       java.util.TreeMap$EntryIterator::next (5 bytes)
Event: 143.688 Thread 0x000001768725a320 nmethod 4441 0x00000176f7bdfd10 code [0x00000176f7bdfea0, 0x00000176f7be0208]
Event: 143.710 Thread 0x00000176872205b0 4442       3       java.lang.StringCoding::implEncodeAsciiArray (47 bytes)
Event: 143.711 Thread 0x00000176872205b0 nmethod 4442 0x00000176f0874990 code [0x00000176f0874b40, 0x00000176f0874d78]
Event: 143.711 Thread 0x000001768725a320 4443  s    4       java.lang.StringBuffer::append (13 bytes)
Event: 143.717 Thread 0x000001768725a320 nmethod 4443 0x00000176f7be0390 code [0x00000176f7be0560, 0x00000176f7be0c00]
Event: 143.717 Thread 0x000001768725a320 4444       4       java.util.Collections$UnmodifiableMap$UnmodifiableEntrySet$1::next (5 bytes)
Event: 143.725 Thread 0x000001768725a320 nmethod 4444 0x00000176f7be0f90 code [0x00000176f7be1140, 0x00000176f7be1640]
Event: 144.343 Thread 0x000001768725a320 4445       4       java.util.function.BiPredicate$$Lambda/0x00000008002bebe8::test (16 bytes)
Event: 144.362 Thread 0x000001768725a320 nmethod 4445 0x00000176f7be1910 code [0x00000176f7be1b20, 0x00000176f7be22f0]
Event: 144.366 Thread 0x000001768725a320 4446       4       java.util.concurrent.TimeUnit::toNanos (45 bytes)
Event: 144.367 Thread 0x000001768725a320 nmethod 4446 0x00000176f7be2990 code [0x00000176f7be2b20, 0x00000176f7be2c18]
Event: 145.257 Thread 0x00000176872205b0 4447       3       java.lang.Class::isUnnamedClass (36 bytes)
Event: 145.257 Thread 0x00000176872205b0 nmethod 4447 0x00000176f0874f10 code [0x00000176f08750c0, 0x00000176f0875238]
Event: 148.463 Thread 0x000001768725a320 4448   !   4       java.util.concurrent.CompletableFuture::uniComposeStage (183 bytes)

GC Heap History (14 events):
Event: 1.615 GC heap before
{Heap before GC invocations=0 (full 0):
 garbage-first heap   total 258048K, used 20480K [0x0000000704800000, 0x0000000800000000)
  region size 2048K, 11 young (22528K), 0 survivors (0K)
 Metaspace       used 11095K, committed 11328K, reserved 1114112K
  class space    used 1092K, committed 1216K, reserved 1048576K
}
Event: 1.627 GC heap after
{Heap after GC invocations=1 (full 0):
 garbage-first heap   total 258048K, used 11032K [0x0000000704800000, 0x0000000800000000)
  region size 2048K, 2 young (4096K), 2 survivors (4096K)
 Metaspace       used 11095K, committed 11328K, reserved 1114112K
  class space    used 1092K, committed 1216K, reserved 1048576K
}
Event: 2.766 GC heap before
{Heap before GC invocations=1 (full 0):
 garbage-first heap   total 258048K, used 29464K [0x0000000704800000, 0x0000000800000000)
  region size 2048K, 11 young (22528K), 2 survivors (4096K)
 Metaspace       used 16264K, committed 16512K, reserved 1114112K
  class space    used 1905K, committed 2048K, reserved 1048576K
}
Event: 2.775 GC heap after
{Heap after GC invocations=2 (full 0):
 garbage-first heap   total 258048K, used 12734K [0x0000000704800000, 0x0000000800000000)
  region size 2048K, 1 young (2048K), 1 survivors (2048K)
 Metaspace       used 16264K, committed 16512K, reserved 1114112K
  class space    used 1905K, committed 2048K, reserved 1048576K
}
Event: 5.415 GC heap before
{Heap before GC invocations=2 (full 0):
 garbage-first heap   total 258048K, used 22974K [0x0000000704800000, 0x0000000800000000)
  region size 2048K, 8 young (16384K), 1 survivors (2048K)
 Metaspace       used 21227K, committed 21504K, reserved 1114112K
  class space    used 2508K, committed 2624K, reserved 1048576K
}
Event: 5.430 GC heap after
{Heap after GC invocations=3 (full 0):
 garbage-first heap   total 258048K, used 14769K [0x0000000704800000, 0x0000000800000000)
  region size 2048K, 2 young (4096K), 2 survivors (4096K)
 Metaspace       used 21227K, committed 21504K, reserved 1114112K
  class space    used 2508K, committed 2624K, reserved 1048576K
}
Event: 29.954 GC heap before
{Heap before GC invocations=4 (full 0):
 garbage-first heap   total 55296K, used 53681K [0x0000000704800000, 0x0000000800000000)
  region size 2048K, 21 young (43008K), 2 survivors (4096K)
 Metaspace       used 28595K, committed 28928K, reserved 1114112K
  class space    used 3555K, committed 3712K, reserved 1048576K
}
Event: 29.962 GC heap after
{Heap after GC invocations=5 (full 0):
 garbage-first heap   total 61440K, used 16960K [0x0000000704800000, 0x0000000800000000)
  region size 2048K, 3 young (6144K), 3 survivors (6144K)
 Metaspace       used 28595K, committed 28928K, reserved 1114112K
  class space    used 3555K, committed 3712K, reserved 1048576K
}
Event: 52.750 GC heap before
{Heap before GC invocations=5 (full 0):
 garbage-first heap   total 61440K, used 41536K [0x0000000704800000, 0x0000000800000000)
  region size 2048K, 15 young (30720K), 3 survivors (6144K)
 Metaspace       used 29156K, committed 29504K, reserved 1114112K
  class space    used 3579K, committed 3776K, reserved 1048576K
}
Event: 52.757 GC heap after
{Heap after GC invocations=6 (full 0):
 garbage-first heap   total 61440K, used 16753K [0x0000000704800000, 0x0000000800000000)
  region size 2048K, 2 young (4096K), 2 survivors (4096K)
 Metaspace       used 29156K, committed 29504K, reserved 1114112K
  class space    used 3579K, committed 3776K, reserved 1048576K
}
Event: 89.360 GC heap before
{Heap before GC invocations=6 (full 0):
 garbage-first heap   total 61440K, used 41329K [0x0000000704800000, 0x0000000800000000)
  region size 2048K, 15 young (30720K), 2 survivors (4096K)
 Metaspace       used 29325K, committed 29760K, reserved 1114112K
  class space    used 3581K, committed 3776K, reserved 1048576K
}
Event: 89.364 GC heap after
{Heap after GC invocations=7 (full 0):
 garbage-first heap   total 61440K, used 16521K [0x0000000704800000, 0x0000000800000000)
  region size 2048K, 1 young (2048K), 1 survivors (2048K)
 Metaspace       used 29325K, committed 29760K, reserved 1114112K
  class space    used 3581K, committed 3776K, reserved 1048576K
}
Event: 133.533 GC heap before
{Heap before GC invocations=7 (full 0):
 garbage-first heap   total 61440K, used 47241K [0x0000000704800000, 0x0000000800000000)
  region size 2048K, 16 young (32768K), 1 survivors (2048K)
 Metaspace       used 29655K, committed 30080K, reserved 1114112K
  class space    used 3584K, committed 3776K, reserved 1048576K
}
Event: 133.537 GC heap after
{Heap after GC invocations=8 (full 0):
 garbage-first heap   total 61440K, used 16454K [0x0000000704800000, 0x0000000800000000)
  region size 2048K, 1 young (2048K), 1 survivors (2048K)
 Metaspace       used 29655K, committed 30080K, reserved 1114112K
  class space    used 3584K, committed 3776K, reserved 1048576K
}

Dll operation events (2 events):
Event: 0.050 Loaded shared library C:\Program Files\Android\Android Studio\jbr\bin\java.dll
Event: 0.079 Loaded shared library C:\Program Files\Android\Android Studio\jbr\bin\zip.dll

Deoptimization events (20 events):
Event: 81.299 Thread 0x000001768c35e120 DEOPT PACKING pc=0x00000176f7b7ea70 sp=0x0000000b077fea00
Event: 81.299 Thread 0x000001768c35e120 DEOPT UNPACKING pc=0x00000176f74b46a2 sp=0x0000000b077fe9e0 mode 2
Event: 84.382 Thread 0x00000176ece06800 DEOPT PACKING pc=0x00000176f075bc9b sp=0x0000000b04dfbfd0
Event: 84.382 Thread 0x00000176ece06800 DEOPT UNPACKING pc=0x00000176f74b4e42 sp=0x0000000b04dfb490 mode 0
Event: 126.599 Thread 0x000001768c35f4d0 Uncommon trap: trap_request=0xffffff45 fr.pc=0x00000176f7b91734 relative=0x00000000000000d4
Event: 126.599 Thread 0x000001768c35f4d0 Uncommon trap: reason=unstable_if action=reinterpret pc=0x00000176f7b91734 method=jdk.internal.net.http.common.SequentialScheduler.runOrSchedule(Ljdk/internal/net/http/common/SequentialScheduler$SchedulableTask;Ljava/util/concurrent/Executor;)V @ 49 c2
Event: 126.599 Thread 0x000001768c35f4d0 DEOPT PACKING pc=0x00000176f7b91734 sp=0x0000000b073fd980
Event: 126.599 Thread 0x000001768c35f4d0 DEOPT UNPACKING pc=0x00000176f74b46a2 sp=0x0000000b073fd960 mode 2
Event: 131.854 Thread 0x00000176ece06800 Uncommon trap: trap_request=0xffffff6e fr.pc=0x00000176f7b12598 relative=0x00000000000003b8
Event: 131.854 Thread 0x00000176ece06800 Uncommon trap: reason=loop_limit_check action=maybe_recompile pc=0x00000176f7b12598 method=java.util.regex.Pattern$Start.match(Ljava/util/regex/Matcher;ILjava/lang/CharSequence;)Z @ 34 c2
Event: 131.854 Thread 0x00000176ece06800 DEOPT PACKING pc=0x00000176f7b12598 sp=0x0000000b04dfc860
Event: 131.854 Thread 0x00000176ece06800 DEOPT UNPACKING pc=0x00000176f74b46a2 sp=0x0000000b04dfc780 mode 2
Event: 140.897 Thread 0x000001768c35f4d0 Uncommon trap: trap_request=0xffffff45 fr.pc=0x00000176f7b729cc relative=0x00000000000002ac
Event: 140.897 Thread 0x000001768c35f4d0 Uncommon trap: reason=unstable_if action=reinterpret pc=0x00000176f7b729cc method=java.util.concurrent.CompletableFuture.unipush(Ljava/util/concurrent/CompletableFuture$Completion;)V @ 34 c2
Event: 140.897 Thread 0x000001768c35f4d0 DEOPT PACKING pc=0x00000176f7b729cc sp=0x0000000b073fdc40
Event: 140.897 Thread 0x000001768c35f4d0 DEOPT UNPACKING pc=0x00000176f74b46a2 sp=0x0000000b073fdbf0 mode 2
Event: 140.897 Thread 0x000001768c35f4d0 Uncommon trap: trap_request=0xffffff45 fr.pc=0x00000176f7b7c96c relative=0x00000000000000ac
Event: 140.897 Thread 0x000001768c35f4d0 Uncommon trap: reason=unstable_if action=reinterpret pc=0x00000176f7b7c96c method=java.util.concurrent.CompletableFuture.postFire(Ljava/util/concurrent/CompletableFuture;I)Ljava/util/concurrent/CompletableFuture; @ 25 c2
Event: 140.897 Thread 0x000001768c35f4d0 DEOPT PACKING pc=0x00000176f7b7c96c sp=0x0000000b073fdb70
Event: 140.897 Thread 0x000001768c35f4d0 DEOPT UNPACKING pc=0x00000176f74b46a2 sp=0x0000000b073fdb00 mode 2

Classes loaded (20 events):
Event: 8.373 Loading class java/text/spi/DateFormatSymbolsProvider
Event: 8.374 Loading class java/text/spi/DateFormatSymbolsProvider done
Event: 8.374 Loading class sun/util/locale/provider/DateFormatSymbolsProviderImpl
Event: 8.375 Loading class sun/util/locale/provider/DateFormatSymbolsProviderImpl done
Event: 8.376 Loading class java/time/LocalTime$1
Event: 8.376 Loading class java/time/LocalTime$1 done
Event: 12.967 Loading class java/util/TreeMap$EntrySpliterator
Event: 12.967 Loading class java/util/TreeMap$EntrySpliterator done
Event: 12.969 Loading class java/util/stream/SortedOps$SizedRefSortingSink
Event: 12.969 Loading class java/util/stream/SortedOps$SizedRefSortingSink done
Event: 14.583 Loading class java/time/Clock$SystemClock
Event: 14.583 Loading class java/time/Clock$SystemClock done
Event: 29.929 Loading class java/time/OffsetDateTime
Event: 29.930 Loading class java/time/OffsetDateTime done
Event: 66.007 Loading class java/util/IdentityHashMap$KeyIterator
Event: 66.008 Loading class java/util/IdentityHashMap$IdentityHashMapIterator
Event: 66.009 Loading class java/util/IdentityHashMap$IdentityHashMapIterator done
Event: 66.009 Loading class java/util/IdentityHashMap$KeyIterator done
Event: 75.669 Loading class java/lang/foreign/MemorySegment
Event: 75.672 Loading class java/lang/foreign/MemorySegment done

Classes unloaded (0 events):
No events

Classes redefined (0 events):
No events

Internal exceptions (20 events):
Event: 4.959 Thread 0x00000176ece06800 Exception <a 'java/lang/NoSuchMethodError'{0x0000000713f01960}: 'long java.lang.invoke.DirectMethodHandle$Holder.invokeSpecial(java.lang.Object, java.lang.Object)'> (0x0000000713f01960) 
thrown [s\src\hotspot\share\interpreter\linkResolver.cpp, line 784]
Event: 5.154 Thread 0x00000176ece06800 Exception <a 'sun/nio/fs/WindowsException'{0x0000000713c462a8}> (0x0000000713c462a8) 
thrown [s\src\hotspot\share\prims\jni.cpp, line 537]
Event: 5.494 Thread 0x00000176ece06800 Exception <a 'java/lang/NoSuchMethodError'{0x00000007142808e8}: 'java.lang.Object java.lang.invoke.DirectMethodHandle$Holder.invokeStaticInit(java.lang.Object, java.lang.Object, int, int, int, int)'> (0x00000007142808e8) 
thrown [s\src\hotspot\share\interpreter\linkResolver.cpp, line 784]
Event: 5.706 Thread 0x00000176ece06800 Exception <a 'java/lang/IncompatibleClassChangeError'{0x00000007076c3a18}: Found class java.lang.Object, but interface was expected> (0x00000007076c3a18) 
thrown [s\src\hotspot\share\interpreter\linkResolver.cpp, line 851]
Event: 5.717 Thread 0x00000176ece06800 Exception <a 'java/lang/NoSuchMethodError'{0x00000007076e5620}: 'java.lang.Object java.lang.invoke.DirectMethodHandle$Holder.invokeVirtual(java.lang.Object, java.lang.Object, java.lang.Object, java.lang.Object)'> (0x00000007076e5620) 
thrown [s\src\hotspot\share\interpreter\linkResolver.cpp, line 784]
Event: 5.799 Thread 0x000001768c59fbf0 Exception <a 'java/net/ConnectException'{0x0000000707591ab0}: Connection refused: getsockopt> (0x0000000707591ab0) 
thrown [s\src\hotspot\share\prims\jni.cpp, line 572]
Event: 5.816 Thread 0x000001768c59fbf0 Exception <a 'java/net/ConnectException'{0x0000000707592c00}: Connection refused: getsockopt> (0x0000000707592c00) 
thrown [s\src\hotspot\share\prims\jni.cpp, line 572]
Event: 5.846 Thread 0x000001768c59fbf0 Exception <a 'java/net/ConnectException'{0x0000000707593b48}: Connection refused: getsockopt> (0x0000000707593b48) 
thrown [s\src\hotspot\share\prims\jni.cpp, line 572]
Event: 5.894 Thread 0x000001768c59fbf0 Exception <a 'java/net/ConnectException'{0x0000000707594a90}: Connection refused: getsockopt> (0x0000000707594a90) 
thrown [s\src\hotspot\share\prims\jni.cpp, line 572]
Event: 6.048 Thread 0x00000176ece06800 Exception <a 'java/lang/NoSuchMethodError'{0x00000007074d7b30}: 'java.lang.Object java.lang.invoke.DirectMethodHandle$Holder.newInvokeSpecial(java.lang.Object, java.lang.Object, int, int)'> (0x00000007074d7b30) 
thrown [s\src\hotspot\share\interpreter\linkResolver.cpp, line 784]
Event: 6.050 Thread 0x00000176ece06800 Exception <a 'java/lang/NoSuchMethodError'{0x00000007074e23d0}: 'void java.lang.invoke.DirectMethodHandle$Holder.invokeStatic(java.lang.Object, java.lang.Object, int)'> (0x00000007074e23d0) 
thrown [s\src\hotspot\share\interpreter\linkResolver.cpp, line 784]
Event: 6.177 Thread 0x000001768c35f4d0 Exception <a 'java/lang/NoSuchMethodError'{0x00000007070e6f78}: 'java.lang.Object java.lang.invoke.DirectMethodHandle$Holder.invokeSpecial(java.lang.Object, java.lang.Object, java.lang.Object, java.lang.Object, int)'> (0x00000007070e6f78) 
thrown [s\src\hotspot\share\interpreter\linkResolver.cpp, line 784]
Event: 6.177 Thread 0x000001768c35f4d0 Exception <a 'java/lang/NoSuchMethodError'{0x00000007070ea8d0}: 'java.lang.Object java.lang.invoke.Invokers$Holder.linkToTargetMethod(java.lang.Object, java.lang.Object, int, java.lang.Object)'> (0x00000007070ea8d0) 
thrown [s\src\hotspot\share\interpreter\linkResolver.cpp, line 784]
Event: 6.269 Thread 0x000001768da1f8b0 Exception <a 'java/lang/NoSuchMethodError'{0x000000070770e218}: 'int java.lang.invoke.DirectMethodHandle$Holder.invokeStatic(java.lang.Object, int, java.lang.Object)'> (0x000000070770e218) 
thrown [s\src\hotspot\share\interpreter\linkResolver.cpp, line 784]
Event: 7.965 Thread 0x000001768c35ee40 Exception <a 'java/lang/NoSuchMethodError'{0x0000000706c147a8}: 'void java.lang.invoke.DirectMethodHandle$Holder.invokeSpecial(java.lang.Object, java.lang.Object, java.lang.Object, java.lang.Object, java.lang.Object, java.lang.Object, java.lang.Object)'> (0x0000000706c147a8) 
thrown [s\src\hotspot\share\interpreter\linkResolver.cpp, line 784]
Event: 7.999 Thread 0x00000176ece06800 Exception <a 'java/lang/NoSuchMethodError'{0x0000000707325190}: 'java.lang.Object java.lang.invoke.DirectMethodHandle$Holder.invokeSpecialIFC(java.lang.Object, java.lang.Object, java.lang.Object)'> (0x0000000707325190) 
thrown [s\src\hotspot\share\interpreter\linkResolver.cpp, line 784]
Event: 8.366 Thread 0x00000176ece06800 Exception <a 'java/lang/ClassNotFoundException'{0x00000007066f3980}: sun/util/logging/resources/spi/loggingProvider> (0x00000007066f3980) 
thrown [s\src\hotspot\share\classfile\systemDictionary.cpp, line 312]
Event: 8.535 Thread 0x00000176ece06800 Exception <a 'java/lang/IncompatibleClassChangeError'{0x0000000706773590}: Found class java.lang.Object, but interface was expected> (0x0000000706773590) 
thrown [s\src\hotspot\share\interpreter\linkResolver.cpp, line 851]
Event: 29.925 Thread 0x00000176ece06800 Exception <a 'java/lang/IncompatibleClassChangeError'{0x000000070553e840}: Found class java.lang.Object, but interface was expected> (0x000000070553e840) 
thrown [s\src\hotspot\share\interpreter\linkResolver.cpp, line 851]
Event: 121.304 Thread 0x00000176ece06800 Exception <a 'java/lang/NoSuchMethodError'{0x00000007071ad240}: 'java.lang.Object java.lang.invoke.DirectMethodHandle$Holder.invokeStatic(java.lang.Object, java.lang.Object, int, java.lang.Object)'> (0x00000007071ad240) 
thrown [s\src\hotspot\share\interpreter\linkResolver.cpp, line 784]

ZGC Phase Switch (0 events):
No events

VM Operations (20 events):
Event: 126.342 Executing VM operation: Cleanup
Event: 126.342 Executing VM operation: Cleanup done
Event: 127.348 Executing VM operation: Cleanup
Event: 127.348 Executing VM operation: Cleanup done
Event: 132.395 Executing VM operation: Cleanup
Event: 132.395 Executing VM operation: Cleanup done
Event: 133.403 Executing VM operation: Cleanup
Event: 133.403 Executing VM operation: Cleanup done
Event: 133.533 Executing VM operation: G1CollectForAllocation (G1 Evacuation Pause)
Event: 133.537 Executing VM operation: G1CollectForAllocation (G1 Evacuation Pause) done
Event: 136.558 Executing VM operation: Cleanup
Event: 136.558 Executing VM operation: Cleanup done
Event: 138.579 Executing VM operation: Cleanup
Event: 138.579 Executing VM operation: Cleanup done
Event: 140.593 Executing VM operation: Cleanup
Event: 140.594 Executing VM operation: Cleanup done
Event: 143.626 Executing VM operation: Cleanup
Event: 143.626 Executing VM operation: Cleanup done
Event: 144.627 Executing VM operation: Cleanup
Event: 144.627 Executing VM operation: Cleanup done

Memory protections (0 events):
No events

Nmethod flushes (0 events):
No events

Events (20 events):
Event: 6.276 Thread 0x000001768da1f8b0 Thread added: 0x000001768c35ee40
Event: 6.281 Thread 0x000001768da1f8b0 Thread added: 0x000001768c35d400
Event: 6.282 Thread 0x000001768da1f8b0 Thread added: 0x000001768c35e120
Event: 8.123 Thread 0x00000176ece06800 Thread added: 0x000001768c35e7b0
Event: 8.125 Thread 0x00000176ece06800 Thread added: 0x000001768c3601f0
Event: 8.131 Thread 0x000001768c35e7b0 Thread added: 0x000001768c35cd70
Event: 8.133 Thread 0x000001768c35e7b0 Thread added: 0x00000176876a8e70
Event: 8.133 Thread 0x000001768c35e7b0 Thread added: 0x00000176876a6080
Event: 8.319 Thread 0x00000176872205b0 Thread added: 0x000001768c364590
Event: 8.320 Thread 0x00000176872205b0 Thread added: 0x000001768c53e520
Event: 8.523 Thread 0x000001768c53e520 Thread exited: 0x000001768c53e520
Event: 8.523 Thread 0x000001768c364590 Thread exited: 0x000001768c364590
Event: 13.686 Thread 0x000001768c97c870 Thread exited: 0x000001768c97c870
Event: 16.012 Thread 0x000001768c35da90 Thread exited: 0x000001768c35da90
Event: 66.009 Thread 0x000001768c59fbf0 Thread exited: 0x000001768c59fbf0
Event: 66.285 Thread 0x000001768c35d400 Thread exited: 0x000001768c35d400
Event: 68.134 Thread 0x000001768c35cd70 Thread exited: 0x000001768c35cd70
Event: 68.196 Thread 0x00000176876a6080 Thread exited: 0x00000176876a6080
Event: 68.196 Thread 0x00000176876a8e70 Thread exited: 0x00000176876a8e70
Event: 68.211 Thread 0x000001768c3601f0 Thread exited: 0x000001768c3601f0


Dynamic libraries:
0x00007ff787f60000 - 0x00007ff787f6a000 	C:\Program Files\Android\Android Studio\jbr\bin\java.exe
0x00007ffae70c0000 - 0x00007ffae7327000 	C:\WINDOWS\SYSTEM32\ntdll.dll
0x00007ffac1ab0000 - 0x00007ffac1ad0000 	C:\Program Files\Avast Software\Avast\aswhook.dll
0x00007ffae5020000 - 0x00007ffae50e9000 	C:\WINDOWS\System32\KERNEL32.DLL
0x00007ffae4130000 - 0x00007ffae4524000 	C:\WINDOWS\System32\KERNELBASE.dll
0x00007ffae3b50000 - 0x00007ffae3c9b000 	C:\WINDOWS\System32\ucrtbase.dll
0x00007ffaa53e0000 - 0x00007ffaa53f8000 	C:\Program Files\Android\Android Studio\jbr\bin\jli.dll
0x00007ffae6170000 - 0x00007ffae6335000 	C:\WINDOWS\System32\USER32.dll
0x00007ffae3f80000 - 0x00007ffae3fa7000 	C:\WINDOWS\System32\win32u.dll
0x00007ffae50f0000 - 0x00007ffae511b000 	C:\WINDOWS\System32\GDI32.dll
0x00007ffae3a20000 - 0x00007ffae3b4a000 	C:\WINDOWS\System32\gdi32full.dll
0x00007ffae4530000 - 0x00007ffae45d3000 	C:\WINDOWS\System32\msvcp_win.dll
0x00007ffac1e40000 - 0x00007ffac20d3000 	C:\WINDOWS\WinSxS\amd64_microsoft.windows.common-controls_6595b64144ccf1df_6.0.26100.8115_none_3e075c82e3354f9c\COMCTL32.dll
0x00007ffa98110000 - 0x00007ffa9812b000 	C:\Program Files\Android\Android Studio\jbr\bin\VCRUNTIME140.dll
0x00007ffae55b0000 - 0x00007ffae5659000 	C:\WINDOWS\System32\msvcrt.dll
0x00007ffae63d0000 - 0x00007ffae6402000 	C:\WINDOWS\System32\IMM32.DLL
0x00007ffabe370000 - 0x00007ffabe37c000 	C:\Program Files\Android\Android Studio\jbr\bin\vcruntime140_1.dll
0x00007ffa725f0000 - 0x00007ffa7267d000 	C:\Program Files\Android\Android Studio\jbr\bin\msvcp140.dll
0x00007ff9ecd70000 - 0x00007ff9eda06000 	C:\Program Files\Android\Android Studio\jbr\bin\server\jvm.dll
0x00007ffae64f0000 - 0x00007ffae65a6000 	C:\WINDOWS\System32\ADVAPI32.dll
0x00007ffae6440000 - 0x00007ffae64e7000 	C:\WINDOWS\System32\sechost.dll
0x00007ffae5ae0000 - 0x00007ffae5bf8000 	C:\WINDOWS\System32\RPCRT4.dll
0x00007ffae6340000 - 0x00007ffae63c0000 	C:\WINDOWS\System32\WS2_32.dll
0x00007ffae37f0000 - 0x00007ffae384e000 	C:\WINDOWS\SYSTEM32\POWRPROF.dll
0x00007ffad8850000 - 0x00007ffad8886000 	C:\WINDOWS\SYSTEM32\WINMM.dll
0x00007ffacf690000 - 0x00007ffacf69b000 	C:\WINDOWS\SYSTEM32\VERSION.dll
0x00007ffae37d0000 - 0x00007ffae37e4000 	C:\WINDOWS\SYSTEM32\UMPDC.dll
0x00007ffae26f0000 - 0x00007ffae270b000 	C:\WINDOWS\SYSTEM32\kernel.appcore.dll
0x00007ffa9f830000 - 0x00007ffa9f83a000 	C:\Program Files\Android\Android Studio\jbr\bin\jimage.dll
0x00007ffae18d0000 - 0x00007ffae1b12000 	C:\WINDOWS\SYSTEM32\DBGHELP.DLL
0x00007ffae56d0000 - 0x00007ffae5a52000 	C:\WINDOWS\System32\combase.dll
0x00007ffae6000000 - 0x00007ffae60d7000 	C:\WINDOWS\System32\OLEAUT32.dll
0x00007ffacf280000 - 0x00007ffacf2bb000 	C:\WINDOWS\SYSTEM32\dbgcore.DLL
0x00007ffae3ed0000 - 0x00007ffae3f75000 	C:\WINDOWS\System32\bcryptPrimitives.dll
0x00007ffa97a80000 - 0x00007ffa97aa0000 	C:\Program Files\Android\Android Studio\jbr\bin\java.dll
0x00007ffa97a60000 - 0x00007ffa97a78000 	C:\Program Files\Android\Android Studio\jbr\bin\zip.dll
0x00007ffae66b0000 - 0x00007ffae6e16000 	C:\WINDOWS\System32\SHELL32.dll
0x00007ffae3ca0000 - 0x00007ffae3e0a000 	C:\WINDOWS\System32\wintypes.dll
0x00007ffae45e0000 - 0x00007ffae4e45000 	C:\WINDOWS\System32\windows.storage.dll
0x00007ffae65b0000 - 0x00007ffae66a7000 	C:\WINDOWS\System32\SHCORE.dll
0x00007ffae5c10000 - 0x00007ffae5c76000 	C:\WINDOWS\System32\shlwapi.dll
0x00007ffae38b0000 - 0x00007ffae38d9000 	C:\WINDOWS\SYSTEM32\profapi.dll
0x00007ffa9f640000 - 0x00007ffa9f650000 	C:\Program Files\Android\Android Studio\jbr\bin\net.dll
0x00007ffad8690000 - 0x00007ffad87bd000 	C:\WINDOWS\SYSTEM32\WINHTTP.dll
0x00007ffae2c40000 - 0x00007ffae2cac000 	C:\WINDOWS\system32\mswsock.dll
0x00007ffa93f10000 - 0x00007ffa93f26000 	C:\Program Files\Android\Android Studio\jbr\bin\nio.dll
0x00007ffae2170000 - 0x00007ffae21a2000 	C:\WINDOWS\SYSTEM32\IPHLPAPI.DLL
0x00007ffae5c00000 - 0x00007ffae5c0a000 	C:\WINDOWS\System32\NSI.dll
0x00007ffa9ccc0000 - 0x00007ffa9ccc9000 	C:\Program Files\Android\Android Studio\jbr\bin\extnet.dll
0x00007ffae21b0000 - 0x00007ffae22e2000 	C:\WINDOWS\SYSTEM32\DNSAPI.dll
0x00007ffad2280000 - 0x00007ffad228b000 	C:\Windows\System32\rasadhlp.dll
0x00007ffadaa60000 - 0x00007ffadaae6000 	C:\WINDOWS\System32\fwpuclnt.dll
0x00007ffa9c810000 - 0x00007ffa9c819000 	C:\Program Files\Android\Android Studio\jbr\bin\management.dll
0x00007ffa9c650000 - 0x00007ffa9c65b000 	C:\Program Files\Android\Android Studio\jbr\bin\management_ext.dll
0x00007ffae5a60000 - 0x00007ffae5a68000 	C:\WINDOWS\System32\PSAPI.DLL
0x00007ffae2f60000 - 0x00007ffae2f7b000 	C:\WINDOWS\SYSTEM32\CRYPTSP.dll
0x00007ffae2650000 - 0x00007ffae2689000 	C:\WINDOWS\system32\rsaenh.dll
0x00007ffae2d00000 - 0x00007ffae2d33000 	C:\WINDOWS\SYSTEM32\USERENV.dll
0x00007ffae3880000 - 0x00007ffae38aa000 	C:\WINDOWS\SYSTEM32\bcrypt.dll
0x00007ffae2f50000 - 0x00007ffae2f5c000 	C:\WINDOWS\SYSTEM32\CRYPTBASE.dll
0x00007ffaa4c70000 - 0x00007ffaa4c78000 	C:\WINDOWS\system32\wshunix.dll

JVMTI agents: none

dbghelp: loaded successfully - version: 4.0.5 - missing functions: none
symbol engine: initialized successfully - sym options: 0x614 - pdb path: .;C:\Program Files\Android\Android Studio\jbr\bin;C:\WINDOWS\SYSTEM32;C:\Program Files\Avast Software\Avast;C:\WINDOWS\WinSxS\amd64_microsoft.windows.common-controls_6595b64144ccf1df_6.0.26100.8115_none_3e075c82e3354f9c;C:\Program Files\Android\Android Studio\jbr\bin\server

VM Arguments:
jvm_args: -ea -XX:+ShowCodeDetailsInExceptionMessages -Dfile.encoding=UTF-8 
java_command: org.eclipse.jdt.internal.junit.runner.RemoteTestRunner -version 3 -port 50337 -testLoaderClass org.eclipse.jdt.internal.junit6.runner.JUnit6TestLoader -loaderpluginname org.eclipse.jdt.junit6.runtime -testNameFile C:\Users\iratx\AppData\Local\Temp\testNames10958314184304048484.txt
java_class_path (initial): c:\Users\iratx\Desktop\ISPP-PRPYECT\Cerebrus\backend\target\test-classes;c:\Users\iratx\Desktop\ISPP-PRPYECT\Cerebrus\backend\target\classes;c:\Users\iratx\.m2\repository\org\springframework\boot\spring-boot-starter-web\4.0.2\spring-boot-starter-web-4.0.2.jar;c:\Users\iratx\.m2\repository\org\springframework\boot\spring-boot-starter-jackson\4.0.2\spring-boot-starter-jackson-4.0.2.jar;c:\Users\iratx\.m2\repository\org\springframework\boot\spring-boot-jackson\4.0.2\spring-boot-jackson-4.0.2.jar;c:\Users\iratx\.m2\repository\tools\jackson\core\jackson-databind\3.0.4\jackson-databind-3.0.4.jar;c:\Users\iratx\.m2\repository\tools\jackson\core\jackson-core\3.0.4\jackson-core-3.0.4.jar;c:\Users\iratx\.m2\repository\org\springframework\boot\spring-boot-starter-tomcat\4.0.2\spring-boot-starter-tomcat-4.0.2.jar;c:\Users\iratx\.m2\repository\org\springframework\boot\spring-boot-starter-tomcat-runtime\4.0.2\spring-boot-starter-tomcat-runtime-4.0.2.jar;c:\Users\iratx\.m2\repository\org\springframework\boot\spring-boot-web-server\4.0.2\spring-boot-web-server-4.0.2.jar;c:\Users\iratx\.m2\repository\org\apache\tomcat\embed\tomcat-embed-core\11.0.15\tomcat-embed-core-11.0.15.jar;c:\Users\iratx\.m2\repository\org\apache\tomcat\embed\tomcat-embed-websocket\11.0.15\tomcat-embed-websocket-11.0.15.jar;c:\Users\iratx\.m2\repository\org\springframework\boot\spring-boot-tomcat\4.0.2\spring-boot-tomcat-4.0.2.jar;c:\Users\iratx\.m2\repository\org\springframework\boot\spring-boot-http-converter\4.0.2\spring-boot-http-converter-4.0.2.jar;c:\Users\iratx\.m2\repository\org\springframework\spring-web\7.0.3\spring-web-7.0.3.jar;c:\Users\iratx\.m2\repository\org\springframework\boot\spring-boot-webmvc\4.0.2\spring-boot-webmvc-4.0.2.jar;c:\Users\iratx\.m2\repository\org\springframework\boot\spring-boot-servlet\4.0.2\spring-boot-servlet-4.0.2.jar;c:\Users\iratx\.m2\repository\org\springframework\spring-webmvc\7.0.3\spring-webmvc-7.0.3.jar;c:\Users\iratx\.m2\repository\org\springframework\boot\spring-boot-starter-data-jpa\4.0.2\spring-boot-starter-data-jpa-4.0.2.jar;c:\Users\iratx\.m2\repository\org\springframework\boot\spring-boot-starter\4.0.2\spring-boot-starter-4.0.2.jar;c:\Users\iratx\.m2\repository\org\springframework\boot\spring-boot-starter-logging\4.0.2\spring-boot-starter-logging-4.0.2.jar;c:\Users\iratx\.m2\repository\ch\qos\logback\logback-classic\1.5.25\logback-classic-1.5.25.jar;c:\Users\iratx\.m2\repository\ch\qos\logback\logback-core\1.5.25\logback-core-1.5.25.jar;c:\Users\iratx\.m2\repository\org\apache\logging\log4j\log4j-to-slf4j\2.25.3\log4j-to-slf4j-2.25.3.jar;c:\Users\iratx\.m2\repository\org\slf4j\jul-to-slf4j\2.0.17\jul-to-slf4j-2.0.17.jar;c:\Users\iratx\.m2\repository\jakarta\annotation\jakarta.annotation-api\3.0.0\jakarta.annotation-api-3.0.0.jar;c:\Users\iratx\.m2\repository\org\yaml\snakeyaml\2.5\snakeyaml-2.5.jar;c:\Users\iratx\.m2\repository\org\springframework\boot\spring-boot-starter-jdbc\4.0.2\spring-boot-starter-jdbc-4.0.2.jar;c:\Users\iratx\.m2\repository\com\zaxxer\HikariCP\7.0.2\HikariCP-7.0.2.jar;c:\Users\iratx\.m2\repository\org\springframework\boot\spring-boot-data-jpa\4.0.2\spring-boot-data-jpa-4.0.2.jar;c:\Users\iratx\.m2\repository\org\springframework\boot\spring-boot-data-commons\4.0.2\spring-boot-data-commons-4.0.2.jar;c:\Users\iratx\.m2\repository\org\springframework\boot\spring-boot-persistence\4.0.2\spring-boot-persistence-4.0.2.jar;c:\Users\iratx\.m2\repository\org\springframework\data\spring-data-commons\4.0.2\spring-data-commons-4.0.2.jar;c:\Users\iratx\.m2\repository\org\springframework\boot\spring-boot-hibernate\4.0.2\spring-boot-hibernate-4.0.2.jar;c:\Users\iratx\.m2\repository\org\springframework\boot\spring-boot-jpa\4.0.2\spring-boot-jpa-4.0.2.jar;c:\Users\iratx\.m2\repository\jakarta\persistence\jakarta.persistence-api\3.2.0\jakarta.persistence-api-3.2.0.jar;c:\Users\iratx\.m2\repository\org\hibernate\orm\hibernate-core\7.2.1.Final\hibernate-core-7.2.1.Final.jar;c:\Users\iratx\.m2\repository\jakarta\transaction\jakarta.transaction-api\2.0.1\jakarta.transaction-api-2.0.1.jar;c:\Users\iratx\.m2\repository\org\hibernate\models\hibernate-models\1.0.1\hibernate-models-1.0.1.jar;c:\Users\iratx\.m2\repository\org\glassfish\jaxb\jaxb-runtime\4.0.6\jaxb-runtime-4.0.6.jar;c:\Users\iratx\.m2\repository\org\glassfish\jaxb\jaxb-core\4.0.6\jaxb-core-4.0.6.jar;c:\Users\iratx\.m2\repository\org\eclipse\angus\angus-activation\2.0.3\angus-activation-2.0.3.jar;c:\Users\iratx\.m2\repository\org\glassfish\jaxb\txw2\4.0.6\txw2-4.0.6.jar;c:\Users\iratx\.m2\repository\com\sun\istack\istack-commons-runtime\4.1.2\istack-commons-runtime-4.1.2.jar;c:\Users\iratx\.m2\repository\jakarta\inject\jakarta.inject-api\2.0.1\jakarta.inject-api-2.0.1.jar;c:\Users\iratx\.m2\repository\org\springframework\spring-orm\7.0.3\spring-orm-7.0.3.jar;c:\Users\iratx\.m2\repository\org\springframework\data\spring-data-jpa\4.0.2\spring-data-jpa-4.0.2.jar;c:\Users\iratx\.m2\repository\org\springframework\spring-tx\7.0.3\spring-tx-7.0.3.jar;c:\Users\iratx\.m2\repository\org\antlr\antlr4-runtime\4.13.2\antlr4-runtime-4.13.2.jar;c:\Users\iratx\.m2\repository\org\springframework\spring-aspects\7.0.3\spring-aspects-7.0.3.jar;c:\Users\iratx\.m2\repository\org\aspectj\aspectjweaver\1.9.25.1\aspectjweaver-1.9.25.1.jar;c:\Users\iratx\.m2\repository\org\springframework\boot\spring-boot-jdbc\4.0.2\spring-boot-jdbc-4.0.2.jar;c:\Users\iratx\.m2\repository\org\springframework\boot\spring-boot-sql\4.0.2\spring-boot-sql-4.0.2.jar;c:\Users\iratx\.m2\repository\org\springframework\boot\spring-boot-transaction\4.0.2\spring-boot-transaction-4.0.2.jar;c:\Users\iratx\.m2\repository\org\springframework\spring-jdbc\7.0.3\spring-jdbc-7.0.3.jar;c:\Users\iratx\.m2\repository\org\springframework\boot\spring-boot-starter-security\4.0.2\spring-boot-starter-security-4.0.2.jar;c:\Users\iratx\.m2\repository\org\springframework\boot\spring-boot-security\4.0.2\spring-boot-security-4.0.2.jar;c:\Users\iratx\.m2\repository\org\springframework\security\spring-security-config\7.0.2\spring-security-config-7.0.2.jar;c:\Users\iratx\.m2\repository\org\springframework\spring-aop\7.0.3\spring-aop-7.0.3.jar;c:\Users\iratx\.m2\repository\org\springframework\spring-beans\7.0.3\spring-beans-7.0.3.jar;c:\Users\iratx\.m2\repository\org\springframework\boot\spring-boot-starter-validation\4.0.2\spring-boot-starter-validation-4.0.2.jar;c:\Users\iratx\.m2\repository\org\springframework\boot\spring-boot-validation\4.0.2\spring-boot-validation-4.0.2.jar;c:\Users\iratx\.m2\repository\org\apache\tomcat\embed\tomcat-embed-el\11.0.15\tomcat-embed-el-11.0.15.jar;c:\Users\iratx\.m2\repository\org\hibernate\validator\hibernate-validator\9.0.1.Final\hibernate-validator-9.0.1.Final.jar;c:\Users\iratx\.m2\repository\jakarta\validation\jakarta.validation-api\3.1.1\jakarta.validation-api-3.1.1.jar;c:\Users\iratx\.m2\repository\org\jboss\logging\jboss-logging\3.6.1.Final\jboss-logging-3.6.1.Final.jar;c:\Users\iratx\.m2\repository\com\fasterxml\classmate\1.7.3\classmate-1.7.3.jar;c:\Users\iratx\.m2\repository\org\springframework\boot\spring-boot-starter-actuator\4.0.2\spring-boot-starter-actuator-4.0.2.jar;c:\Users\iratx\.m2\repository\org\springframework\boot\spring-boot-starter-micrometer-metrics\4.0.2\spring-boot-starter-micrometer-metrics-4.0.2.jar;c:\Users\iratx\.m2\repository\org\springframework\boot\spring-boot-micrometer-metrics\4.0.2\spring-boot-micrometer-metrics-4.0.2.jar;c:\Users\iratx\.m2\repository\org\springframework\boot\spring-boot-micrometer-observation\4.0.2\spring-boot-micrometer-observation-4.0.2.jar;c:\Users\iratx\.m2\repository\org\springframework\boot\spring-boot-actuator-autoconfigure\4.0.2\spring-boot-actuator-autoconfigure-4.0.2.jar;c:\Users\iratx\.m2\repository\org\springframework\boot\spring-boot-actuator\4.0.2\spring-boot-actuator-4.0.2.jar;c:\Users\iratx\.m2\repository\org\springframework\boot\spring-boot-health\4.0.2\spring-boot-health-4.0.2.jar;c:\Users\iratx\.m2\repository\io\micrometer\micrometer-observation\1.16.2\micrometer-observation-1.16.2.jar;c:\Users\iratx\.m2\repository\org\jspecify\jspecify\1.0.0\jspecify-1.0.0.jar;c:\Users\iratx\.m2\repository\io\micrometer\micrometer-commons\1.16.2\micrometer-commons-1.16.2.jar;c:\Users\iratx\.m2\repository\io\micrometer\micrometer-jakarta9\1.16.2\micrometer-jakarta9-1.16.2.jar;c:\Users\iratx\.m2\repository\io\micrometer\micrometer-core\1.16.2\micrometer-core-1.16.2.jar;c:\Users\iratx\.m2\repository\org\hdrhistogram\HdrHistogram\2.2.2\HdrHistogram-2.2.2.jar;c:\Users\iratx\.m2\repository\org\latencyutils\LatencyUtils\2.0.3\LatencyUtils-2.0.3.jar;c:\Users\iratx\.m2\repository\org\springframework\boot\spring-boot-starter-flyway\4.0.2\spring-boot-starter-flyway-4.0.2.jar;c:\Users\iratx\.m2\repository\org\springframework\boot\spring-boot-flyway\4.0.2\spring-boot-flyway-4.0.2.jar;c:\Users\iratx\.m2\repository\org\flywaydb\flyway-mysql\11.14.1\flyway-mysql-11.14.1.jar;c:\Users\iratx\.m2\repository\org\flywaydb\flyway-core\11.14.1\flyway-core-11.14.1.jar;c:\Users\iratx\.m2\repository\org\mariadb\jdbc\mariadb-java-client\3.5.7\mariadb-java-client-3.5.7.jar;c:\Users\iratx\.m2\repository\org\springframework\boot\spring-boot-starter-test\4.0.2\spring-boot-starter-test-4.0.2.jar;c:\Users\iratx\.m2\repository\org\springframework\boot\spring-boot-test\4.0.2\spring-boot-test-4.0.2.jar;c:\Users\iratx\.m2\repository\com\jayway\jsonpath\json-path\2.10.0\json-path-2.10.0.jar;c:\Users\iratx\.m2\repository\org\slf4j\slf4j-api\2.0.17\slf4j-api-2.0.17.jar;c:\Users\iratx\.m2\repository\jakarta\xml\bind\jakarta.xml.bind-api\4.0.4\jakarta.xml.bind-api-4.0.4.jar;c:\Users\iratx\.m2\repository\jakarta\activation\jakarta.activation-api\2.1.4\jakarta.activation-api-2.1.4.jar;c:\Users\iratx\.m2\repository\net\minidev\json-smart\2.6.0\json-smart-2.6.0.jar;c:\Users\iratx\.m2\repository\net\minidev\accessors-smart\2.6.0\accessors-smart-2.6.0.jar;c:\Users\iratx\.m2\repository\org\ow2\asm\asm\9.7.1\asm-9.7.1.jar;c:\Users\iratx\.m2\repository\org\assertj\assertj-core\3.27.6\assertj-core-3.27.6.jar;c:\Users\iratx\.m2\repository\net\bytebuddy\byte-buddy\1.17.8\byte-buddy-1.17.8.jar;c:\Users\iratx\.m2\repository\org\awaitility\awaitility\4.3.0\awaitility-4.3.0.jar;c:\Users\iratx\.m2\repository\org\hamcrest\hamcrest\3.0\hamcrest-3.0.jar;c:\Users\iratx\.m2\repository\org\junit\jupiter\junit-jupiter\6.0.2\junit-jupiter-6.0.2.jar;c:\Users\iratx\.m2\repository\org\junit\jupiter\junit-jupiter-api\6.0.2\junit-jupiter-api-6.0.2.jar;c:\Users\iratx\.m2\repository\org\opentest4j\opentest4j\1.3.0\opentest4j-1.3.0.jar;c:\Users\iratx\.m2\repository\org\junit\platform\junit-platform-commons\6.0.2\junit-platform-commons-6.0.2.jar;c:\Users\iratx\.m2\repository\org\apiguardian\apiguardian-api\1.1.2\apiguardian-api-1.1.2.jar;c:\Users\iratx\.m2\repository\org\junit\jupiter\junit-jupiter-params\6.0.2\junit-jupiter-params-6.0.2.jar;c:\Users\iratx\.m2\repository\org\junit\jupiter\junit-jupiter-engine\6.0.2\junit-jupiter-engine-6.0.2.jar;c:\Users\iratx\.m2\repository\org\junit\platform\junit-platform-engine\6.0.2\junit-platform-engine-6.0.2.jar;c:\Users\iratx\.m2\repository\org\mockito\mockito-core\5.20.0\mockito-core-5.20.0.jar;c:\Users\iratx\.m2\repository\net\bytebuddy\byte-buddy-agent\1.17.8\byte-buddy-agent-1.17.8.jar;c:\Users\iratx\.m2\repository\org\objenesis\objenesis\3.3\objenesis-3.3.jar;c:\Users\iratx\.m2\repository\org\mockito\mockito-junit-jupiter\5.20.0\mockito-junit-jupiter-5.20.0.jar;c:\Users\iratx\.m2\repository\org\skyscreamer\jsonassert\1.5.3\jsonassert-1.5.3.jar;c:\Users\iratx\.m2\repository\com\vaadin\external\google\android-json\0.0.20131108.vaadin1\android-json-0.0.20131108.vaadin1.jar;c:\Users\iratx\.m2\repository\org\springframework\spring-core\7.0.3\spring-core-7.0.3.jar;c:\Users\iratx\.m2\repository\commons-logging\commons-logging\1.3.5\commons-logging-1.3.5.jar;c:\Users\iratx\.m2\repository\org\springframework\spring-test\7.0.3\spring-test-7.0.3.jar;c:\Users\iratx\.m2\repository\org\xmlunit\xmlunit-core\2.10.4\xmlunit-core-2.10.4.jar;c:\Users\iratx\.m2\repository\org\springframework\boot\spring-boot-test-autoconfigure\4.0.2\spring-boot-test-autoconfigure-4.0.2.jar;c:\Users\iratx\.m2\repository\org\springframework\security\spring-security-test\7.0.2\spring-security-test-7.0.2.jar;c:\Users\iratx\.m2\repository\org\springframework\security\spring-security-core\7.0.2\spring-security-core-7.0.2.jar;c:\Users\iratx\.m2\repository\org\springframework\security\spring-security-crypto\7.0.2\spring-security-crypto-7.0.2.jar;c:\Users\iratx\.m2\repository\org\springframework\spring-context\7.0.3\spring-context-7.0.3.jar;c:\Users\iratx\.m2\repository\org\springframework\spring-expression\7.0.3\spring-expression-7.0.3.jar;c:\Users\iratx\.m2\repository\org\springframework\security\spring-security-web\7.0.2\spring-security-web-7.0.2.jar;c:\Users\iratx\.m2\repository\org\springframework\boot\spring-boot-devtools\4.0.2\spring-boot-devtools-4.0.2.jar;c:\Users\iratx\.m2\repository\org\springframework\boot\spring-boot\4.0.2\spring-boot-4.0.2.jar;c:\Users\iratx\.m2\repository\org\springframework\boot\spring-boot-autoconfigure\4.0.2\spring-boot-autoconfigure-4.0.2.jar;c:\Users\iratx\.m2\repository\io\jsonwebtoken\jjwt-api\0.11.5\jjwt-api-0.11.5.jar;c:\Users\iratx\.m2\repository\io\jsonwebtoken\jjwt-impl\0.11.5\jjwt-impl-0.11.5.jar;c:\Users\iratx\.m2\repository\io\jsonwebtoken\jjwt-jackson\0.11.5\jjwt-jackson-0.11.5.jar;c:\Users\iratx\.m2\repository\com\fasterxml\jackson\core\jackson-databind\2.20.2\jackson-databind-2.20.2.jar;c:\Users\iratx\.m2\repository\com\fasterxml\jackson\core\jackson-annotations\2.20\jackson-annotations-2.20.jar;c:\Users\iratx\.m2\repository\com\fasterxml\jackson\core\jackson-core\2.20.2\jackson-core-2.20.2.jar;c:\Users\iratx\.m2\repository\org\projectlombok\lombok\1.18.34\lombok-1.18.34.jar;c:\Users\iratx\.m2\repository\org\seleniumhq\selenium\selenium-java\4.27.0\selenium-java-4.27.0.jar;c:\Users\iratx\.m2\repository\org\seleniumhq\selenium\selenium-api\4.37.0\selenium-api-4.37.0.jar;c:\Users\iratx\.m2\repository\org\seleniumhq\selenium\selenium-chrome-driver\4.37.0\selenium-chrome-driver-4.37.0.jar;c:\Users\iratx\.m2\repository\com\google\auto\service\auto-service-annotations\1.1.1\auto-service-annotations-1.1.1.jar;c:\Users\iratx\.m2\repository\org\seleniumhq\selenium\selenium-chromium-driver\4.37.0\selenium-chromium-driver-4.37.0.jar;c:\Users\iratx\.m2\repository\org\seleniumhq\selenium\selenium-json\4.37.0\selenium-json-4.37.0.jar;c:\Users\iratx\.m2\repository\org\seleniumhq\selenium\selenium-manager\4.37.0\selenium-manager-4.37.0.jar;c:\Users\iratx\.m2\repository\org\seleniumhq\selenium\selenium-devtools-v129\4.27.0\selenium-devtools-v129-4.27.0.jar;c:\Users\iratx\.m2\repository\org\seleniumhq\selenium\selenium-devtools-v130\4.27.0\selenium-devtools-v130-4.27.0.jar;c:\Users\iratx\.m2\repository\org\seleniumhq\selenium\selenium-devtools-v131\4.27.0\selenium-devtools-v131-4.27.0.jar;c:\Users\iratx\.m2\repository\org\seleniumhq\selenium\selenium-devtools-v85\4.27.0\selenium-devtools-v85-4.27.0.jar;c:\Users\iratx\.m2\repository\org\seleniumhq\selenium\selenium-edge-driver\4.37.0\selenium-edge-driver-4.37.0.jar;c:\Users\iratx\.m2\repository\org\seleniumhq\selenium\selenium-firefox-driver\4.37.0\selenium-firefox-driver-4.37.0.jar;c:\Users\iratx\.m2\repository\org\seleniumhq\selenium\selenium-http\4.37.0\selenium-http-4.37.0.jar;c:\Users\iratx\.m2\repository\org\seleniumhq\selenium\selenium-ie-driver\4.37.0\selenium-ie-driver-4.37.0.jar;c:\Users\iratx\.m2\repository\org\seleniumhq\selenium\selenium-remote-driver\4.37.0\selenium-remote-driver-4.37.0.jar;c:\Users\iratx\.m2\repository\com\google\guava\guava\33.5.0-jre\guava-33.5.0-jre.jar;c:\Users\iratx\.m2\repository\com\google\guava\failureaccess\1.0.3\failureaccess-1.0.3.jar;c:\Users\iratx\.m2\repository\com\google\guava\listenablefuture\9999.0-empty-to-avoid-conflict-with-guava\listenablefuture-9999.0-empty-to-avoid-conflict-with-guava.jar;c:\Users\iratx\.m2\repository\com\google\j2objc\j2objc-annotations\3.1\j2objc-annotations-3.1.jar;c:\Users\iratx\.m2\repository\io\opentelemetry\opentelemetry-api\1.55.0\opentelemetry-api-1.55.0.jar;c:\Users\iratx\.m2\repository\io\opentelemetry\opentelemetry-context\1.55.0\opentelemetry-context-1.55.0.jar;c:\Users\iratx\.m2\repository\io\opentelemetry\opentelemetry-common\1.55.0\opentelemetry-common-1.55.0.jar;c:\Users\iratx\.m2\repository\io\opentelemetry\opentelemetry-exporter-logging\1.55.0\opentelemetry-exporter-logging-1.55.0.jar;c:\Users\iratx\.m2\repository\io\opentelemetry\opentelemetry-sdk-common\1.55.0\opentelemetry-sdk-common-1.55.0.jar;c:\Users\iratx\.m2\repository\io\opentelemetry\opentelemetry-sdk-extension-autoconfigure-spi\1.55.0\opentelemetry-sdk-extension-autoconfigure-spi-1.55.0.jar;c:\Users\iratx\.m2\repository\io\opentelemetry\opentelemetry-sdk-extension-autoconfigure\1.55.0\opentelemetry-sdk-extension-autoconfigure-1.55.0.jar;c:\Users\iratx\.m2\repository\io\opentelemetry\opentelemetry-sdk-trace\1.55.0\opentelemetry-sdk-trace-1.55.0.jar;c:\Users\iratx\.m2\repository\io\opentelemetry\opentelemetry-sdk\1.55.0\opentelemetry-sdk-1.55.0.jar;c:\Users\iratx\.m2\repository\io\opentelemetry\opentelemetry-sdk-metrics\1.55.0\opentelemetry-sdk-metrics-1.55.0.jar;c:\Users\iratx\.m2\repository\io\opentelemetry\opentelemetry-sdk-logs\1.55.0\opentelemetry-sdk-logs-1.55.0.jar;c:\Users\iratx\.m2\repository\org\seleniumhq\selenium\selenium-os\4.37.0\selenium-os-4.37.0.jar;c:\Users\iratx\.m2\repository\org\apache\commons\commons-exec\1.5.0\commons-exec-1.5.0.jar;c:\Users\iratx\.m2\repository\org\seleniumhq\selenium\selenium-safari-driver\4.37.0\selenium-safari-driver-4.37.0.jar;c:\Users\iratx\.m2\repository\org\seleniumhq\selenium\selenium-support\4.37.0\selenium-support-4.37.0.jar;c:\Users\iratx\.m2\repository\com\sendinblue\sib-api-v3-sdk\7.0.0\sib-api-v3-sdk-7.0.0.jar;c:\Users\iratx\.m2\repository\io\swagger\swagger-annotations\1.5.18\swagger-annotations-1.5.18.jar;c:\Users\iratx\.m2\repository\com\squareup\okhttp3\okhttp\4.10.0\okhttp-4.10.0.jar;c:\Users\iratx\.m2\repository\com\squareup\okio\okio-jvm\3.0.0\okio-jvm-3.0.0.jar;c:\Users\iratx\.m2\repository\org\jetbrains\kotlin\kotlin-stdlib-common\1.5.31\kotlin-stdlib-common-1.5.31.jar;c:\Users\iratx\.m2\repository\org\jetbrains\kotlin\kotlin-stdlib\2.2.21\kotlin-stdlib-2.2.21.jar;c:\Users\iratx\.m2\repository\org\jetbrains\annotations\13.0\annotations-13.0.jar;c:\Users\iratx\.m2\repository\com\squareup\okio\okio\1.14.0\okio-1.14.0.jar;c:\Users\iratx\.m2\repository\com\squareup\okhttp3\logging-interceptor\4.10.0\logging-interceptor-4.10.0.jar;c:\Users\iratx\.m2\repository\org\jetbrains\kotlin\kotlin-stdlib-jdk8\2.2.21\kotlin-stdlib-jdk8-2.2.21.jar;c:\Users\iratx\.m2\repository\org\jetbrains\kotlin\kotlin-stdlib-jdk7\2.2.21\kotlin-stdlib-jdk7-2.2.21.jar;c:\Users\iratx\.m2\repository\com\google\code\gson\gson\2.13.2\gson-2.13.2.jar;c:\Users\iratx\.m2\repository\com\google\errorprone\error_prone_annotations\2.41.0\error_prone_annotations-2.41.0.jar;c:\Users\iratx\.m2\repository\io\gsonfire\gson-fire\1.8.2\gson-fire-1.8.2.jar;c:\Users\iratx\.m2\repository\org\threeten\threetenbp\1.3.5\threetenbp-1.3.5.jar;c:\Users\iratx\.m2\repository\org\apache\commons\commons-lang3\3.19.0\commons-lang3-3.19.0.jar;c:\Users\iratx\.m2\repository\org\apache\maven\plugins\maven-gpg-plugin\1.5\maven-gpg-plugin-1.5.jar;c:\Users\iratx\.m2\repository\org\apache\maven\maven-plugin-api\2.0.6\maven-plugin-api-2.0.6.jar;c:\Users\iratx\.m2\repository\org\apache\maven\maven-project\2.0.6\maven-project-2.0.6.jar;c:\Users\iratx\.m2\repository\org\apache\maven\maven-settings\2.0.6\maven-settings-2.0.6.jar;c:\Users\iratx\.m2\repository\org\apache\maven\maven-profile\2.0.6\maven-profile-2.0.6.jar;c:\Users\iratx\.m2\repository\org\apache\maven\maven-artifact-manager\2.0.6\maven-artifact-manager-2.0.6.jar;c:\Users\iratx\.m2\repository\org\apache\maven\maven-repository-metadata\2.0.6\maven-repository-metadata-2.0.6.jar;c:\Users\iratx\.m2\repository\org\apache\maven\wagon\wagon-provider-api\1.0-beta-2\wagon-provider-api-1.0-beta-2.jar;c:\Users\iratx\.m2\repository\org\apache\maven\maven-plugin-registry\2.0.6\maven-plugin-registry-2.0.6.jar;c:\Users\iratx\.m2\repository\org\apache\maven\maven-artifact\2.0.6\maven-artifact-2.0.6.jar;c:\Users\iratx\.m2\repository\org\apache\maven\maven-model\2.0.6\maven-model-2.0.6.jar;c:\Users\iratx\.m2\repository\org\codehaus\plexus\plexus-utils\3.0.15\plexus-utils-3.0.15.jar;c:\Users\iratx\.m2\repository\org\apache\poi\poi\5.2.3\poi-5.2.3.jar;c:\Users\iratx\.m2\repository\commons-codec\commons-codec\1.19.0\commons-codec-1.19.0.jar;c:\Users\iratx\.m2\repository\org\apache\commons\commons-collections4\4.4\commons-collections4-4.4.jar;c:\Users\iratx\.m2\repository\org\apache\commons\commons-math3\3.6.1\commons-math3-3.6.1.jar;c:\Users\iratx\.m2\repository\commons-io\commons-io\2.11.0\commons-io-2.11.0.jar;c:\Users\iratx\.m2\repository\com\zaxxer\SparseBitSet\1.2\SparseBitSet-1.2.jar;c:\Users\iratx\.m2\repository\org\apache\logging\log4j\log4j-api\2.25.3\log4j-api-2.25.3.jar;c:\Users\iratx\.m2\repository\org\apache\poi\poi-ooxml\5.2.3\poi-ooxml-5.2.3.jar;c:\Users\iratx\.m2\repository\org\apache\poi\poi-ooxml-lite\5.2.3\poi-ooxml-lite-5.2.3.jar;c:\Users\iratx\.m2\repository\org\apache\xmlbeans\xmlbeans\5.1.1\xmlbeans-5.1.1.jar;c:\Users\iratx\.m2\repository\org\apache\commons\commons-compress\1.21\commons-compress-1.21.jar;c:\Users\iratx\.m2\repository\com\github\virtuald\curvesapi\1.07\curvesapi-1.07.jar;c:\Users\iratx\AppData\Roaming\Code\User\globalStorage\redhat.java\1.53.0\config_win\org.eclipse.osgi\148\0\.cp;c:\Users\iratx\AppData\Roaming\Code\User\globalStorage\redhat.java\1.53.0\config_win\org.eclipse.osgi\56\0\.cp;c:\Users\iratx\AppData\Roaming\Code\User\globalStorage\redhat.java\1.53.0\config_win\org.eclipse.osgi\137\0\.cp
Launcher Type: SUN_STANDARD

[Global flags]
     intx CICompilerCount                          = 4                                         {product} {ergonomic}
     uint ConcGCThreads                            = 3                                         {product} {ergonomic}
     uint G1ConcRefinementThreads                  = 10                                        {product} {ergonomic}
   size_t G1HeapRegionSize                         = 2097152                                   {product} {ergonomic}
    uintx GCDrainStackTargetSize                   = 64                                        {product} {ergonomic}
   size_t InitialHeapSize                          = 264241152                                 {product} {ergonomic}
   size_t MarkStackSize                            = 4194304                                   {product} {ergonomic}
   size_t MaxHeapSize                              = 4219469824                                {product} {ergonomic}
   size_t MaxNewSize                               = 2531262464                                {product} {ergonomic}
   size_t MinHeapDeltaBytes                        = 2097152                                   {product} {ergonomic}
   size_t MinHeapSize                              = 8388608                                   {product} {ergonomic}
    uintx NonNMethodCodeHeapSize                   = 5839372                                {pd product} {ergonomic}
    uintx NonProfiledCodeHeapSize                  = 122909434                              {pd product} {ergonomic}
    uintx ProfiledCodeHeapSize                     = 122909434                              {pd product} {ergonomic}
    uintx ReservedCodeCacheSize                    = 251658240                              {pd product} {ergonomic}
     bool SegmentedCodeCache                       = true                                      {product} {ergonomic}
     bool ShowCodeDetailsInExceptionMessages       = true                                   {manageable} {command line}
   size_t SoftMaxHeapSize                          = 4219469824                             {manageable} {ergonomic}
     bool UseCompressedOops                        = true                           {product lp64_product} {ergonomic}
     bool UseG1GC                                  = true                                      {product} {ergonomic}
     bool UseLargePagesIndividualAllocation        = false                                  {pd product} {ergonomic}

Logging:
Log output configuration:
 #0: stdout all=warning uptime,level,tags foldmultilines=false
 #1: stderr all=off uptime,level,tags foldmultilines=false

Environment Variables:
JAVA_HOME=C:\Program Files\Android\Android Studio\jbr
PATH=C:\Users\iratx\AppData\Local\Programs\Microsoft VS Code;C:\Program Files\Firefox Developer Edition;C:\Users\iratx\Downloads\Workspace-25\Tools\Infrastructure\geckodriver-0.35.0;C:\Program Files\Python312\Scripts\;C:\Program Files\Python312\;C:\Program Files\Common Files\Oracle\Java\javapath;C:\windows\system32;C:\windows;C:\windows\System32\Wbem;C:\windows\System32\WindowsPowerShell\v1.0\;C:\windows\System32\OpenSSH\;C:\Program Files\HP\HP One Agent;C:\Program Files\nodejs\;C:\Users\iratx\Desktop\apache-maven-3.9.9-bin;C:\Users\iratx\Desktop\apache-maven-3.9.9\bin;C:\WINDOWS\system32;C:\WINDOWS;C:\WINDOWS\System32\Wbem;C:\WINDOWS\System32\WindowsPowerShell\v1.0\;C:\WINDOWS\System32\OpenSSH\;C:\ProgramData\anaconda3\Scripts\conda.exe;C:\ProgramData\anaconda3\condabin\conda.bat;C:\Program Files\Git\cmd;C:\Program Files\Docker\Docker\resources\bin;C:\Program Files\Android\Android Studio\jbr\bin;C:\Users\iratx\AppData\Local\Programs\Python\Python311\Scripts\;C:\Users\iratx\AppData\Local\Programs\Python\Python311\;C:\Users\iratx\AppData\Local\Microsoft\WindowsApps;"C:\Program Files;C:\Winnt;C:\Winnt\System32";C:\Program Files\Microsoft MPI\bin;C:\Users\iratx\AppData\Roaming\npm;C:\Users\iratx\AppData\Local\Programs\Microsoft VS Code\bin;C:\ProgramData\anaconda3\Scripts\conda.exe;C:\ProgramData\anaconda3\condabin\conda.bat;C:\ProgramData\anaconda3\Library\bin\conda.bat;
USERNAME=iratx
OS=Windows_NT
PROCESSOR_IDENTIFIER=Intel64 Family 6 Model 154 Stepping 4, GenuineIntel
TMP=C:\Users\iratx\AppData\Local\Temp
TEMP=C:\Users\iratx\AppData\Local\Temp




Periodic native trim disabled

JNI global refs:
JNI global refs: 32, weak refs: 0

JNI global refs memory usage: 835, weak refs: 201

Process memory usage:
Resident Set Size: 159312K (0% of 16481336K total physical memory with 678644K free physical memory)

OOME stack traces (most recent first):
Classloader memory used:
Loader bootstrap                                                                       : 20127K
Loader jdk.internal.loader.ClassLoaders$AppClassLoader                                 : 7201K
Loader jdk.internal.loader.ClassLoaders$PlatformClassLoader                            : 2340K

---------------  S Y S T E M  ---------------

OS:
 Windows 11 , 64 bit Build 26100 (10.0.26100.8115)
OS uptime: 1 days 7:37 hours
Hyper-V role detected

CPU: total 12 (initial active 12) (6 cores per cpu, 2 threads per core) family 6 model 154 stepping 4 microcode 0x432, cx8, cmov, fxsr, ht, mmx, 3dnowpref, sse, sse2, sse3, ssse3, sse4.1, sse4.2, popcnt, lzcnt, tsc, tscinvbit, avx, avx2, aes, erms, clmul, bmi1, bmi2, adx, sha, fma, vzeroupper, clflush, clflushopt, clwb, hv, serialize, rdtscp, rdpid, fsrm, f16c, cet_ibt, cet_ss
Processor Information for processor 0
  Max Mhz: 1700, Current Mhz: 1700, Mhz Limit: 1700
Processor Information for processor 1
  Max Mhz: 1700, Current Mhz: 1700, Mhz Limit: 1700
Processor Information for processor 2
  Max Mhz: 1700, Current Mhz: 1700, Mhz Limit: 1700
Processor Information for processor 3
  Max Mhz: 1700, Current Mhz: 1700, Mhz Limit: 1700
Processor Information for processor 4
  Max Mhz: 1700, Current Mhz: 1200, Mhz Limit: 1190
Processor Information for processor 5
  Max Mhz: 1700, Current Mhz: 1200, Mhz Limit: 1190
Processor Information for processor 6
  Max Mhz: 1700, Current Mhz: 1200, Mhz Limit: 1190
Processor Information for processor 7
  Max Mhz: 1700, Current Mhz: 1200, Mhz Limit: 1190
Processor Information for processor 8
  Max Mhz: 1700, Current Mhz: 1200, Mhz Limit: 1190
Processor Information for processor 9
  Max Mhz: 1700, Current Mhz: 1200, Mhz Limit: 1190
Processor Information for processor 10
  Max Mhz: 1700, Current Mhz: 1200, Mhz Limit: 1190
Processor Information for processor 11
  Max Mhz: 1700, Current Mhz: 1200, Mhz Limit: 1190

Memory: 4k page, system-wide physical 16095M (663M free)
TotalPageFile size 45024M (AvailPageFile size 9M)
current process WorkingSet (physical memory assigned to process): 156M, peak: 166M
current process commit charge ("private bytes"): 192M, peak: 409M

vm_info: OpenJDK 64-Bit Server VM (21.0.8+-14196175-b1038.72) for windows-amd64 JRE (21.0.8+-14196175-b1038.72), built on 2025-10-01T10:24:33Z by "builder" with MS VC++ 16.10 / 16.11 (VS2019)

END.
